Start testing: Mar 24 23:26 EDT
----------------------------------------------------------
1/4 Testing: flake8
1/4 Test: flake8
Command: "/usr/bin/python3" "-u" "/opt/ros/humble/share/ament_cmake_test/cmake/run_test.py" "/home/ugv-c7/CodeWorkspace/UGV-Robot/ros2_humble_colcon_ws/build/app_bringup/test_results/app_bringup/flake8.xunit.xml" "--package-name" "app_bringup" "--output-file" "/home/ugv-c7/CodeWorkspace/UGV-Robot/ros2_humble_colcon_ws/build/app_bringup/ament_flake8/flake8.txt" "--command" "/opt/ros/humble/bin/ament_flake8" "--xunit-file" "/home/ugv-c7/CodeWorkspace/UGV-Robot/ros2_humble_colcon_ws/build/app_bringup/test_results/app_bringup/flake8.xunit.xml"
Directory: /home/ugv-c7/CodeWorkspace/UGV-Robot/ros2_humble_colcon_ws/src/app_bringup
"flake8" start time: Mar 24 23:26 EDT
Output:
----------------------------------------------------------
-- run_test.py: invoking following command in '/home/ugv-c7/CodeWorkspace/UGV-Robot/ros2_humble_colcon_ws/src/app_bringup':
 - /opt/ros/humble/bin/ament_flake8 --xunit-file /home/ugv-c7/CodeWorkspace/UGV-Robot/ros2_humble_colcon_ws/build/app_bringup/test_results/app_bringup/flake8.xunit.xml
def generate_launch_description():
^
	ld = LaunchDescription()
^
	publisher_node = Node(
^
		package = "py_pub_sub",
^
		package = "py_pub_sub",
		       ^
		package = "py_pub_sub",
		         ^
		package = "py_pub_sub",
		          ^
		executable = "py_pub"
^
		executable = "py_pub"
		          ^
		executable = "py_pub"
		            ^
		executable = "py_pub"
		             ^
	)
^
	subscriber_node = Node(
^
		package = "py_pub_sub",
^
		package = "py_pub_sub",
		       ^
		package = "py_pub_sub",
		         ^
		package = "py_pub_sub",
		          ^
		executable = "py_sub"
^
		executable = "py_sub"
		          ^
		executable = "py_sub"
		            ^
		executable = "py_sub"
		             ^
	)
^
	ld.add_action(publisher_node)
^
	ld.add_action(subscriber_node)
^
	
^
	
^
	return ld
^
8     E251 unexpected spaces around keyword / parameter equals
1     E302 expected 2 blank lines, found 1
4     Q000 Double quotes found but single quotes preferred
13    W191 indentation contains tabs
1     W293 blank line contains whitespace

./launch/app.launch.py:4:1: E302 expected 2 blank lines, found 1

./launch/app.launch.py:5:1: W191 indentation contains tabs

./launch/app.launch.py:7:1: W191 indentation contains tabs

./launch/app.launch.py:8:1: W191 indentation contains tabs

./launch/app.launch.py:8:10: E251 unexpected spaces around keyword / parameter equals

./launch/app.launch.py:8:12: E251 unexpected spaces around keyword / parameter equals

./launch/app.launch.py:8:13: Q000 Double quotes found but single quotes preferred

./launch/app.launch.py:9:1: W191 indentation contains tabs

./launch/app.launch.py:9:13: E251 unexpected spaces around keyword / parameter equals

./launch/app.launch.py:9:15: E251 unexpected spaces around keyword / parameter equals

./launch/app.launch.py:9:16: Q000 Double quotes found but single quotes preferred

./launch/app.launch.py:10:1: W191 indentation contains tabs

./launch/app.launch.py:12:1: W191 indentation contains tabs

./launch/app.launch.py:13:1: W191 indentation contains tabs

./launch/app.launch.py:13:10: E251 unexpected spaces around keyword / parameter equals

./launch/app.launch.py:13:12: E251 unexpected spaces around keyword / parameter equals

./launch/app.launch.py:13:13: Q000 Double quotes found but single quotes preferred

./launch/app.launch.py:14:1: W191 indentation contains tabs

./launch/app.launch.py:14:13: E251 unexpected spaces around keyword / parameter equals

./launch/app.launch.py:14:15: E251 unexpected spaces around keyword / parameter equals

./launch/app.launch.py:14:16: Q000 Double quotes found but single quotes preferred

./launch/app.launch.py:15:1: W191 indentation contains tabs

./launch/app.launch.py:17:1: W191 indentation contains tabs

./launch/app.launch.py:18:1: W191 indentation contains tabs

./launch/app.launch.py:19:1: W191 indentation contains tabs

./launch/app.launch.py:19:1: W293 blank line contains whitespace

./launch/app.launch.py:20:1: W191 indentation contains tabs


1 files checked
27 errors

'E'-type errors: 9
'Q'-type errors: 4
'W'-type errors: 14

Checked files:

* ./launch/app.launch.py
-- run_test.py: return code 1
-- run_test.py: verify result file '/home/ugv-c7/CodeWorkspace/UGV-Robot/ros2_humble_colcon_ws/build/app_bringup/test_results/app_bringup/flake8.xunit.xml'
<end of output>
Test time =   1.63 sec
----------------------------------------------------------
Test Failed.
"flake8" end time: Mar 24 23:26 EDT
"flake8" time elapsed: 00:00:01
----------------------------------------------------------

2/4 Testing: lint_cmake
2/4 Test: lint_cmake
Command: "/usr/bin/python3" "-u" "/opt/ros/humble/share/ament_cmake_test/cmake/run_test.py" "/home/ugv-c7/CodeWorkspace/UGV-Robot/ros2_humble_colcon_ws/build/app_bringup/test_results/app_bringup/lint_cmake.xunit.xml" "--package-name" "app_bringup" "--output-file" "/home/ugv-c7/CodeWorkspace/UGV-Robot/ros2_humble_colcon_ws/build/app_bringup/ament_lint_cmake/lint_cmake.txt" "--command" "/opt/ros/humble/bin/ament_lint_cmake" "--xunit-file" "/home/ugv-c7/CodeWorkspace/UGV-Robot/ros2_humble_colcon_ws/build/app_bringup/test_results/app_bringup/lint_cmake.xunit.xml"
Directory: /home/ugv-c7/CodeWorkspace/UGV-Robot/ros2_humble_colcon_ws/src/app_bringup
"lint_cmake" start time: Mar 24 23:26 EDT
Output:
----------------------------------------------------------
-- run_test.py: invoking following command in '/home/ugv-c7/CodeWorkspace/UGV-Robot/ros2_humble_colcon_ws/src/app_bringup':
 - /opt/ros/humble/bin/ament_lint_cmake --xunit-file /home/ugv-c7/CodeWorkspace/UGV-Robot/ros2_humble_colcon_ws/build/app_bringup/test_results/app_bringup/lint_cmake.xunit.xml

No problems found
-- run_test.py: return code 0
-- run_test.py: verify result file '/home/ugv-c7/CodeWorkspace/UGV-Robot/ros2_humble_colcon_ws/build/app_bringup/test_results/app_bringup/lint_cmake.xunit.xml'
<end of output>
Test time =   0.44 sec
----------------------------------------------------------
Test Passed.
"lint_cmake" end time: Mar 24 23:26 EDT
"lint_cmake" time elapsed: 00:00:00
----------------------------------------------------------

3/4 Testing: pep257
3/4 Test: pep257
Command: "/usr/bin/python3" "-u" "/opt/ros/humble/share/ament_cmake_test/cmake/run_test.py" "/home/ugv-c7/CodeWorkspace/UGV-Robot/ros2_humble_colcon_ws/build/app_bringup/test_results/app_bringup/pep257.xunit.xml" "--package-name" "app_bringup" "--output-file" "/home/ugv-c7/CodeWorkspace/UGV-Robot/ros2_humble_colcon_ws/build/app_bringup/ament_pep257/pep257.txt" "--command" "/opt/ros/humble/bin/ament_pep257" "--xunit-file" "/home/ugv-c7/CodeWorkspace/UGV-Robot/ros2_humble_colcon_ws/build/app_bringup/test_results/app_bringup/pep257.xunit.xml"
Directory: /home/ugv-c7/CodeWorkspace/UGV-Robot/ros2_humble_colcon_ws/src/app_bringup
"pep257" start time: Mar 24 23:26 EDT
Output:
----------------------------------------------------------
-- run_test.py: invoking following command in '/home/ugv-c7/CodeWorkspace/UGV-Robot/ros2_humble_colcon_ws/src/app_bringup':
 - /opt/ros/humble/bin/ament_pep257 --xunit-file /home/ugv-c7/CodeWorkspace/UGV-Robot/ros2_humble_colcon_ws/build/app_bringup/test_results/app_bringup/pep257.xunit.xml
checking ./launch/app.launch.py
No problems found
-- run_test.py: return code 0
-- run_test.py: verify result file '/home/ugv-c7/CodeWorkspace/UGV-Robot/ros2_humble_colcon_ws/build/app_bringup/test_results/app_bringup/pep257.xunit.xml'
<end of output>
Test time =   0.60 sec
----------------------------------------------------------
Test Passed.
"pep257" end time: Mar 24 23:26 EDT
"pep257" time elapsed: 00:00:00
----------------------------------------------------------

4/4 Testing: xmllint
4/4 Test: xmllint
Command: "/usr/bin/python3" "-u" "/opt/ros/humble/share/ament_cmake_test/cmake/run_test.py" "/home/ugv-c7/CodeWorkspace/UGV-Robot/ros2_humble_colcon_ws/build/app_bringup/test_results/app_bringup/xmllint.xunit.xml" "--package-name" "app_bringup" "--output-file" "/home/ugv-c7/CodeWorkspace/UGV-Robot/ros2_humble_colcon_ws/build/app_bringup/ament_xmllint/xmllint.txt" "--command" "/opt/ros/humble/bin/ament_xmllint" "--xunit-file" "/home/ugv-c7/CodeWorkspace/UGV-Robot/ros2_humble_colcon_ws/build/app_bringup/test_results/app_bringup/xmllint.xunit.xml"
Directory: /home/ugv-c7/CodeWorkspace/UGV-Robot/ros2_humble_colcon_ws/src/app_bringup
"xmllint" start time: Mar 24 23:26 EDT
Output:
----------------------------------------------------------
-- run_test.py: invoking following command in '/home/ugv-c7/CodeWorkspace/UGV-Robot/ros2_humble_colcon_ws/src/app_bringup':
 - /opt/ros/humble/bin/ament_xmllint --xunit-file /home/ugv-c7/CodeWorkspace/UGV-Robot/ros2_humble_colcon_ws/build/app_bringup/test_results/app_bringup/xmllint.xunit.xml
File 'package.xml' is valid

No problems found
-- run_test.py: return code 0
-- run_test.py: verify result file '/home/ugv-c7/CodeWorkspace/UGV-Robot/ros2_humble_colcon_ws/build/app_bringup/test_results/app_bringup/xmllint.xunit.xml'
<end of output>
Test time =   0.53 sec
----------------------------------------------------------
Test Passed.
"xmllint" end time: Mar 24 23:26 EDT
"xmllint" time elapsed: 00:00:00
----------------------------------------------------------

End testing: Mar 24 23:26 EDT

flake8 =   1.63 sec*proc

lint_cmake =   0.44 sec*proc

linter =   3.19 sec*proc

pep257 =   0.60 sec*proc

xmllint =   0.53 sec*proc

