<?xml version="1.0" encoding="UTF-8"?>
<Site BuildName="(empty)"
	BuildStamp="20250325-0326-Experimental"
	Name="UGV-C7-Jetson"
	Generator="ctest-3.22.1"
	CompilerName="/usr/bin/c++"
	CompilerVersion="11.4.0"
	OSName="Linux"
	Hostname="UGV-C7-Jetson"
	OSRelease="5.15.148-tegra"
	OSVersion="#1 SMP PREEMPT Tue Jan 7 17:14:38 PST 2025"
	OSPlatform="aarch64"
	Is64Bits="1"
	VendorString=""
	VendorID="Unknown Manufacturer"
	FamilyID="8"
	ModelID="0"
	ProcessorCacheSize="0"
	NumberOfLogicalCPU="6"
	NumberOfPhysicalCPU="1"
	TotalVirtualMemory="3809"
	TotalPhysicalMemory="7619"
	LogicalProcessorsPerPhysical="6"
	ProcessorClockFrequency="0"
	>
	<Testing>
		<StartDateTime>Mar 24 23:26 EDT</StartDateTime>
		<StartTestTime>1742873172</StartTestTime>
		<TestList>
			<Test>./flake8</Test>
			<Test>./lint_cmake</Test>
			<Test>./pep257</Test>
			<Test>./xmllint</Test>
		</TestList>
		<Test Status="failed">
			<Name>flake8</Name>
			<Path>.</Path>
			<FullName>./flake8</FullName>
			<FullCommandLine>/usr/bin/python3 "-u" "/opt/ros/humble/share/ament_cmake_test/cmake/run_test.py" "/home/ugv-c7/CodeWorkspace/UGV-Robot/ros2_humble_colcon_ws/build/app_bringup/test_results/app_bringup/flake8.xunit.xml" "--package-name" "app_bringup" "--output-file" "/home/ugv-c7/CodeWorkspace/UGV-Robot/ros2_humble_colcon_ws/build/app_bringup/ament_flake8/flake8.txt" "--command" "/opt/ros/humble/bin/ament_flake8" "--xunit-file" "/home/ugv-c7/CodeWorkspace/UGV-Robot/ros2_humble_colcon_ws/build/app_bringup/test_results/app_bringup/flake8.xunit.xml"</FullCommandLine>
			<Results>
				<NamedMeasurement type="text/string" name="Exit Code">
					<Value>Failed</Value>
				</NamedMeasurement>
				<NamedMeasurement type="text/string" name="Exit Value">
					<Value>1</Value>
				</NamedMeasurement>
				<NamedMeasurement type="numeric/double" name="Execution Time">
					<Value>1.62961</Value>
				</NamedMeasurement>
				<NamedMeasurement type="numeric/double" name="Processors">
					<Value>1</Value>
				</NamedMeasurement>
				<NamedMeasurement type="text/string" name="Completion Status">
					<Value>Completed</Value>
				</NamedMeasurement>
				<NamedMeasurement type="text/string" name="Command Line">
					<Value>/usr/bin/python3 "-u" "/opt/ros/humble/share/ament_cmake_test/cmake/run_test.py" "/home/ugv-c7/CodeWorkspace/UGV-Robot/ros2_humble_colcon_ws/build/app_bringup/test_results/app_bringup/flake8.xunit.xml" "--package-name" "app_bringup" "--output-file" "/home/ugv-c7/CodeWorkspace/UGV-Robot/ros2_humble_colcon_ws/build/app_bringup/ament_flake8/flake8.txt" "--command" "/opt/ros/humble/bin/ament_flake8" "--xunit-file" "/home/ugv-c7/CodeWorkspace/UGV-Robot/ros2_humble_colcon_ws/build/app_bringup/test_results/app_bringup/flake8.xunit.xml"</Value>
				</NamedMeasurement>
				<NamedMeasurement type="text/string" name="Environment">
					<Value>#CTEST_RESOURCE_GROUP_COUNT=</Value>
				</NamedMeasurement>
				<Measurement>
					<Value>-- run_test.py: invoking following command in '/home/ugv-c7/CodeWorkspace/UGV-Robot/ros2_humble_colcon_ws/src/app_bringup':
 - /opt/ros/humble/bin/ament_flake8 --xunit-file /home/ugv-c7/CodeWorkspace/UGV-Robot/ros2_humble_colcon_ws/build/app_bringup/test_results/app_bringup/flake8.xunit.xml
def generate_launch_description():
^
	ld = LaunchDescription()
^
	publisher_node = Node(
^
		package = "py_pub_sub",
^
		package = "py_pub_sub",
		       ^
		package = "py_pub_sub",
		         ^
		package = "py_pub_sub",
		          ^
		executable = "py_pub"
^
		executable = "py_pub"
		          ^
		executable = "py_pub"
		            ^
		executable = "py_pub"
		             ^
	)
^
	subscriber_node = Node(
^
		package = "py_pub_sub",
^
		package = "py_pub_sub",
		       ^
		package = "py_pub_sub",
		         ^
		package = "py_pub_sub",
		          ^
		executable = "py_sub"
^
		executable = "py_sub"
		          ^
		executable = "py_sub"
		            ^
		executable = "py_sub"
		             ^
	)
^
	ld.add_action(publisher_node)
^
	ld.add_action(subscriber_node)
^
	
^
	
^
	return ld
^
8     E251 unexpected spaces around keyword / parameter equals
1     E302 expected 2 blank lines, found 1
4     Q000 Double quotes found but single quotes preferred
13    W191 indentation contains tabs
1     W293 blank line contains whitespace

./launch/app.launch.py:4:1: E302 expected 2 blank lines, found 1

./launch/app.launch.py:5:1: W191 indentation contains tabs

./launch/app.launch.py:7:1: W191 indentation contains tabs

./launch/app.launch.py:8:1: W191 indentation contains tabs

./launch/app.launch.py:8:10: E251 unexpected spaces around keyword / parameter equals

./launch/app.launch.py:8:12: E251 unexpected spaces around keyword / parameter equals

./launch/app.launch.py:8:13: Q000 Double quotes found but single quotes preferred

./launch/app.launch.py:9:1: W191 indentation contains tabs

./launch/app.launch.py:9:13: E251 unexpected spaces around keyword / parameter equals

./launch/app.launch.py:9:15: E251 unexpected spaces around keyword / parameter equals

./launch/app.launch.py:9:16: Q000 Double quotes found but single quotes preferred

./launch/app.launch.py:10:1: W191 indentation contains tabs

./launch/app.launch.py:12:1: W191 indentation contains tabs

./launch/app.launch.py:13:1: W191 indentation contains tabs

./launch/app.launch.py:13:10: E251 unexpected spaces around keyword / parameter equals

./launch/app.launch.py:13:12: E251 unexpected spaces around keyword / parameter equals

./launch/app.launch.py:13:13: Q000 Double quotes found but single quotes preferred

./launch/app.launch.py:14:1: W191 indentation contains tabs

./launch/app.launch.py:14:13: E251 unexpected spaces around keyword / parameter equals

./launch/app.launch.py:14:15: E251 unexpected spaces around keyword / parameter equals

./launch/app.launch.py:14:16: Q000 Double quotes found but single quotes preferred

./launch/app.launch.py:15:1: W191 indentation contains tabs

./launch/app.launch.py:17:1: W191 indentation contains tabs

./launch/app.launch.py:18:1: W191 indentation contains tabs

./launch/app.launch.py:19:1: W191 indentation contains tabs

./launch/app.launch.py:19:1: W293 blank line contains whitespace

./launch/app.launch.py:20:1: W191 indentation contains tabs


1 files checked
27 errors

'E'-type errors: 9
'Q'-type errors: 4
'W'-type errors: 14

Checked files:

* ./launch/app.launch.py
-- run_test.py: return code 1
-- run_test.py: verify result file '/home/ugv-c7/CodeWorkspace/UGV-Robot/ros2_humble_colcon_ws/build/app_bringup/test_results/app_bringup/flake8.xunit.xml'
</Value>
				</Measurement>
			</Results>
			<Labels>
				<Label>flake8</Label>
				<Label>linter</Label>
			</Labels>
		</Test>
		<Test Status="passed">
			<Name>lint_cmake</Name>
			<Path>.</Path>
			<FullName>./lint_cmake</FullName>
			<FullCommandLine>/usr/bin/python3 "-u" "/opt/ros/humble/share/ament_cmake_test/cmake/run_test.py" "/home/ugv-c7/CodeWorkspace/UGV-Robot/ros2_humble_colcon_ws/build/app_bringup/test_results/app_bringup/lint_cmake.xunit.xml" "--package-name" "app_bringup" "--output-file" "/home/ugv-c7/CodeWorkspace/UGV-Robot/ros2_humble_colcon_ws/build/app_bringup/ament_lint_cmake/lint_cmake.txt" "--command" "/opt/ros/humble/bin/ament_lint_cmake" "--xunit-file" "/home/ugv-c7/CodeWorkspace/UGV-Robot/ros2_humble_colcon_ws/build/app_bringup/test_results/app_bringup/lint_cmake.xunit.xml"</FullCommandLine>
			<Results>
				<NamedMeasurement type="numeric/double" name="Execution Time">
					<Value>0.439711</Value>
				</NamedMeasurement>
				<NamedMeasurement type="numeric/double" name="Processors">
					<Value>1</Value>
				</NamedMeasurement>
				<NamedMeasurement type="text/string" name="Completion Status">
					<Value>Completed</Value>
				</NamedMeasurement>
				<NamedMeasurement type="text/string" name="Command Line">
					<Value>/usr/bin/python3 "-u" "/opt/ros/humble/share/ament_cmake_test/cmake/run_test.py" "/home/ugv-c7/CodeWorkspace/UGV-Robot/ros2_humble_colcon_ws/build/app_bringup/test_results/app_bringup/lint_cmake.xunit.xml" "--package-name" "app_bringup" "--output-file" "/home/ugv-c7/CodeWorkspace/UGV-Robot/ros2_humble_colcon_ws/build/app_bringup/ament_lint_cmake/lint_cmake.txt" "--command" "/opt/ros/humble/bin/ament_lint_cmake" "--xunit-file" "/home/ugv-c7/CodeWorkspace/UGV-Robot/ros2_humble_colcon_ws/build/app_bringup/test_results/app_bringup/lint_cmake.xunit.xml"</Value>
				</NamedMeasurement>
				<NamedMeasurement type="text/string" name="Environment">
					<Value>#CTEST_RESOURCE_GROUP_COUNT=</Value>
				</NamedMeasurement>
				<Measurement>
					<Value>-- run_test.py: invoking following command in '/home/ugv-c7/CodeWorkspace/UGV-Robot/ros2_humble_colcon_ws/src/app_bringup':
 - /opt/ros/humble/bin/ament_lint_cmake --xunit-file /home/ugv-c7/CodeWorkspace/UGV-Robot/ros2_humble_colcon_ws/build/app_bringup/test_results/app_bringup/lint_cmake.xunit.xml

No problems found
-- run_test.py: return code 0
-- run_test.py: verify result file '/home/ugv-c7/CodeWorkspace/UGV-Robot/ros2_humble_colcon_ws/build/app_bringup/test_results/app_bringup/lint_cmake.xunit.xml'
</Value>
				</Measurement>
			</Results>
			<Labels>
				<Label>lint_cmake</Label>
				<Label>linter</Label>
			</Labels>
		</Test>
		<Test Status="passed">
			<Name>pep257</Name>
			<Path>.</Path>
			<FullName>./pep257</FullName>
			<FullCommandLine>/usr/bin/python3 "-u" "/opt/ros/humble/share/ament_cmake_test/cmake/run_test.py" "/home/ugv-c7/CodeWorkspace/UGV-Robot/ros2_humble_colcon_ws/build/app_bringup/test_results/app_bringup/pep257.xunit.xml" "--package-name" "app_bringup" "--output-file" "/home/ugv-c7/CodeWorkspace/UGV-Robot/ros2_humble_colcon_ws/build/app_bringup/ament_pep257/pep257.txt" "--command" "/opt/ros/humble/bin/ament_pep257" "--xunit-file" "/home/ugv-c7/CodeWorkspace/UGV-Robot/ros2_humble_colcon_ws/build/app_bringup/test_results/app_bringup/pep257.xunit.xml"</FullCommandLine>
			<Results>
				<NamedMeasurement type="numeric/double" name="Execution Time">
					<Value>0.595949</Value>
				</NamedMeasurement>
				<NamedMeasurement type="numeric/double" name="Processors">
					<Value>1</Value>
				</NamedMeasurement>
				<NamedMeasurement type="text/string" name="Completion Status">
					<Value>Completed</Value>
				</NamedMeasurement>
				<NamedMeasurement type="text/string" name="Command Line">
					<Value>/usr/bin/python3 "-u" "/opt/ros/humble/share/ament_cmake_test/cmake/run_test.py" "/home/ugv-c7/CodeWorkspace/UGV-Robot/ros2_humble_colcon_ws/build/app_bringup/test_results/app_bringup/pep257.xunit.xml" "--package-name" "app_bringup" "--output-file" "/home/ugv-c7/CodeWorkspace/UGV-Robot/ros2_humble_colcon_ws/build/app_bringup/ament_pep257/pep257.txt" "--command" "/opt/ros/humble/bin/ament_pep257" "--xunit-file" "/home/ugv-c7/CodeWorkspace/UGV-Robot/ros2_humble_colcon_ws/build/app_bringup/test_results/app_bringup/pep257.xunit.xml"</Value>
				</NamedMeasurement>
				<NamedMeasurement type="text/string" name="Environment">
					<Value>#CTEST_RESOURCE_GROUP_COUNT=</Value>
				</NamedMeasurement>
				<Measurement>
					<Value>-- run_test.py: invoking following command in '/home/ugv-c7/CodeWorkspace/UGV-Robot/ros2_humble_colcon_ws/src/app_bringup':
 - /opt/ros/humble/bin/ament_pep257 --xunit-file /home/ugv-c7/CodeWorkspace/UGV-Robot/ros2_humble_colcon_ws/build/app_bringup/test_results/app_bringup/pep257.xunit.xml
checking ./launch/app.launch.py
No problems found
-- run_test.py: return code 0
-- run_test.py: verify result file '/home/ugv-c7/CodeWorkspace/UGV-Robot/ros2_humble_colcon_ws/build/app_bringup/test_results/app_bringup/pep257.xunit.xml'
</Value>
				</Measurement>
			</Results>
			<Labels>
				<Label>linter</Label>
				<Label>pep257</Label>
			</Labels>
		</Test>
		<Test Status="passed">
			<Name>xmllint</Name>
			<Path>.</Path>
			<FullName>./xmllint</FullName>
			<FullCommandLine>/usr/bin/python3 "-u" "/opt/ros/humble/share/ament_cmake_test/cmake/run_test.py" "/home/ugv-c7/CodeWorkspace/UGV-Robot/ros2_humble_colcon_ws/build/app_bringup/test_results/app_bringup/xmllint.xunit.xml" "--package-name" "app_bringup" "--output-file" "/home/ugv-c7/CodeWorkspace/UGV-Robot/ros2_humble_colcon_ws/build/app_bringup/ament_xmllint/xmllint.txt" "--command" "/opt/ros/humble/bin/ament_xmllint" "--xunit-file" "/home/ugv-c7/CodeWorkspace/UGV-Robot/ros2_humble_colcon_ws/build/app_bringup/test_results/app_bringup/xmllint.xunit.xml"</FullCommandLine>
			<Results>
				<NamedMeasurement type="numeric/double" name="Execution Time">
					<Value>0.529527</Value>
				</NamedMeasurement>
				<NamedMeasurement type="numeric/double" name="Processors">
					<Value>1</Value>
				</NamedMeasurement>
				<NamedMeasurement type="text/string" name="Completion Status">
					<Value>Completed</Value>
				</NamedMeasurement>
				<NamedMeasurement type="text/string" name="Command Line">
					<Value>/usr/bin/python3 "-u" "/opt/ros/humble/share/ament_cmake_test/cmake/run_test.py" "/home/ugv-c7/CodeWorkspace/UGV-Robot/ros2_humble_colcon_ws/build/app_bringup/test_results/app_bringup/xmllint.xunit.xml" "--package-name" "app_bringup" "--output-file" "/home/ugv-c7/CodeWorkspace/UGV-Robot/ros2_humble_colcon_ws/build/app_bringup/ament_xmllint/xmllint.txt" "--command" "/opt/ros/humble/bin/ament_xmllint" "--xunit-file" "/home/ugv-c7/CodeWorkspace/UGV-Robot/ros2_humble_colcon_ws/build/app_bringup/test_results/app_bringup/xmllint.xunit.xml"</Value>
				</NamedMeasurement>
				<NamedMeasurement type="text/string" name="Environment">
					<Value>#CTEST_RESOURCE_GROUP_COUNT=</Value>
				</NamedMeasurement>
				<Measurement>
					<Value>-- run_test.py: invoking following command in '/home/ugv-c7/CodeWorkspace/UGV-Robot/ros2_humble_colcon_ws/src/app_bringup':
 - /opt/ros/humble/bin/ament_xmllint --xunit-file /home/ugv-c7/CodeWorkspace/UGV-Robot/ros2_humble_colcon_ws/build/app_bringup/test_results/app_bringup/xmllint.xunit.xml
File 'package.xml' is valid

No problems found
-- run_test.py: return code 0
-- run_test.py: verify result file '/home/ugv-c7/CodeWorkspace/UGV-Robot/ros2_humble_colcon_ws/build/app_bringup/test_results/app_bringup/xmllint.xunit.xml'
</Value>
				</Measurement>
			</Results>
			<Labels>
				<Label>linter</Label>
				<Label>xmllint</Label>
			</Labels>
		</Test>
		<EndDateTime>Mar 24 23:26 EDT</EndDateTime>
		<EndTestTime>1742873175</EndTestTime>
		<ElapsedMinutes>0</ElapsedMinutes>
	</Testing>
</Site>
