<?xml version="1.0" encoding="utf-8"?><testsuites><testsuite name="pytest" errors="0" failures="0" skipped="0" tests="3" time="0.167" timestamp="2025-03-24T23:26:12.949925" hostname="UGV-C7-Jetson"><testcase classname="srdfdom.src.srdfdom.test.test.TestSRDFParser" name="test_complex_srdf" time="0.008" /><testcase classname="srdfdom.src.srdfdom.test.test.TestSRDFParser" name="test_full_srdf" time="0.011" /><testcase classname="srdfdom.src.srdfdom.test.test.TestSRDFParser" name="test_simple_srdf" time="0.005" /></testsuite></testsuites>