<?xml version="1.0" encoding="utf-8"?><testsuites><testsuite name="pytest" errors="0" failures="0" skipped="0" tests="3" time="1.074" timestamp="2025-03-24T23:26:12.944317" hostname="UGV-C7-Jetson"><testcase classname="launch_param_builder.test.test_copyright" name="test_copyright" time="0.864" /><testcase classname="launch_param_builder.test.test_launch_param_builder" name="test_builder" time="0.036" /><testcase classname="launch_param_builder.test.test_parameter_injection" name="test_parameter_injection" time="0.007" /></testsuite></testsuites>