Start testing: Mar 24 23:26 EDT
----------------------------------------------------------
1/5 Testing: test_node_parameters
1/5 Test: test_node_parameters
Command: "/usr/bin/python3" "-u" "/opt/ros/humble/share/ament_cmake_test/cmake/run_test.py" "/home/ugv-c7/CodeWorkspace/UGV-Robot/ros2_humble_colcon_ws/build/rosparam_shortcuts/test_results/rosparam_shortcuts/test_node_parameters.gtest.xml" "--package-name" "rosparam_shortcuts" "--output-file" "/home/ugv-c7/CodeWorkspace/UGV-Robot/ros2_humble_colcon_ws/build/rosparam_shortcuts/ament_cmake_gtest/test_node_parameters.txt" "--command" "/home/ugv-c7/CodeWorkspace/UGV-Robot/ros2_humble_colcon_ws/build/rosparam_shortcuts/test_node_parameters" "--gtest_output=xml:/home/ugv-c7/CodeWorkspace/UGV-Robot/ros2_humble_colcon_ws/build/rosparam_shortcuts/test_results/rosparam_shortcuts/test_node_parameters.gtest.xml"
Directory: /home/ugv-c7/CodeWorkspace/UGV-Robot/ros2_humble_colcon_ws/build/rosparam_shortcuts
"test_node_parameters" start time: Mar 24 23:26 EDT
Output:
----------------------------------------------------------
-- run_test.py: invoking following command in '/home/ugv-c7/CodeWorkspace/UGV-Robot/ros2_humble_colcon_ws/build/rosparam_shortcuts':
 - /home/ugv-c7/CodeWorkspace/UGV-Robot/ros2_humble_colcon_ws/build/rosparam_shortcuts/test_node_parameters --gtest_output=xml:/home/ugv-c7/CodeWorkspace/UGV-Robot/ros2_humble_colcon_ws/build/rosparam_shortcuts/test_results/rosparam_shortcuts/test_node_parameters.gtest.xml
[==========] Running 1 test from 1 test suite.
[----------] Global test environment set-up.
[----------] 1 test from TestNodeParameters
[ RUN      ] TestNodeParameters.TestParameters
[       OK ] TestNodeParameters.TestParameters (56 ms)
[----------] 1 test from TestNodeParameters (57 ms total)

[----------] Global test environment tear-down
[==========] 1 test from 1 test suite ran. (58 ms total)
[  PASSED  ] 1 test.
-- run_test.py: return code 0
-- run_test.py: inject classname prefix into gtest result file '/home/ugv-c7/CodeWorkspace/UGV-Robot/ros2_humble_colcon_ws/build/rosparam_shortcuts/test_results/rosparam_shortcuts/test_node_parameters.gtest.xml'
-- run_test.py: verify result file '/home/ugv-c7/CodeWorkspace/UGV-Robot/ros2_humble_colcon_ws/build/rosparam_shortcuts/test_results/rosparam_shortcuts/test_node_parameters.gtest.xml'
<end of output>
Test time =   0.59 sec
----------------------------------------------------------
Test Passed.
"test_node_parameters" end time: Mar 24 23:26 EDT
"test_node_parameters" time elapsed: 00:00:00
----------------------------------------------------------

2/5 Testing: copyright
2/5 Test: copyright
Command: "/usr/bin/python3" "-u" "/opt/ros/humble/share/ament_cmake_test/cmake/run_test.py" "/home/ugv-c7/CodeWorkspace/UGV-Robot/ros2_humble_colcon_ws/build/rosparam_shortcuts/test_results/rosparam_shortcuts/copyright.xunit.xml" "--package-name" "rosparam_shortcuts" "--output-file" "/home/ugv-c7/CodeWorkspace/UGV-Robot/ros2_humble_colcon_ws/build/rosparam_shortcuts/ament_copyright/copyright.txt" "--command" "/opt/ros/humble/bin/ament_copyright" "--xunit-file" "/home/ugv-c7/CodeWorkspace/UGV-Robot/ros2_humble_colcon_ws/build/rosparam_shortcuts/test_results/rosparam_shortcuts/copyright.xunit.xml"
Directory: /home/ugv-c7/CodeWorkspace/UGV-Robot/ros2_humble_colcon_ws/src/rosparam_shortcuts
"copyright" start time: Mar 24 23:26 EDT
Output:
----------------------------------------------------------
-- run_test.py: invoking following command in '/home/ugv-c7/CodeWorkspace/UGV-Robot/ros2_humble_colcon_ws/src/rosparam_shortcuts':
 - /opt/ros/humble/bin/ament_copyright --xunit-file /home/ugv-c7/CodeWorkspace/UGV-Robot/ros2_humble_colcon_ws/build/rosparam_shortcuts/test_results/rosparam_shortcuts/copyright.xunit.xml
No problems found, checked 10 files
-- run_test.py: return code 0
-- run_test.py: verify result file '/home/ugv-c7/CodeWorkspace/UGV-Robot/ros2_humble_colcon_ws/build/rosparam_shortcuts/test_results/rosparam_shortcuts/copyright.xunit.xml'
<end of output>
Test time =   1.32 sec
----------------------------------------------------------
Test Passed.
"copyright" end time: Mar 24 23:26 EDT
"copyright" time elapsed: 00:00:01
----------------------------------------------------------

3/5 Testing: lint_cmake
3/5 Test: lint_cmake
Command: "/usr/bin/python3" "-u" "/opt/ros/humble/share/ament_cmake_test/cmake/run_test.py" "/home/ugv-c7/CodeWorkspace/UGV-Robot/ros2_humble_colcon_ws/build/rosparam_shortcuts/test_results/rosparam_shortcuts/lint_cmake.xunit.xml" "--package-name" "rosparam_shortcuts" "--output-file" "/home/ugv-c7/CodeWorkspace/UGV-Robot/ros2_humble_colcon_ws/build/rosparam_shortcuts/ament_lint_cmake/lint_cmake.txt" "--command" "/opt/ros/humble/bin/ament_lint_cmake" "--xunit-file" "/home/ugv-c7/CodeWorkspace/UGV-Robot/ros2_humble_colcon_ws/build/rosparam_shortcuts/test_results/rosparam_shortcuts/lint_cmake.xunit.xml"
Directory: /home/ugv-c7/CodeWorkspace/UGV-Robot/ros2_humble_colcon_ws/src/rosparam_shortcuts
"lint_cmake" start time: Mar 24 23:26 EDT
Output:
----------------------------------------------------------
-- run_test.py: invoking following command in '/home/ugv-c7/CodeWorkspace/UGV-Robot/ros2_humble_colcon_ws/src/rosparam_shortcuts':
 - /opt/ros/humble/bin/ament_lint_cmake --xunit-file /home/ugv-c7/CodeWorkspace/UGV-Robot/ros2_humble_colcon_ws/build/rosparam_shortcuts/test_results/rosparam_shortcuts/lint_cmake.xunit.xml

No problems found
-- run_test.py: return code 0
-- run_test.py: verify result file '/home/ugv-c7/CodeWorkspace/UGV-Robot/ros2_humble_colcon_ws/build/rosparam_shortcuts/test_results/rosparam_shortcuts/lint_cmake.xunit.xml'
<end of output>
Test time =   0.40 sec
----------------------------------------------------------
Test Passed.
"lint_cmake" end time: Mar 24 23:26 EDT
"lint_cmake" time elapsed: 00:00:00
----------------------------------------------------------

4/5 Testing: pep257
4/5 Test: pep257
Command: "/usr/bin/python3" "-u" "/opt/ros/humble/share/ament_cmake_test/cmake/run_test.py" "/home/ugv-c7/CodeWorkspace/UGV-Robot/ros2_humble_colcon_ws/build/rosparam_shortcuts/test_results/rosparam_shortcuts/pep257.xunit.xml" "--package-name" "rosparam_shortcuts" "--output-file" "/home/ugv-c7/CodeWorkspace/UGV-Robot/ros2_humble_colcon_ws/build/rosparam_shortcuts/ament_pep257/pep257.txt" "--command" "/opt/ros/humble/bin/ament_pep257" "--xunit-file" "/home/ugv-c7/CodeWorkspace/UGV-Robot/ros2_humble_colcon_ws/build/rosparam_shortcuts/test_results/rosparam_shortcuts/pep257.xunit.xml"
Directory: /home/ugv-c7/CodeWorkspace/UGV-Robot/ros2_humble_colcon_ws/src/rosparam_shortcuts
"pep257" start time: Mar 24 23:26 EDT
Output:
----------------------------------------------------------
-- run_test.py: invoking following command in '/home/ugv-c7/CodeWorkspace/UGV-Robot/ros2_humble_colcon_ws/src/rosparam_shortcuts':
 - /opt/ros/humble/bin/ament_pep257 --xunit-file /home/ugv-c7/CodeWorkspace/UGV-Robot/ros2_humble_colcon_ws/build/rosparam_shortcuts/test_results/rosparam_shortcuts/pep257.xunit.xml
checking ./launch/example.launch.py
No problems found
-- run_test.py: return code 0
-- run_test.py: verify result file '/home/ugv-c7/CodeWorkspace/UGV-Robot/ros2_humble_colcon_ws/build/rosparam_shortcuts/test_results/rosparam_shortcuts/pep257.xunit.xml'
<end of output>
Test time =   0.53 sec
----------------------------------------------------------
Test Passed.
"pep257" end time: Mar 24 23:26 EDT
"pep257" time elapsed: 00:00:00
----------------------------------------------------------

5/5 Testing: xmllint
5/5 Test: xmllint
Command: "/usr/bin/python3" "-u" "/opt/ros/humble/share/ament_cmake_test/cmake/run_test.py" "/home/ugv-c7/CodeWorkspace/UGV-Robot/ros2_humble_colcon_ws/build/rosparam_shortcuts/test_results/rosparam_shortcuts/xmllint.xunit.xml" "--package-name" "rosparam_shortcuts" "--output-file" "/home/ugv-c7/CodeWorkspace/UGV-Robot/ros2_humble_colcon_ws/build/rosparam_shortcuts/ament_xmllint/xmllint.txt" "--command" "/opt/ros/humble/bin/ament_xmllint" "--xunit-file" "/home/ugv-c7/CodeWorkspace/UGV-Robot/ros2_humble_colcon_ws/build/rosparam_shortcuts/test_results/rosparam_shortcuts/xmllint.xunit.xml"
Directory: /home/ugv-c7/CodeWorkspace/UGV-Robot/ros2_humble_colcon_ws/src/rosparam_shortcuts
"xmllint" start time: Mar 24 23:26 EDT
Output:
----------------------------------------------------------
-- run_test.py: invoking following command in '/home/ugv-c7/CodeWorkspace/UGV-Robot/ros2_humble_colcon_ws/src/rosparam_shortcuts':
 - /opt/ros/humble/bin/ament_xmllint --xunit-file /home/ugv-c7/CodeWorkspace/UGV-Robot/ros2_humble_colcon_ws/build/rosparam_shortcuts/test_results/rosparam_shortcuts/xmllint.xunit.xml
File 'package.xml' is valid

No problems found
-- run_test.py: return code 0
-- run_test.py: verify result file '/home/ugv-c7/CodeWorkspace/UGV-Robot/ros2_humble_colcon_ws/build/rosparam_shortcuts/test_results/rosparam_shortcuts/xmllint.xunit.xml'
<end of output>
Test time =   0.42 sec
----------------------------------------------------------
Test Passed.
"xmllint" end time: Mar 24 23:26 EDT
"xmllint" time elapsed: 00:00:00
----------------------------------------------------------

End testing: Mar 24 23:26 EDT

copyright =   1.32 sec*proc

gtest =   0.59 sec*proc

lint_cmake =   0.40 sec*proc

linter =   2.67 sec*proc

pep257 =   0.53 sec*proc

xmllint =   0.42 sec*proc

