<?xml version="1.0" encoding="UTF-8"?>
<Site BuildName="(empty)"
	BuildStamp="20250325-0326-Experimental"
	Name="UGV-C7-Jetson"
	Generator="ctest-3.22.1"
	CompilerName="/usr/bin/c++"
	CompilerVersion="11.4.0"
	OSName="Linux"
	Hostname="UGV-C7-Jetson"
	OSRelease="5.15.148-tegra"
	OSVersion="#1 SMP PREEMPT Tue Jan 7 17:14:38 PST 2025"
	OSPlatform="aarch64"
	Is64Bits="1"
	VendorString=""
	VendorID="Unknown Manufacturer"
	FamilyID="8"
	ModelID="0"
	ProcessorCacheSize="0"
	NumberOfLogicalCPU="6"
	NumberOfPhysicalCPU="1"
	TotalVirtualMemory="3809"
	TotalPhysicalMemory="7619"
	LogicalProcessorsPerPhysical="6"
	ProcessorClockFrequency="0"
	>
	<Testing>
		<StartDateTime>Mar 24 23:26 EDT</StartDateTime>
		<StartTestTime>1742873171</StartTestTime>
		<TestList>
			<Test>./self_parser_test</Test>
			<Test>./test_cpp_C</Test>
			<Test>./test_cpp_nl_NL.UTF-8</Test>
		</TestList>
		<Test Status="passed">
			<Name>self_parser_test</Name>
			<Path>.</Path>
			<FullName>./self_parser_test</FullName>
			<FullCommandLine>/usr/bin/python3 "-u" "/opt/ros/humble/share/ament_cmake_test/cmake/run_test.py" "/home/ugv-c7/CodeWorkspace/UGV-Robot/ros2_humble_colcon_ws/build/srdfdom/test_results/srdfdom/self_parser_test.xunit.xml" "--package-name" "srdfdom" "--output-file" "/home/ugv-c7/CodeWorkspace/UGV-Robot/ros2_humble_colcon_ws/build/srdfdom/ament_cmake_pytest/self_parser_test.txt" "--command" "/usr/bin/python3" "-u" "-m" "pytest" "/home/ugv-c7/CodeWorkspace/UGV-Robot/ros2_humble_colcon_ws/src/srdfdom/test/test.py" "-o" "cache_dir=/home/ugv-c7/CodeWorkspace/UGV-Robot/ros2_humble_colcon_ws/build/srdfdom/ament_cmake_pytest/self_parser_test/.cache" "--junit-xml=/home/ugv-c7/CodeWorkspace/UGV-Robot/ros2_humble_colcon_ws/build/srdfdom/test_results/srdfdom/self_parser_test.xunit.xml" "--junit-prefix=srdfdom"</FullCommandLine>
			<Results>
				<NamedMeasurement type="numeric/double" name="Execution Time">
					<Value>2.14624</Value>
				</NamedMeasurement>
				<NamedMeasurement type="numeric/double" name="Processors">
					<Value>1</Value>
				</NamedMeasurement>
				<NamedMeasurement type="text/string" name="Completion Status">
					<Value>Completed</Value>
				</NamedMeasurement>
				<NamedMeasurement type="text/string" name="Command Line">
					<Value>/usr/bin/python3 "-u" "/opt/ros/humble/share/ament_cmake_test/cmake/run_test.py" "/home/ugv-c7/CodeWorkspace/UGV-Robot/ros2_humble_colcon_ws/build/srdfdom/test_results/srdfdom/self_parser_test.xunit.xml" "--package-name" "srdfdom" "--output-file" "/home/ugv-c7/CodeWorkspace/UGV-Robot/ros2_humble_colcon_ws/build/srdfdom/ament_cmake_pytest/self_parser_test.txt" "--command" "/usr/bin/python3" "-u" "-m" "pytest" "/home/ugv-c7/CodeWorkspace/UGV-Robot/ros2_humble_colcon_ws/src/srdfdom/test/test.py" "-o" "cache_dir=/home/ugv-c7/CodeWorkspace/UGV-Robot/ros2_humble_colcon_ws/build/srdfdom/ament_cmake_pytest/self_parser_test/.cache" "--junit-xml=/home/ugv-c7/CodeWorkspace/UGV-Robot/ros2_humble_colcon_ws/build/srdfdom/test_results/srdfdom/self_parser_test.xunit.xml" "--junit-prefix=srdfdom"</Value>
				</NamedMeasurement>
				<NamedMeasurement type="text/string" name="Environment">
					<Value>#CTEST_RESOURCE_GROUP_COUNT=</Value>
				</NamedMeasurement>
				<Measurement>
					<Value>-- run_test.py: invoking following command in '/home/ugv-c7/CodeWorkspace/UGV-Robot/ros2_humble_colcon_ws/build/srdfdom':
 - /usr/bin/python3 -u -m pytest /home/ugv-c7/CodeWorkspace/UGV-Robot/ros2_humble_colcon_ws/src/srdfdom/test/test.py -o cache_dir=/home/ugv-c7/CodeWorkspace/UGV-Robot/ros2_humble_colcon_ws/build/srdfdom/ament_cmake_pytest/self_parser_test/.cache --junit-xml=/home/ugv-c7/CodeWorkspace/UGV-Robot/ros2_humble_colcon_ws/build/srdfdom/test_results/srdfdom/self_parser_test.xunit.xml --junit-prefix=srdfdom
============================= test session starts ==============================
platform linux -- Python 3.10.12, pytest-6.2.5, py-1.10.0, pluggy-0.13.0
cachedir: build/srdfdom/ament_cmake_pytest/self_parser_test/.cache
rootdir: /home/ugv-c7/CodeWorkspace/UGV-Robot/ros2_humble_colcon_ws
plugins: ament-flake8-0.12.11, launch-testing-ros-0.19.8, launch-testing-1.0.7, ament-xmllint-0.12.11, ament-pep257-0.12.11, ament-copyright-0.12.11, ament-lint-0.12.11, timeout-2.1.0, mock-3.6.1, repeat-0.9.1, rerunfailures-10.2, colcon-core-0.19.0, cov-3.0.0
collected 3 items

../../src/srdfdom/test/test.py ...                                       [100%]

- generated xml file: /home/ugv-c7/CodeWorkspace/UGV-Robot/ros2_humble_colcon_ws/build/srdfdom/test_results/srdfdom/self_parser_test.xunit.xml -
============================== 3 passed in 0.16s ===============================
-- run_test.py: return code 0
-- run_test.py: verify result file '/home/ugv-c7/CodeWorkspace/UGV-Robot/ros2_humble_colcon_ws/build/srdfdom/test_results/srdfdom/self_parser_test.xunit.xml'
</Value>
				</Measurement>
			</Results>
			<Labels>
				<Label>pytest</Label>
			</Labels>
		</Test>
		<Test Status="passed">
			<Name>test_cpp_C</Name>
			<Path>.</Path>
			<FullName>./test_cpp_C</FullName>
			<FullCommandLine>/usr/bin/python3 "-u" "/opt/ros/humble/share/ament_cmake_test/cmake/run_test.py" "/home/ugv-c7/CodeWorkspace/UGV-Robot/ros2_humble_colcon_ws/build/srdfdom/test_results/srdfdom/test_cpp_C.gtest.xml" "--package-name" "srdfdom" "--output-file" "/home/ugv-c7/CodeWorkspace/UGV-Robot/ros2_humble_colcon_ws/build/srdfdom/ament_cmake_gtest/test_cpp_C.txt" "--env" "LC_ALL=C" "--command" "/home/ugv-c7/CodeWorkspace/UGV-Robot/ros2_humble_colcon_ws/build/srdfdom/test_cpp_C" "--gtest_output=xml:/home/ugv-c7/CodeWorkspace/UGV-Robot/ros2_humble_colcon_ws/build/srdfdom/test_results/srdfdom/test_cpp_C.gtest.xml"</FullCommandLine>
			<Results>
				<NamedMeasurement type="numeric/double" name="Execution Time">
					<Value>0.270662</Value>
				</NamedMeasurement>
				<NamedMeasurement type="numeric/double" name="Processors">
					<Value>1</Value>
				</NamedMeasurement>
				<NamedMeasurement type="text/string" name="Completion Status">
					<Value>Completed</Value>
				</NamedMeasurement>
				<NamedMeasurement type="text/string" name="Command Line">
					<Value>/usr/bin/python3 "-u" "/opt/ros/humble/share/ament_cmake_test/cmake/run_test.py" "/home/ugv-c7/CodeWorkspace/UGV-Robot/ros2_humble_colcon_ws/build/srdfdom/test_results/srdfdom/test_cpp_C.gtest.xml" "--package-name" "srdfdom" "--output-file" "/home/ugv-c7/CodeWorkspace/UGV-Robot/ros2_humble_colcon_ws/build/srdfdom/ament_cmake_gtest/test_cpp_C.txt" "--env" "LC_ALL=C" "--command" "/home/ugv-c7/CodeWorkspace/UGV-Robot/ros2_humble_colcon_ws/build/srdfdom/test_cpp_C" "--gtest_output=xml:/home/ugv-c7/CodeWorkspace/UGV-Robot/ros2_humble_colcon_ws/build/srdfdom/test_results/srdfdom/test_cpp_C.gtest.xml"</Value>
				</NamedMeasurement>
				<NamedMeasurement type="text/string" name="Environment">
					<Value>#CTEST_RESOURCE_GROUP_COUNT=</Value>
				</NamedMeasurement>
				<Measurement>
					<Value>-- run_test.py: extra environment variables:
 - LC_ALL=C
-- run_test.py: invoking following command in '/home/ugv-c7/CodeWorkspace/UGV-Robot/ros2_humble_colcon_ws/build/srdfdom':
 - /home/ugv-c7/CodeWorkspace/UGV-Robot/ros2_humble_colcon_ws/build/srdfdom/test_cpp_C --gtest_output=xml:/home/ugv-c7/CodeWorkspace/UGV-Robot/ros2_humble_colcon_ws/build/srdfdom/test_results/srdfdom/test_cpp_C.gtest.xml
Using locale: C
[==========] Running 3 tests from 1 test suite.
[----------] Global test environment set-up.
[----------] 3 tests from TestCpp
[ RUN      ] TestCpp.testSimple
[       OK ] TestCpp.testSimple (15 ms)
[ RUN      ] TestCpp.testComplex
Error:   Property defined for a joint 'made_up_joint' that is not known to the URDF. Ignoring.
         at line 655 in /home/ugv-c7/CodeWorkspace/UGV-Robot/ros2_humble_colcon_ws/src/srdfdom/src/model.cpp
[       OK ] TestCpp.testComplex (11 ms)
[ RUN      ] TestCpp.testReadWrite
Error:   Property defined for a joint 'made_up_joint' that is not known to the URDF. Ignoring.
         at line 655 in /home/ugv-c7/CodeWorkspace/UGV-Robot/ros2_humble_colcon_ws/src/srdfdom/src/model.cpp
[       OK ] TestCpp.testReadWrite (12 ms)
[----------] 3 tests from TestCpp (38 ms total)

[----------] Global test environment tear-down
[==========] 3 tests from 1 test suite ran. (38 ms total)
[  PASSED  ] 3 tests.
-- run_test.py: return code 0
-- run_test.py: inject classname prefix into gtest result file '/home/ugv-c7/CodeWorkspace/UGV-Robot/ros2_humble_colcon_ws/build/srdfdom/test_results/srdfdom/test_cpp_C.gtest.xml'
-- run_test.py: verify result file '/home/ugv-c7/CodeWorkspace/UGV-Robot/ros2_humble_colcon_ws/build/srdfdom/test_results/srdfdom/test_cpp_C.gtest.xml'
</Value>
				</Measurement>
			</Results>
			<Labels>
				<Label>gtest</Label>
			</Labels>
		</Test>
		<Test Status="passed">
			<Name>test_cpp_nl_NL.UTF-8</Name>
			<Path>.</Path>
			<FullName>./test_cpp_nl_NL.UTF-8</FullName>
			<FullCommandLine>/usr/bin/python3 "-u" "/opt/ros/humble/share/ament_cmake_test/cmake/run_test.py" "/home/ugv-c7/CodeWorkspace/UGV-Robot/ros2_humble_colcon_ws/build/srdfdom/test_results/srdfdom/test_cpp_nl_NL.UTF-8.gtest.xml" "--package-name" "srdfdom" "--output-file" "/home/ugv-c7/CodeWorkspace/UGV-Robot/ros2_humble_colcon_ws/build/srdfdom/ament_cmake_gtest/test_cpp_nl_NL.UTF-8.txt" "--env" "LC_ALL=nl_NL.UTF-8" "--command" "/home/ugv-c7/CodeWorkspace/UGV-Robot/ros2_humble_colcon_ws/build/srdfdom/test_cpp_nl_NL.UTF-8" "--gtest_output=xml:/home/ugv-c7/CodeWorkspace/UGV-Robot/ros2_humble_colcon_ws/build/srdfdom/test_results/srdfdom/test_cpp_nl_NL.UTF-8.gtest.xml"</FullCommandLine>
			<Results>
				<NamedMeasurement type="numeric/double" name="Execution Time">
					<Value>0.275754</Value>
				</NamedMeasurement>
				<NamedMeasurement type="numeric/double" name="Processors">
					<Value>1</Value>
				</NamedMeasurement>
				<NamedMeasurement type="text/string" name="Completion Status">
					<Value>Completed</Value>
				</NamedMeasurement>
				<NamedMeasurement type="text/string" name="Command Line">
					<Value>/usr/bin/python3 "-u" "/opt/ros/humble/share/ament_cmake_test/cmake/run_test.py" "/home/ugv-c7/CodeWorkspace/UGV-Robot/ros2_humble_colcon_ws/build/srdfdom/test_results/srdfdom/test_cpp_nl_NL.UTF-8.gtest.xml" "--package-name" "srdfdom" "--output-file" "/home/ugv-c7/CodeWorkspace/UGV-Robot/ros2_humble_colcon_ws/build/srdfdom/ament_cmake_gtest/test_cpp_nl_NL.UTF-8.txt" "--env" "LC_ALL=nl_NL.UTF-8" "--command" "/home/ugv-c7/CodeWorkspace/UGV-Robot/ros2_humble_colcon_ws/build/srdfdom/test_cpp_nl_NL.UTF-8" "--gtest_output=xml:/home/ugv-c7/CodeWorkspace/UGV-Robot/ros2_humble_colcon_ws/build/srdfdom/test_results/srdfdom/test_cpp_nl_NL.UTF-8.gtest.xml"</Value>
				</NamedMeasurement>
				<NamedMeasurement type="text/string" name="Environment">
					<Value>#CTEST_RESOURCE_GROUP_COUNT=</Value>
				</NamedMeasurement>
				<Measurement>
					<Value>-- run_test.py: extra environment variables:
 - LC_ALL=nl_NL.UTF-8
-- run_test.py: invoking following command in '/home/ugv-c7/CodeWorkspace/UGV-Robot/ros2_humble_colcon_ws/build/srdfdom':
 - /home/ugv-c7/CodeWorkspace/UGV-Robot/ros2_humble_colcon_ws/build/srdfdom/test_cpp_nl_NL.UTF-8 --gtest_output=xml:/home/ugv-c7/CodeWorkspace/UGV-Robot/ros2_humble_colcon_ws/build/srdfdom/test_results/srdfdom/test_cpp_nl_NL.UTF-8.gtest.xml
Using locale: C
[==========] Running 3 tests from 1 test suite.
[----------] Global test environment set-up.
[----------] 3 tests from TestCpp
[ RUN      ] TestCpp.testSimple
[       OK ] TestCpp.testSimple (13 ms)
[ RUN      ] TestCpp.testComplex
Error:   Property defined for a joint 'made_up_joint' that is not known to the URDF. Ignoring.
         at line 655 in /home/ugv-c7/CodeWorkspace/UGV-Robot/ros2_humble_colcon_ws/src/srdfdom/src/model.cpp
[       OK ] TestCpp.testComplex (11 ms)
[ RUN      ] TestCpp.testReadWrite
Error:   Property defined for a joint 'made_up_joint' that is not known to the URDF. Ignoring.
         at line 655 in /home/ugv-c7/CodeWorkspace/UGV-Robot/ros2_humble_colcon_ws/src/srdfdom/src/model.cpp
[       OK ] TestCpp.testReadWrite (11 ms)
[----------] 3 tests from TestCpp (36 ms total)

[----------] Global test environment tear-down
[==========] 3 tests from 1 test suite ran. (36 ms total)
[  PASSED  ] 3 tests.
-- run_test.py: return code 0
-- run_test.py: inject classname prefix into gtest result file '/home/ugv-c7/CodeWorkspace/UGV-Robot/ros2_humble_colcon_ws/build/srdfdom/test_results/srdfdom/test_cpp_nl_NL.UTF-8.gtest.xml'
-- run_test.py: verify result file '/home/ugv-c7/CodeWorkspace/UGV-Robot/ros2_humble_colcon_ws/build/srdfdom/test_results/srdfdom/test_cpp_nl_NL.UTF-8.gtest.xml'
</Value>
				</Measurement>
			</Results>
			<Labels>
				<Label>gtest</Label>
			</Labels>
		</Test>
		<EndDateTime>Mar 24 23:26 EDT</EndDateTime>
		<EndTestTime>1742873174</EndTestTime>
		<ElapsedMinutes>0</ElapsedMinutes>
	</Testing>
</Site>
