<?xml version="1.0" encoding="utf-8"?><testsuites><testsuite name="pytest" errors="0" failures="0" skipped="0" tests="5" time="1.179" timestamp="2025-03-24T23:26:16.439775" hostname="UGV-C7-Jetson"><testcase classname="moveit_configs_utils.test.test_moveit_resources_configs" name="test_moveit_resources_configs" time="0.189" /><testcase classname="moveit_configs_utils.test.test_moveit_resources_configs" name="test_panda_with_gripper_config" time="0.110" /><testcase classname="moveit_configs_utils.test.test_xacro" name="test_xacro_subst" time="0.091" /><testcase classname="moveit_configs_utils.test.test_xacro" name="test_xacro_no_mappings" time="0.004" /><testcase classname="moveit_configs_utils.test.test_xacro" name="test_xacro_with_mappings" time="0.004" /></testsuite></testsuites>