Start testing: Mar 24 23:26 EDT
----------------------------------------------------------
1/33 Testing: cppcheck
1/33 Test: cppcheck
Command: "/usr/bin/python3" "-u" "/opt/ros/humble/share/ament_cmake_test/cmake/run_test.py" "/home/ugv-c7/CodeWorkspace/UGV-Robot/ros2_humble_colcon_ws/build/moveit_core/test_results/moveit_core/cppcheck.xunit.xml" "--package-name" "moveit_core" "--output-file" "/home/ugv-c7/CodeWorkspace/UGV-Robot/ros2_humble_colcon_ws/build/moveit_core/ament_cppcheck/cppcheck.txt" "--command" "/opt/ros/humble/bin/ament_cppcheck" "--xunit-file" "/home/ugv-c7/CodeWorkspace/UGV-Robot/ros2_humble_colcon_ws/build/moveit_core/test_results/moveit_core/cppcheck.xunit.xml" "--include_dirs" "/home/ugv-c7/CodeWorkspace/UGV-Robot/ros2_humble_colcon_ws/src/moveit2/moveit_core/exceptions/include" "/home/ugv-c7/CodeWorkspace/UGV-Robot/ros2_humble_colcon_ws/src/moveit2/moveit_core/collision_detection/include" "/home/ugv-c7/CodeWorkspace/UGV-Robot/ros2_humble_colcon_ws/src/moveit2/moveit_core/collision_detection_fcl/include" "/home/ugv-c7/CodeWorkspace/UGV-Robot/ros2_humble_colcon_ws/src/moveit2/moveit_core/collision_detection_bullet/include" "/home/ugv-c7/CodeWorkspace/UGV-Robot/ros2_humble_colcon_ws/src/moveit2/moveit_core/constraint_samplers/include" "/home/ugv-c7/CodeWorkspace/UGV-Robot/ros2_humble_colcon_ws/src/moveit2/moveit_core/controller_manager/include" "/home/ugv-c7/CodeWorkspace/UGV-Robot/ros2_humble_colcon_ws/src/moveit2/moveit_core/distance_field/include" "/home/ugv-c7/CodeWorkspace/UGV-Robot/ros2_humble_colcon_ws/src/moveit2/moveit_core/collision_distance_field/include" "/home/ugv-c7/CodeWorkspace/UGV-Robot/ros2_humble_colcon_ws/src/moveit2/moveit_core/dynamics_solver/include" "/home/ugv-c7/CodeWorkspace/UGV-Robot/ros2_humble_colcon_ws/src/moveit2/moveit_core/kinematics_base/include" "/home/ugv-c7/CodeWorkspace/UGV-Robot/ros2_humble_colcon_ws/src/moveit2/moveit_core/kinematics_metrics/include" "/home/ugv-c7/CodeWorkspace/UGV-Robot/ros2_humble_colcon_ws/src/moveit2/moveit_core/robot_model/include" "/home/ugv-c7/CodeWorkspace/UGV-Robot/ros2_humble_colcon_ws/src/moveit2/moveit_core/transforms/include" "/home/ugv-c7/CodeWorkspace/UGV-Robot/ros2_humble_colcon_ws/src/moveit2/moveit_core/robot_state/include" "/home/ugv-c7/CodeWorkspace/UGV-Robot/ros2_humble_colcon_ws/src/moveit2/moveit_core/robot_trajectory/include" "/home/ugv-c7/CodeWorkspace/UGV-Robot/ros2_humble_colcon_ws/src/moveit2/moveit_core/kinematic_constraints/include" "/home/ugv-c7/CodeWorkspace/UGV-Robot/ros2_humble_colcon_ws/src/moveit2/moveit_core/macros/include" "/home/ugv-c7/CodeWorkspace/UGV-Robot/ros2_humble_colcon_ws/src/moveit2/moveit_core/online_signal_smoothing/include" "/home/ugv-c7/CodeWorkspace/UGV-Robot/ros2_humble_colcon_ws/src/moveit2/moveit_core/planning_interface/include" "/home/ugv-c7/CodeWorkspace/UGV-Robot/ros2_humble_colcon_ws/src/moveit2/moveit_core/planning_request_adapter/include" "/home/ugv-c7/CodeWorkspace/UGV-Robot/ros2_humble_colcon_ws/src/moveit2/moveit_core/planning_scene/include" "/home/ugv-c7/CodeWorkspace/UGV-Robot/ros2_humble_colcon_ws/src/moveit2/moveit_core/sensor_manager/include" "/home/ugv-c7/CodeWorkspace/UGV-Robot/ros2_humble_colcon_ws/src/moveit2/moveit_core/trajectory_processing/include" "/home/ugv-c7/CodeWorkspace/UGV-Robot/ros2_humble_colcon_ws/src/moveit2/moveit_core/utils/include"
Directory: /home/ugv-c7/CodeWorkspace/UGV-Robot/ros2_humble_colcon_ws/src/moveit2/moveit_core
"cppcheck" start time: Mar 24 23:26 EDT
Output:
----------------------------------------------------------
-- run_test.py: invoking following command in '/home/ugv-c7/CodeWorkspace/UGV-Robot/ros2_humble_colcon_ws/src/moveit2/moveit_core':
 - /opt/ros/humble/bin/ament_cppcheck --xunit-file /home/ugv-c7/CodeWorkspace/UGV-Robot/ros2_humble_colcon_ws/build/moveit_core/test_results/moveit_core/cppcheck.xunit.xml --include_dirs /home/ugv-c7/CodeWorkspace/UGV-Robot/ros2_humble_colcon_ws/src/moveit2/moveit_core/exceptions/include /home/ugv-c7/CodeWorkspace/UGV-Robot/ros2_humble_colcon_ws/src/moveit2/moveit_core/collision_detection/include /home/ugv-c7/CodeWorkspace/UGV-Robot/ros2_humble_colcon_ws/src/moveit2/moveit_core/collision_detection_fcl/include /home/ugv-c7/CodeWorkspace/UGV-Robot/ros2_humble_colcon_ws/src/moveit2/moveit_core/collision_detection_bullet/include /home/ugv-c7/CodeWorkspace/UGV-Robot/ros2_humble_colcon_ws/src/moveit2/moveit_core/constraint_samplers/include /home/ugv-c7/CodeWorkspace/UGV-Robot/ros2_humble_colcon_ws/src/moveit2/moveit_core/controller_manager/include /home/ugv-c7/CodeWorkspace/UGV-Robot/ros2_humble_colcon_ws/src/moveit2/moveit_core/distance_field/include /home/ugv-c7/CodeWorkspace/UGV-Robot/ros2_humble_colcon_ws/src/moveit2/moveit_core/collision_distance_field/include /home/ugv-c7/CodeWorkspace/UGV-Robot/ros2_humble_colcon_ws/src/moveit2/moveit_core/dynamics_solver/include /home/ugv-c7/CodeWorkspace/UGV-Robot/ros2_humble_colcon_ws/src/moveit2/moveit_core/kinematics_base/include /home/ugv-c7/CodeWorkspace/UGV-Robot/ros2_humble_colcon_ws/src/moveit2/moveit_core/kinematics_metrics/include /home/ugv-c7/CodeWorkspace/UGV-Robot/ros2_humble_colcon_ws/src/moveit2/moveit_core/robot_model/include /home/ugv-c7/CodeWorkspace/UGV-Robot/ros2_humble_colcon_ws/src/moveit2/moveit_core/transforms/include /home/ugv-c7/CodeWorkspace/UGV-Robot/ros2_humble_colcon_ws/src/moveit2/moveit_core/robot_state/include /home/ugv-c7/CodeWorkspace/UGV-Robot/ros2_humble_colcon_ws/src/moveit2/moveit_core/robot_trajectory/include /home/ugv-c7/CodeWorkspace/UGV-Robot/ros2_humble_colcon_ws/src/moveit2/moveit_core/kinematic_constraints/include /home/ugv-c7/CodeWorkspace/UGV-Robot/ros2_humble_colcon_ws/src/moveit2/moveit_core/macros/include /home/ugv-c7/CodeWorkspace/UGV-Robot/ros2_humble_colcon_ws/src/moveit2/moveit_core/online_signal_smoothing/include /home/ugv-c7/CodeWorkspace/UGV-Robot/ros2_humble_colcon_ws/src/moveit2/moveit_core/planning_interface/include /home/ugv-c7/CodeWorkspace/UGV-Robot/ros2_humble_colcon_ws/src/moveit2/moveit_core/planning_request_adapter/include /home/ugv-c7/CodeWorkspace/UGV-Robot/ros2_humble_colcon_ws/src/moveit2/moveit_core/planning_scene/include /home/ugv-c7/CodeWorkspace/UGV-Robot/ros2_humble_colcon_ws/src/moveit2/moveit_core/sensor_manager/include /home/ugv-c7/CodeWorkspace/UGV-Robot/ros2_humble_colcon_ws/src/moveit2/moveit_core/trajectory_processing/include /home/ugv-c7/CodeWorkspace/UGV-Robot/ros2_humble_colcon_ws/src/moveit2/moveit_core/utils/include
cppcheck 2.7 has known performance issues and therefore will not be used, set the AMENT_CPPCHECK_ALLOW_SLOW_VERSIONS environment variable to override this.
-- run_test.py: return code 0
-- run_test.py: verify result file '/home/ugv-c7/CodeWorkspace/UGV-Robot/ros2_humble_colcon_ws/build/moveit_core/test_results/moveit_core/cppcheck.xunit.xml'
<end of output>
Test time =   0.70 sec
----------------------------------------------------------
Test Passed.
"cppcheck" end time: Mar 24 23:26 EDT
"cppcheck" time elapsed: 00:00:00
----------------------------------------------------------

2/33 Testing: pep257
2/33 Test: pep257
Command: "/usr/bin/python3" "-u" "/opt/ros/humble/share/ament_cmake_test/cmake/run_test.py" "/home/ugv-c7/CodeWorkspace/UGV-Robot/ros2_humble_colcon_ws/build/moveit_core/test_results/moveit_core/pep257.xunit.xml" "--package-name" "moveit_core" "--output-file" "/home/ugv-c7/CodeWorkspace/UGV-Robot/ros2_humble_colcon_ws/build/moveit_core/ament_pep257/pep257.txt" "--command" "/opt/ros/humble/bin/ament_pep257" "--xunit-file" "/home/ugv-c7/CodeWorkspace/UGV-Robot/ros2_humble_colcon_ws/build/moveit_core/test_results/moveit_core/pep257.xunit.xml"
Directory: /home/ugv-c7/CodeWorkspace/UGV-Robot/ros2_humble_colcon_ws/src/moveit2/moveit_core
"pep257" start time: Mar 24 23:26 EDT
Output:
----------------------------------------------------------
-- run_test.py: invoking following command in '/home/ugv-c7/CodeWorkspace/UGV-Robot/ros2_humble_colcon_ws/src/moveit2/moveit_core':
 - /opt/ros/humble/bin/ament_pep257 --xunit-file /home/ugv-c7/CodeWorkspace/UGV-Robot/ros2_humble_colcon_ws/build/moveit_core/test_results/moveit_core/pep257.xunit.xml
checking ./doc/conf.py
checking ./python/src/moveit/__init__.py
checking ./python/src/moveit/core/__init__.py
checking ./python/src/moveit/core/collision_detection/__init__.py
checking ./python/src/moveit/core/kinematic_constraints/__init__.py
checking ./python/src/moveit/core/planning_scene/__init__.py
checking ./python/src/moveit/core/robot_model/__init__.py
checking ./python/src/moveit/core/robot_state/__init__.py
checking ./python/src/moveit/core/transforms/__init__.py
checking ./setup.py
No problems found
-- run_test.py: return code 0
-- run_test.py: verify result file '/home/ugv-c7/CodeWorkspace/UGV-Robot/ros2_humble_colcon_ws/build/moveit_core/test_results/moveit_core/pep257.xunit.xml'
<end of output>
Test time =   0.80 sec
----------------------------------------------------------
Test Passed.
"pep257" end time: Mar 24 23:26 EDT
"pep257" time elapsed: 00:00:00
----------------------------------------------------------

3/33 Testing: xmllint
3/33 Test: xmllint
Command: "/usr/bin/python3" "-u" "/opt/ros/humble/share/ament_cmake_test/cmake/run_test.py" "/home/ugv-c7/CodeWorkspace/UGV-Robot/ros2_humble_colcon_ws/build/moveit_core/test_results/moveit_core/xmllint.xunit.xml" "--package-name" "moveit_core" "--output-file" "/home/ugv-c7/CodeWorkspace/UGV-Robot/ros2_humble_colcon_ws/build/moveit_core/ament_xmllint/xmllint.txt" "--command" "/opt/ros/humble/bin/ament_xmllint" "--xunit-file" "/home/ugv-c7/CodeWorkspace/UGV-Robot/ros2_humble_colcon_ws/build/moveit_core/test_results/moveit_core/xmllint.xunit.xml"
Directory: /home/ugv-c7/CodeWorkspace/UGV-Robot/ros2_humble_colcon_ws/src/moveit2/moveit_core
"xmllint" start time: Mar 24 23:26 EDT
Output:
----------------------------------------------------------
-- run_test.py: invoking following command in '/home/ugv-c7/CodeWorkspace/UGV-Robot/ros2_humble_colcon_ws/src/moveit2/moveit_core':
 - /opt/ros/humble/bin/ament_xmllint --xunit-file /home/ugv-c7/CodeWorkspace/UGV-Robot/ros2_humble_colcon_ws/build/moveit_core/test_results/moveit_core/xmllint.xunit.xml
File 'collision_detector_bullet_description.xml' is valid

File 'collision_detector_fcl_description.xml' is valid

File 'filter_plugin_butterworth.xml' is valid

File 'package.xml' is valid

File 'collision_detection_bullet/empty_description.xml' is valid

No problems found
-- run_test.py: return code 0
-- run_test.py: verify result file '/home/ugv-c7/CodeWorkspace/UGV-Robot/ros2_humble_colcon_ws/build/moveit_core/test_results/moveit_core/xmllint.xunit.xml'
<end of output>
Test time =   0.58 sec
----------------------------------------------------------
Test Passed.
"xmllint" end time: Mar 24 23:26 EDT
"xmllint" time elapsed: 00:00:00
----------------------------------------------------------

4/33 Testing: test_collision_distance_field
4/33 Test: test_collision_distance_field
Command: "/usr/bin/python3" "-u" "/opt/ros/humble/share/ament_cmake_test/cmake/run_test.py" "/home/ugv-c7/CodeWorkspace/UGV-Robot/ros2_humble_colcon_ws/build/moveit_core/test_results/moveit_core/test_collision_distance_field.gtest.xml" "--package-name" "moveit_core" "--output-file" "/home/ugv-c7/CodeWorkspace/UGV-Robot/ros2_humble_colcon_ws/build/moveit_core/ament_cmake_gtest/test_collision_distance_field.txt" "--command" "/home/ugv-c7/CodeWorkspace/UGV-Robot/ros2_humble_colcon_ws/build/moveit_core/collision_distance_field/test_collision_distance_field" "--gtest_output=xml:/home/ugv-c7/CodeWorkspace/UGV-Robot/ros2_humble_colcon_ws/build/moveit_core/test_results/moveit_core/test_collision_distance_field.gtest.xml"
Directory: /home/ugv-c7/CodeWorkspace/UGV-Robot/ros2_humble_colcon_ws/build/moveit_core/collision_distance_field
"test_collision_distance_field" start time: Mar 24 23:26 EDT
Output:
----------------------------------------------------------
-- run_test.py: invoking following command in '/home/ugv-c7/CodeWorkspace/UGV-Robot/ros2_humble_colcon_ws/build/moveit_core/collision_distance_field':
 - /home/ugv-c7/CodeWorkspace/UGV-Robot/ros2_humble_colcon_ws/build/moveit_core/collision_distance_field/test_collision_distance_field --gtest_output=xml:/home/ugv-c7/CodeWorkspace/UGV-Robot/ros2_humble_colcon_ws/build/moveit_core/test_results/moveit_core/test_collision_distance_field.gtest.xml
[==========] Running 6 tests from 1 test suite.
[----------] Global test environment set-up.
[----------] 6 tests from DistanceFieldCollisionDetectionTester
[ RUN      ] DistanceFieldCollisionDetectionTester.DefaultNotInCollision
[INFO] [1742873176.851166079] [moveit_robot_model.robot_model]: Loading robot model 'pr2'...
[WARN] [1742873176.909863834] [moveit_robot_model.robot_model]: Link sensor_mount_link has visual geometry but no collision geometry. Collision geometry will be left empty. Fix your URDF file by explicitly specifying collision geometry.
[WARN] [1742873176.910000212] [moveit_robot_model.robot_model]: Link double_stereo_link has visual geometry but no collision geometry. Collision geometry will be left empty. Fix your URDF file by explicitly specifying collision geometry.
[WARN] [1742873177.068274056] [moveit_robot_model.robot_model]: Group state 'tuck_arms' doesn't specify all group joints in group 'arms'. l_shoulder_lift_joint, l_upper_arm_roll_joint, l_elbow_flex_joint, l_forearm_roll_joint, l_wrist_flex_joint, l_wrist_roll_joint, r_shoulder_pan_joint, r_shoulder_lift_joint, r_upper_arm_roll_joint, r_elbow_flex_joint, r_forearm_roll_joint, r_wrist_flex_joint, r_wrist_roll_joint are missing.
[       OK ] DistanceFieldCollisionDetectionTester.DefaultNotInCollision (1768 ms)
[ RUN      ] DistanceFieldCollisionDetectionTester.ChangeTorsoPosition
[INFO] [1742873178.598568612] [moveit_robot_model.robot_model]: Loading robot model 'pr2'...
[WARN] [1742873178.604898744] [moveit_robot_model.robot_model]: Link sensor_mount_link has visual geometry but no collision geometry. Collision geometry will be left empty. Fix your URDF file by explicitly specifying collision geometry.
[WARN] [1742873178.604934015] [moveit_robot_model.robot_model]: Link double_stereo_link has visual geometry but no collision geometry. Collision geometry will be left empty. Fix your URDF file by explicitly specifying collision geometry.
[WARN] [1742873178.679127931] [moveit_robot_model.robot_model]: Group state 'tuck_arms' doesn't specify all group joints in group 'arms'. l_shoulder_lift_joint, l_upper_arm_roll_joint, l_elbow_flex_joint, l_forearm_roll_joint, l_wrist_flex_joint, l_wrist_roll_joint, r_shoulder_pan_joint, r_shoulder_lift_joint, r_upper_arm_roll_joint, r_elbow_flex_joint, r_forearm_roll_joint, r_wrist_flex_joint, r_wrist_roll_joint are missing.
[WARN] [1742873180.205533632] [moveit_collision_distance_field.collision_robot_distance_field]: State for Variable torso_lift_joint has changed by 0.018250 radians
[       OK ] DistanceFieldCollisionDetectionTester.ChangeTorsoPosition (1881 ms)
[ RUN      ] DistanceFieldCollisionDetectionTester.LinksInCollision
[INFO] [1742873180.479393424] [moveit_robot_model.robot_model]: Loading robot model 'pr2'...
[WARN] [1742873180.485858226] [moveit_robot_model.robot_model]: Link sensor_mount_link has visual geometry but no collision geometry. Collision geometry will be left empty. Fix your URDF file by explicitly specifying collision geometry.
[WARN] [1742873180.485894852] [moveit_robot_model.robot_model]: Link double_stereo_link has visual geometry but no collision geometry. Collision geometry will be left empty. Fix your URDF file by explicitly specifying collision geometry.
[WARN] [1742873180.560570110] [moveit_robot_model.robot_model]: Group state 'tuck_arms' doesn't specify all group joints in group 'arms'. l_shoulder_lift_joint, l_upper_arm_roll_joint, l_elbow_flex_joint, l_forearm_roll_joint, l_wrist_flex_joint, l_wrist_roll_joint, r_shoulder_pan_joint, r_shoulder_lift_joint, r_upper_arm_roll_joint, r_elbow_flex_joint, r_forearm_roll_joint, r_wrist_flex_joint, r_wrist_roll_joint are missing.
[       OK ] DistanceFieldCollisionDetectionTester.LinksInCollision (1816 ms)
[ RUN      ] DistanceFieldCollisionDetectionTester.ContactReporting
[INFO] [1742873182.295124868] [moveit_robot_model.robot_model]: Loading robot model 'pr2'...
[WARN] [1742873182.301501264] [moveit_robot_model.robot_model]: Link sensor_mount_link has visual geometry but no collision geometry. Collision geometry will be left empty. Fix your URDF file by explicitly specifying collision geometry.
[WARN] [1742873182.301535840] [moveit_robot_model.robot_model]: Link double_stereo_link has visual geometry but no collision geometry. Collision geometry will be left empty. Fix your URDF file by explicitly specifying collision geometry.
[WARN] [1742873182.376394728] [moveit_robot_model.robot_model]: Group state 'tuck_arms' doesn't specify all group joints in group 'arms'. l_shoulder_lift_joint, l_upper_arm_roll_joint, l_elbow_flex_joint, l_forearm_roll_joint, l_wrist_flex_joint, l_wrist_roll_joint, r_shoulder_pan_joint, r_shoulder_lift_joint, r_upper_arm_roll_joint, r_elbow_flex_joint, r_forearm_roll_joint, r_wrist_flex_joint, r_wrist_roll_joint are missing.
[       OK ] DistanceFieldCollisionDetectionTester.ContactReporting (1675 ms)
[ RUN      ] DistanceFieldCollisionDetectionTester.ContactPositions
[INFO] [1742873183.970069638] [moveit_robot_model.robot_model]: Loading robot model 'pr2'...
[WARN] [1742873183.976359345] [moveit_robot_model.robot_model]: Link sensor_mount_link has visual geometry but no collision geometry. Collision geometry will be left empty. Fix your URDF file by explicitly specifying collision geometry.
[WARN] [1742873183.976400515] [moveit_robot_model.robot_model]: Link double_stereo_link has visual geometry but no collision geometry. Collision geometry will be left empty. Fix your URDF file by explicitly specifying collision geometry.
[WARN] [1742873184.051166679] [moveit_robot_model.robot_model]: Group state 'tuck_arms' doesn't specify all group joints in group 'arms'. l_shoulder_lift_joint, l_upper_arm_roll_joint, l_elbow_flex_joint, l_forearm_roll_joint, l_wrist_flex_joint, l_wrist_roll_joint, r_shoulder_pan_joint, r_shoulder_lift_joint, r_upper_arm_roll_joint, r_elbow_flex_joint, r_forearm_roll_joint, r_wrist_flex_joint, r_wrist_roll_joint are missing.
[       OK ] DistanceFieldCollisionDetectionTester.ContactPositions (1524 ms)
[ RUN      ] DistanceFieldCollisionDetectionTester.AttachedBodyTester
[INFO] [1742873185.494386666] [moveit_robot_model.robot_model]: Loading robot model 'pr2'...
[WARN] [1742873185.500733063] [moveit_robot_model.robot_model]: Link sensor_mount_link has visual geometry but no collision geometry. Collision geometry will be left empty. Fix your URDF file by explicitly specifying collision geometry.
[WARN] [1742873185.500787485] [moveit_robot_model.robot_model]: Link double_stereo_link has visual geometry but no collision geometry. Collision geometry will be left empty. Fix your URDF file by explicitly specifying collision geometry.
[WARN] [1742873185.575924407] [moveit_robot_model.robot_model]: Group state 'tuck_arms' doesn't specify all group joints in group 'arms'. l_shoulder_lift_joint, l_upper_arm_roll_joint, l_elbow_flex_joint, l_forearm_roll_joint, l_wrist_flex_joint, l_wrist_roll_joint, r_shoulder_pan_joint, r_shoulder_lift_joint, r_upper_arm_roll_joint, r_elbow_flex_joint, r_forearm_roll_joint, r_wrist_flex_joint, r_wrist_roll_joint are missing.
[       OK ] DistanceFieldCollisionDetectionTester.AttachedBodyTester (2348 ms)
[----------] 6 tests from DistanceFieldCollisionDetectionTester (11012 ms total)

[----------] Global test environment tear-down
[==========] 6 tests from 1 test suite ran. (11012 ms total)
[  PASSED  ] 6 tests.
-- run_test.py: return code 0
-- run_test.py: inject classname prefix into gtest result file '/home/ugv-c7/CodeWorkspace/UGV-Robot/ros2_humble_colcon_ws/build/moveit_core/test_results/moveit_core/test_collision_distance_field.gtest.xml'
-- run_test.py: verify result file '/home/ugv-c7/CodeWorkspace/UGV-Robot/ros2_humble_colcon_ws/build/moveit_core/test_results/moveit_core/test_collision_distance_field.gtest.xml'
<end of output>
Test time =  11.60 sec
----------------------------------------------------------
Test Passed.
"test_collision_distance_field" end time: Mar 24 23:26 EDT
"test_collision_distance_field" time elapsed: 00:00:11
----------------------------------------------------------

5/33 Testing: test_constraint_samplers
5/33 Test: test_constraint_samplers
Command: "/usr/bin/python3" "-u" "/opt/ros/humble/share/ament_cmake_test/cmake/run_test.py" "/home/ugv-c7/CodeWorkspace/UGV-Robot/ros2_humble_colcon_ws/build/moveit_core/test_results/moveit_core/test_constraint_samplers.gtest.xml" "--package-name" "moveit_core" "--output-file" "/home/ugv-c7/CodeWorkspace/UGV-Robot/ros2_humble_colcon_ws/build/moveit_core/ament_cmake_gmock/test_constraint_samplers.txt" "--command" "/home/ugv-c7/CodeWorkspace/UGV-Robot/ros2_humble_colcon_ws/build/moveit_core/constraint_samplers/test_constraint_samplers" "--gtest_output=xml:/home/ugv-c7/CodeWorkspace/UGV-Robot/ros2_humble_colcon_ws/build/moveit_core/test_results/moveit_core/test_constraint_samplers.gtest.xml"
Directory: /home/ugv-c7/CodeWorkspace/UGV-Robot/ros2_humble_colcon_ws/build/moveit_core/constraint_samplers
"test_constraint_samplers" start time: Mar 24 23:26 EDT
Output:
----------------------------------------------------------
-- run_test.py: invoking following command in '/home/ugv-c7/CodeWorkspace/UGV-Robot/ros2_humble_colcon_ws/build/moveit_core/constraint_samplers':
 - /home/ugv-c7/CodeWorkspace/UGV-Robot/ros2_humble_colcon_ws/build/moveit_core/constraint_samplers/test_constraint_samplers --gtest_output=xml:/home/ugv-c7/CodeWorkspace/UGV-Robot/ros2_humble_colcon_ws/build/moveit_core/test_results/moveit_core/test_constraint_samplers.gtest.xml
[==========] Running 12 tests from 1 test suite.
[----------] Global test environment set-up.
[----------] 12 tests from LoadPlanningModelsPr2
[ RUN      ] LoadPlanningModelsPr2.JointConstraintsSamplerSimple
[INFO] [1742873188.218725691] [moveit_robot_model.robot_model]: Loading robot model 'pr2'...
[WARN] [1742873188.225809244] [moveit_robot_model.robot_model]: Link sensor_mount_link has visual geometry but no collision geometry. Collision geometry will be left empty. Fix your URDF file by explicitly specifying collision geometry.
[WARN] [1742873188.225865809] [moveit_robot_model.robot_model]: Link double_stereo_link has visual geometry but no collision geometry. Collision geometry will be left empty. Fix your URDF file by explicitly specifying collision geometry.
[WARN] [1742873188.304001418] [moveit_robot_model.robot_model]: Group state 'tuck_arms' doesn't specify all group joints in group 'arms'. l_shoulder_lift_joint, l_upper_arm_roll_joint, l_elbow_flex_joint, l_forearm_roll_joint, l_wrist_flex_joint, l_wrist_roll_joint, r_shoulder_pan_joint, r_shoulder_lift_joint, r_upper_arm_roll_joint, r_elbow_flex_joint, r_forearm_roll_joint, r_wrist_flex_joint, r_wrist_roll_joint are missing.
[WARN] [1742873188.304156997] [moveit_kinematics_base.kinematics_base]: Loading KDL Tree
[WARN] [1742873188.304536885] [kdl_parser]: The root link base_footprint has an inertia specified in the URDF, but KDL does not support a root link with an inertia.  As a workaround, you can add an extra dummy link to your URDF.
[WARN] [1742873188.305112624] [moveit_kinematics_base.kinematics_base]: Loading KDL Tree
[WARN] [1742873188.305141979] [kdl_parser]: The root link base_footprint has an inertia specified in the URDF, but KDL does not support a root link with an inertia.  As a workaround, you can add an extra dummy link to your URDF.
[ERROR] [1742873188.305430664] [moveit_robot_model.joint_model_group]: IK solver computes joint values for joint 'l_shoulder_pan_joint' but group 'base' does not contain such a joint.
[ERROR] [1742873188.486126064] [moveit_robot_model.robot_model]: Joint '' not found in model 'pr2'
[WARN] [1742873188.486416510] [moveit_constraint_samplers.default_constraint_samplers]: No valid joint constraints
[ERROR] [1742873188.486657914] [moveit_constraint_samplers.default_constraint_samplers]: The constraints for joint 'r_shoulder_pan_joint' are such that there are no possible values for the joint: min_bound: 0.53, max_bound: 0.43. Failing.

[WARN] [1742873188.486691271] [moveit_constraint_samplers.default_constraint_samplers]: JointConstraintSampler not configured, won't sample
[ERROR] [1742873188.486718865] [moveit_constraint_samplers.default_constraint_samplers]: The constraints for joint 'r_shoulder_pan_joint' are such that there are no possible values for the joint: min_bound: 0.53, max_bound: 0.43. Failing.

[WARN] [1742873188.486728117] [moveit_constraint_samplers.default_constraint_samplers]: JointConstraintSampler not configured, won't sample
[WARN] [1742873188.486740249] [moveit_constraint_samplers.default_constraint_samplers]: No valid joint constraints
[WARN] [1742873188.486782313] [moveit_kinematic_constraints.kinematic_constraints]: Joint r_shoulder_pan_joint is constrained to be below the minimum bounds. Assuming minimum bounds instead.
[       OK ] LoadPlanningModelsPr2.JointConstraintsSamplerSimple (329 ms)
[ RUN      ] LoadPlanningModelsPr2.IKConstraintsSamplerSimple
[INFO] [1742873188.527109972] [moveit_robot_model.robot_model]: Loading robot model 'pr2'...
[WARN] [1742873188.533464287] [moveit_robot_model.robot_model]: Link sensor_mount_link has visual geometry but no collision geometry. Collision geometry will be left empty. Fix your URDF file by explicitly specifying collision geometry.
[WARN] [1742873188.533517011] [moveit_robot_model.robot_model]: Link double_stereo_link has visual geometry but no collision geometry. Collision geometry will be left empty. Fix your URDF file by explicitly specifying collision geometry.
[WARN] [1742873188.610149906] [moveit_robot_model.robot_model]: Group state 'tuck_arms' doesn't specify all group joints in group 'arms'. l_shoulder_lift_joint, l_upper_arm_roll_joint, l_elbow_flex_joint, l_forearm_roll_joint, l_wrist_flex_joint, l_wrist_roll_joint, r_shoulder_pan_joint, r_shoulder_lift_joint, r_upper_arm_roll_joint, r_elbow_flex_joint, r_forearm_roll_joint, r_wrist_flex_joint, r_wrist_roll_joint are missing.
[WARN] [1742873188.610256538] [moveit_kinematics_base.kinematics_base]: Loading KDL Tree
[WARN] [1742873188.610431357] [kdl_parser]: The root link base_footprint has an inertia specified in the URDF, but KDL does not support a root link with an inertia.  As a workaround, you can add an extra dummy link to your URDF.
[WARN] [1742873188.610870627] [moveit_kinematics_base.kinematics_base]: Loading KDL Tree
[WARN] [1742873188.610893196] [kdl_parser]: The root link base_footprint has an inertia specified in the URDF, but KDL does not support a root link with an inertia.  As a workaround, you can add an extra dummy link to your URDF.
[ERROR] [1742873188.611183994] [moveit_robot_model.joint_model_group]: IK solver computes joint values for joint 'l_shoulder_pan_joint' but group 'base' does not contain such a joint.
[WARN] [1742873188.789422045] [moveit_kinematic_constraints.kinematic_constraints]: No frame specified for position constraint on link 'l_wrist_roll_link'!
[ERROR] [1742873188.789555280] [moveit_robot_model.robot_model]: Group 'l_arm' not found in model 'pr2'
[ERROR] [1742873188.789570614] [moveit_constraint_samplers.constraint_sampler]: A JointModelGroup should have been specified for the constraint sampler
[WARN] [1742873188.789610565] [moveit_constraint_samplers.default_constraint_samplers]: No enabled constraints in sampling pose
[ERROR] [1742873188.789803150] [moveit_constraint_samplers.default_constraint_samplers]: IK cannot be performed for link 'l_wrist_roll_link'. The solver can report IK solutions for link 'r_wrist_roll_link'.
[ERROR] [1742873188.789823158] [moveit_constraint_samplers.default_constraint_samplers]: IK cannot be performed for link 'l_shoulder_pan_link'. The solver can report IK solutions for link 'l_wrist_roll_link'.
[WARN] [1742873188.789836443] [moveit_constraint_samplers.default_constraint_samplers]: No solver instance in setup
[       OK ] LoadPlanningModelsPr2.IKConstraintsSamplerSimple (300 ms)
[ RUN      ] LoadPlanningModelsPr2.OrientationConstraintsSampler
[INFO] [1742873188.827112607] [moveit_robot_model.robot_model]: Loading robot model 'pr2'...
[WARN] [1742873188.833526977] [moveit_robot_model.robot_model]: Link sensor_mount_link has visual geometry but no collision geometry. Collision geometry will be left empty. Fix your URDF file by explicitly specifying collision geometry.
[WARN] [1742873188.833581846] [moveit_robot_model.robot_model]: Link double_stereo_link has visual geometry but no collision geometry. Collision geometry will be left empty. Fix your URDF file by explicitly specifying collision geometry.
[WARN] [1742873188.910672770] [moveit_robot_model.robot_model]: Group state 'tuck_arms' doesn't specify all group joints in group 'arms'. l_shoulder_lift_joint, l_upper_arm_roll_joint, l_elbow_flex_joint, l_forearm_roll_joint, l_wrist_flex_joint, l_wrist_roll_joint, r_shoulder_pan_joint, r_shoulder_lift_joint, r_upper_arm_roll_joint, r_elbow_flex_joint, r_forearm_roll_joint, r_wrist_flex_joint, r_wrist_roll_joint are missing.
[WARN] [1742873188.910782700] [moveit_kinematics_base.kinematics_base]: Loading KDL Tree
[WARN] [1742873188.910825661] [kdl_parser]: The root link base_footprint has an inertia specified in the URDF, but KDL does not support a root link with an inertia.  As a workaround, you can add an extra dummy link to your URDF.
[WARN] [1742873188.911250046] [moveit_kinematics_base.kinematics_base]: Loading KDL Tree
[WARN] [1742873188.911276712] [kdl_parser]: The root link base_footprint has an inertia specified in the URDF, but KDL does not support a root link with an inertia.  As a workaround, you can add an extra dummy link to your URDF.
[ERROR] [1742873188.911574329] [moveit_robot_model.joint_model_group]: IK solver computes joint values for joint 'l_shoulder_pan_joint' but group 'base' does not contain such a joint.
[       OK ] LoadPlanningModelsPr2.OrientationConstraintsSampler (339 ms)
[ RUN      ] LoadPlanningModelsPr2.IKConstraintsSamplerValid
[INFO] [1742873189.166152222] [moveit_robot_model.robot_model]: Loading robot model 'pr2'...
[WARN] [1742873189.172496648] [moveit_robot_model.robot_model]: Link sensor_mount_link has visual geometry but no collision geometry. Collision geometry will be left empty. Fix your URDF file by explicitly specifying collision geometry.
[WARN] [1742873189.172548571] [moveit_robot_model.robot_model]: Link double_stereo_link has visual geometry but no collision geometry. Collision geometry will be left empty. Fix your URDF file by explicitly specifying collision geometry.
[WARN] [1742873189.249364143] [moveit_robot_model.robot_model]: Group state 'tuck_arms' doesn't specify all group joints in group 'arms'. l_shoulder_lift_joint, l_upper_arm_roll_joint, l_elbow_flex_joint, l_forearm_roll_joint, l_wrist_flex_joint, l_wrist_roll_joint, r_shoulder_pan_joint, r_shoulder_lift_joint, r_upper_arm_roll_joint, r_elbow_flex_joint, r_forearm_roll_joint, r_wrist_flex_joint, r_wrist_roll_joint are missing.
[WARN] [1742873189.249476216] [moveit_kinematics_base.kinematics_base]: Loading KDL Tree
[WARN] [1742873189.249517159] [kdl_parser]: The root link base_footprint has an inertia specified in the URDF, but KDL does not support a root link with an inertia.  As a workaround, you can add an extra dummy link to your URDF.
[WARN] [1742873189.249990774] [moveit_kinematics_base.kinematics_base]: Loading KDL Tree
[WARN] [1742873189.250012286] [kdl_parser]: The root link base_footprint has an inertia specified in the URDF, but KDL does not support a root link with an inertia.  As a workaround, you can add an extra dummy link to your URDF.
[ERROR] [1742873189.250283554] [moveit_robot_model.joint_model_group]: IK solver computes joint values for joint 'l_shoulder_pan_joint' but group 'base' does not contain such a joint.
[       OK ] LoadPlanningModelsPr2.IKConstraintsSamplerValid (336 ms)
[ RUN      ] LoadPlanningModelsPr2.UnionConstraintSampler
[INFO] [1742873189.502417232] [moveit_robot_model.robot_model]: Loading robot model 'pr2'...
[WARN] [1742873189.508984300] [moveit_robot_model.robot_model]: Link sensor_mount_link has visual geometry but no collision geometry. Collision geometry will be left empty. Fix your URDF file by explicitly specifying collision geometry.
[WARN] [1742873189.509038592] [moveit_robot_model.robot_model]: Link double_stereo_link has visual geometry but no collision geometry. Collision geometry will be left empty. Fix your URDF file by explicitly specifying collision geometry.
[WARN] [1742873189.585823624] [moveit_robot_model.robot_model]: Group state 'tuck_arms' doesn't specify all group joints in group 'arms'. l_shoulder_lift_joint, l_upper_arm_roll_joint, l_elbow_flex_joint, l_forearm_roll_joint, l_wrist_flex_joint, l_wrist_roll_joint, r_shoulder_pan_joint, r_shoulder_lift_joint, r_upper_arm_roll_joint, r_elbow_flex_joint, r_forearm_roll_joint, r_wrist_flex_joint, r_wrist_roll_joint are missing.
[WARN] [1742873189.585943540] [moveit_kinematics_base.kinematics_base]: Loading KDL Tree
[WARN] [1742873189.585985124] [kdl_parser]: The root link base_footprint has an inertia specified in the URDF, but KDL does not support a root link with an inertia.  As a workaround, you can add an extra dummy link to your URDF.
[WARN] [1742873189.586435114] [moveit_kinematics_base.kinematics_base]: Loading KDL Tree
[WARN] [1742873189.586456850] [kdl_parser]: The root link base_footprint has an inertia specified in the URDF, but KDL does not support a root link with an inertia.  As a workaround, you can add an extra dummy link to your URDF.
[ERROR] [1742873189.586735129] [moveit_robot_model.joint_model_group]: IK solver computes joint values for joint 'l_shoulder_pan_joint' but group 'base' does not contain such a joint.
[       OK ] LoadPlanningModelsPr2.UnionConstraintSampler (308 ms)
[ RUN      ] LoadPlanningModelsPr2.PoseConstraintSamplerManager
[INFO] [1742873189.810183928] [moveit_robot_model.robot_model]: Loading robot model 'pr2'...
[WARN] [1742873189.816507834] [moveit_robot_model.robot_model]: Link sensor_mount_link has visual geometry but no collision geometry. Collision geometry will be left empty. Fix your URDF file by explicitly specifying collision geometry.
[WARN] [1742873189.816558637] [moveit_robot_model.robot_model]: Link double_stereo_link has visual geometry but no collision geometry. Collision geometry will be left empty. Fix your URDF file by explicitly specifying collision geometry.
[WARN] [1742873189.893488074] [moveit_robot_model.robot_model]: Group state 'tuck_arms' doesn't specify all group joints in group 'arms'. l_shoulder_lift_joint, l_upper_arm_roll_joint, l_elbow_flex_joint, l_forearm_roll_joint, l_wrist_flex_joint, l_wrist_roll_joint, r_shoulder_pan_joint, r_shoulder_lift_joint, r_upper_arm_roll_joint, r_elbow_flex_joint, r_forearm_roll_joint, r_wrist_flex_joint, r_wrist_roll_joint are missing.
[WARN] [1742873189.893733061] [moveit_kinematics_base.kinematics_base]: Loading KDL Tree
[WARN] [1742873189.893781687] [kdl_parser]: The root link base_footprint has an inertia specified in the URDF, but KDL does not support a root link with an inertia.  As a workaround, you can add an extra dummy link to your URDF.
[WARN] [1742873189.894226331] [moveit_kinematics_base.kinematics_base]: Loading KDL Tree
[WARN] [1742873189.894244930] [kdl_parser]: The root link base_footprint has an inertia specified in the URDF, but KDL does not support a root link with an inertia.  As a workaround, you can add an extra dummy link to your URDF.
[ERROR] [1742873189.894520200] [moveit_robot_model.joint_model_group]: IK solver computes joint values for joint 'l_shoulder_pan_joint' but group 'base' does not contain such a joint.
[INFO] [1742873190.088690297] [test_constraint_samplers]: Success rate for IK Constraint Sampler with position & orientation constraints for one arm: 1.000000
[       OK ] LoadPlanningModelsPr2.PoseConstraintSamplerManager (317 ms)
[ RUN      ] LoadPlanningModelsPr2.JointVersusPoseConstraintSamplerManager
[INFO] [1742873190.126902284] [moveit_robot_model.robot_model]: Loading robot model 'pr2'...
[WARN] [1742873190.133369192] [moveit_robot_model.robot_model]: Link sensor_mount_link has visual geometry but no collision geometry. Collision geometry will be left empty. Fix your URDF file by explicitly specifying collision geometry.
[WARN] [1742873190.133417913] [moveit_robot_model.robot_model]: Link double_stereo_link has visual geometry but no collision geometry. Collision geometry will be left empty. Fix your URDF file by explicitly specifying collision geometry.
[WARN] [1742873190.210440694] [moveit_robot_model.robot_model]: Group state 'tuck_arms' doesn't specify all group joints in group 'arms'. l_shoulder_lift_joint, l_upper_arm_roll_joint, l_elbow_flex_joint, l_forearm_roll_joint, l_wrist_flex_joint, l_wrist_roll_joint, r_shoulder_pan_joint, r_shoulder_lift_joint, r_upper_arm_roll_joint, r_elbow_flex_joint, r_forearm_roll_joint, r_wrist_flex_joint, r_wrist_roll_joint are missing.
[WARN] [1742873190.210563010] [moveit_kinematics_base.kinematics_base]: Loading KDL Tree
[WARN] [1742873190.210607218] [kdl_parser]: The root link base_footprint has an inertia specified in the URDF, but KDL does not support a root link with an inertia.  As a workaround, you can add an extra dummy link to your URDF.
[WARN] [1742873190.211051666] [moveit_kinematics_base.kinematics_base]: Loading KDL Tree
[WARN] [1742873190.211074747] [kdl_parser]: The root link base_footprint has an inertia specified in the URDF, but KDL does not support a root link with an inertia.  As a workaround, you can add an extra dummy link to your URDF.
[ERROR] [1742873190.211354015] [moveit_robot_model.joint_model_group]: IK solver computes joint values for joint 'l_shoulder_pan_joint' but group 'base' does not contain such a joint.
[ERROR] [1742873190.385557598] [moveit_constraint_samplers.default_constraint_samplers]: IK cannot be performed for link 'r_wrist_roll_link'. The solver can report IK solutions for link 'l_wrist_roll_link'.
[ERROR] [1742873190.385901209] [moveit_constraint_samplers.default_constraint_samplers]: IK cannot be performed for link 'r_wrist_roll_link'. The solver can report IK solutions for link 'l_wrist_roll_link'.
[ERROR] [1742873190.386047726] [moveit_constraint_samplers.default_constraint_samplers]: IK cannot be performed for link 'r_wrist_roll_link'. The solver can report IK solutions for link 'l_wrist_roll_link'.
[       OK ] LoadPlanningModelsPr2.JointVersusPoseConstraintSamplerManager (297 ms)
[ RUN      ] LoadPlanningModelsPr2.MixedJointAndIkSamplerManager
[INFO] [1742873190.423946096] [moveit_robot_model.robot_model]: Loading robot model 'pr2'...
[WARN] [1742873190.430286142] [moveit_robot_model.robot_model]: Link sensor_mount_link has visual geometry but no collision geometry. Collision geometry will be left empty. Fix your URDF file by explicitly specifying collision geometry.
[WARN] [1742873190.430341682] [moveit_robot_model.robot_model]: Link double_stereo_link has visual geometry but no collision geometry. Collision geometry will be left empty. Fix your URDF file by explicitly specifying collision geometry.
[WARN] [1742873190.507190032] [moveit_robot_model.robot_model]: Group state 'tuck_arms' doesn't specify all group joints in group 'arms'. l_shoulder_lift_joint, l_upper_arm_roll_joint, l_elbow_flex_joint, l_forearm_roll_joint, l_wrist_flex_joint, l_wrist_roll_joint, r_shoulder_pan_joint, r_shoulder_lift_joint, r_upper_arm_roll_joint, r_elbow_flex_joint, r_forearm_roll_joint, r_wrist_flex_joint, r_wrist_roll_joint are missing.
[WARN] [1742873190.507304569] [moveit_kinematics_base.kinematics_base]: Loading KDL Tree
[WARN] [1742873190.507345864] [kdl_parser]: The root link base_footprint has an inertia specified in the URDF, but KDL does not support a root link with an inertia.  As a workaround, you can add an extra dummy link to your URDF.
[WARN] [1742873190.507796586] [moveit_kinematics_base.kinematics_base]: Loading KDL Tree
[WARN] [1742873190.507816113] [kdl_parser]: The root link base_footprint has an inertia specified in the URDF, but KDL does not support a root link with an inertia.  As a workaround, you can add an extra dummy link to your URDF.
[ERROR] [1742873190.508094486] [moveit_robot_model.joint_model_group]: IK solver computes joint values for joint 'l_shoulder_pan_joint' but group 'base' does not contain such a joint.
[       OK ] LoadPlanningModelsPr2.MixedJointAndIkSamplerManager (297 ms)
[ RUN      ] LoadPlanningModelsPr2.SubgroupJointConstraintsSamplerManager
[INFO] [1742873190.721702420] [moveit_robot_model.robot_model]: Loading robot model 'pr2'...
[WARN] [1742873190.728021019] [moveit_robot_model.robot_model]: Link sensor_mount_link has visual geometry but no collision geometry. Collision geometry will be left empty. Fix your URDF file by explicitly specifying collision geometry.
[WARN] [1742873190.728075950] [moveit_robot_model.robot_model]: Link double_stereo_link has visual geometry but no collision geometry. Collision geometry will be left empty. Fix your URDF file by explicitly specifying collision geometry.
[WARN] [1742873190.805325757] [moveit_robot_model.robot_model]: Group state 'tuck_arms' doesn't specify all group joints in group 'arms'. l_shoulder_lift_joint, l_upper_arm_roll_joint, l_elbow_flex_joint, l_forearm_roll_joint, l_wrist_flex_joint, l_wrist_roll_joint, r_shoulder_pan_joint, r_shoulder_lift_joint, r_upper_arm_roll_joint, r_elbow_flex_joint, r_forearm_roll_joint, r_wrist_flex_joint, r_wrist_roll_joint are missing.
[WARN] [1742873190.805445768] [moveit_kinematics_base.kinematics_base]: Loading KDL Tree
[WARN] [1742873190.805490809] [kdl_parser]: The root link base_footprint has an inertia specified in the URDF, but KDL does not support a root link with an inertia.  As a workaround, you can add an extra dummy link to your URDF.
[WARN] [1742873190.805936409] [moveit_kinematics_base.kinematics_base]: Loading KDL Tree
[WARN] [1742873190.805959746] [kdl_parser]: The root link base_footprint has an inertia specified in the URDF, but KDL does not support a root link with an inertia.  As a workaround, you can add an extra dummy link to your URDF.
[ERROR] [1742873190.806239687] [moveit_robot_model.joint_model_group]: IK solver computes joint values for joint 'l_shoulder_pan_joint' but group 'base' does not contain such a joint.
[       OK ] LoadPlanningModelsPr2.SubgroupJointConstraintsSamplerManager (297 ms)
[ RUN      ] LoadPlanningModelsPr2.SubgroupPoseConstraintsSampler
[INFO] [1742873191.018544568] [moveit_robot_model.robot_model]: Loading robot model 'pr2'...
[WARN] [1742873191.025011389] [moveit_robot_model.robot_model]: Link sensor_mount_link has visual geometry but no collision geometry. Collision geometry will be left empty. Fix your URDF file by explicitly specifying collision geometry.
[WARN] [1742873191.025071090] [moveit_robot_model.robot_model]: Link double_stereo_link has visual geometry but no collision geometry. Collision geometry will be left empty. Fix your URDF file by explicitly specifying collision geometry.
[WARN] [1742873191.102527184] [moveit_robot_model.robot_model]: Group state 'tuck_arms' doesn't specify all group joints in group 'arms'. l_shoulder_lift_joint, l_upper_arm_roll_joint, l_elbow_flex_joint, l_forearm_roll_joint, l_wrist_flex_joint, l_wrist_roll_joint, r_shoulder_pan_joint, r_shoulder_lift_joint, r_upper_arm_roll_joint, r_elbow_flex_joint, r_forearm_roll_joint, r_wrist_flex_joint, r_wrist_roll_joint are missing.
[WARN] [1742873191.102769605] [moveit_kinematics_base.kinematics_base]: Loading KDL Tree
[WARN] [1742873191.102818486] [kdl_parser]: The root link base_footprint has an inertia specified in the URDF, but KDL does not support a root link with an inertia.  As a workaround, you can add an extra dummy link to your URDF.
[WARN] [1742873191.103311012] [moveit_kinematics_base.kinematics_base]: Loading KDL Tree
[WARN] [1742873191.103332491] [kdl_parser]: The root link base_footprint has an inertia specified in the URDF, but KDL does not support a root link with an inertia.  As a workaround, you can add an extra dummy link to your URDF.
[ERROR] [1742873191.103616143] [moveit_robot_model.joint_model_group]: IK solver computes joint values for joint 'l_shoulder_pan_joint' but group 'base' does not contain such a joint.
[INFO] [1742873191.317953248] [pr2_arm_kinematics_plugin]: Success rate for IK Constraint Sampler with position & orientation constraints for both arms: 1.000000
[       OK ] LoadPlanningModelsPr2.SubgroupPoseConstraintsSampler (338 ms)
[ RUN      ] LoadPlanningModelsPr2.JointConstraintsSamplerSeeded
[INFO] [1742873191.356409023] [moveit_robot_model.robot_model]: Loading robot model 'pr2'...
[WARN] [1742873191.362790341] [moveit_robot_model.robot_model]: Link sensor_mount_link has visual geometry but no collision geometry. Collision geometry will be left empty. Fix your URDF file by explicitly specifying collision geometry.
[WARN] [1742873191.362843896] [moveit_robot_model.robot_model]: Link double_stereo_link has visual geometry but no collision geometry. Collision geometry will be left empty. Fix your URDF file by explicitly specifying collision geometry.
[WARN] [1742873191.440149569] [moveit_robot_model.robot_model]: Group state 'tuck_arms' doesn't specify all group joints in group 'arms'. l_shoulder_lift_joint, l_upper_arm_roll_joint, l_elbow_flex_joint, l_forearm_roll_joint, l_wrist_flex_joint, l_wrist_roll_joint, r_shoulder_pan_joint, r_shoulder_lift_joint, r_upper_arm_roll_joint, r_elbow_flex_joint, r_forearm_roll_joint, r_wrist_flex_joint, r_wrist_roll_joint are missing.
[WARN] [1742873191.440272364] [moveit_kinematics_base.kinematics_base]: Loading KDL Tree
[WARN] [1742873191.440314203] [kdl_parser]: The root link base_footprint has an inertia specified in the URDF, but KDL does not support a root link with an inertia.  As a workaround, you can add an extra dummy link to your URDF.
[WARN] [1742873191.440810346] [moveit_kinematics_base.kinematics_base]: Loading KDL Tree
[WARN] [1742873191.440836947] [kdl_parser]: The root link base_footprint has an inertia specified in the URDF, but KDL does not support a root link with an inertia.  As a workaround, you can add an extra dummy link to your URDF.
[ERROR] [1742873191.441132443] [moveit_robot_model.joint_model_group]: IK solver computes joint values for joint 'l_shoulder_pan_joint' but group 'base' does not contain such a joint.
[       OK ] LoadPlanningModelsPr2.JointConstraintsSamplerSeeded (297 ms)
[ RUN      ] LoadPlanningModelsPr2.IKConstraintsSamplerSeeded
[INFO] [1742873191.653247773] [moveit_robot_model.robot_model]: Loading robot model 'pr2'...
[WARN] [1742873191.659566830] [moveit_robot_model.robot_model]: Link sensor_mount_link has visual geometry but no collision geometry. Collision geometry will be left empty. Fix your URDF file by explicitly specifying collision geometry.
[WARN] [1742873191.659617311] [moveit_robot_model.robot_model]: Link double_stereo_link has visual geometry but no collision geometry. Collision geometry will be left empty. Fix your URDF file by explicitly specifying collision geometry.
[WARN] [1742873191.736767410] [moveit_robot_model.robot_model]: Group state 'tuck_arms' doesn't specify all group joints in group 'arms'. l_shoulder_lift_joint, l_upper_arm_roll_joint, l_elbow_flex_joint, l_forearm_roll_joint, l_wrist_flex_joint, l_wrist_roll_joint, r_shoulder_pan_joint, r_shoulder_lift_joint, r_upper_arm_roll_joint, r_elbow_flex_joint, r_forearm_roll_joint, r_wrist_flex_joint, r_wrist_roll_joint are missing.
[WARN] [1742873191.736877753] [moveit_kinematics_base.kinematics_base]: Loading KDL Tree
[WARN] [1742873191.736921448] [kdl_parser]: The root link base_footprint has an inertia specified in the URDF, but KDL does not support a root link with an inertia.  As a workaround, you can add an extra dummy link to your URDF.
[WARN] [1742873191.737469737] [moveit_kinematics_base.kinematics_base]: Loading KDL Tree
[WARN] [1742873191.737492401] [kdl_parser]: The root link base_footprint has an inertia specified in the URDF, but KDL does not support a root link with an inertia.  As a workaround, you can add an extra dummy link to your URDF.
[ERROR] [1742873191.737774804] [moveit_robot_model.joint_model_group]: IK solver computes joint values for joint 'l_shoulder_pan_joint' but group 'base' does not contain such a joint.
[       OK ] LoadPlanningModelsPr2.IKConstraintsSamplerSeeded (298 ms)
[----------] 12 tests from LoadPlanningModelsPr2 (3754 ms total)

[----------] Global test environment tear-down
[==========] 12 tests from 1 test suite ran. (3754 ms total)
[  PASSED  ] 12 tests.
-- run_test.py: return code 0
-- run_test.py: inject classname prefix into gtest result file '/home/ugv-c7/CodeWorkspace/UGV-Robot/ros2_humble_colcon_ws/build/moveit_core/test_results/moveit_core/test_constraint_samplers.gtest.xml'
-- run_test.py: verify result file '/home/ugv-c7/CodeWorkspace/UGV-Robot/ros2_humble_colcon_ws/build/moveit_core/test_results/moveit_core/test_constraint_samplers.gtest.xml'
<end of output>
Test time =   4.21 sec
----------------------------------------------------------
Test Passed.
"test_constraint_samplers" end time: Mar 24 23:26 EDT
"test_constraint_samplers" time elapsed: 00:00:04
----------------------------------------------------------

6/33 Testing: test_voxel_grid
6/33 Test: test_voxel_grid
Command: "/usr/bin/python3" "-u" "/opt/ros/humble/share/ament_cmake_test/cmake/run_test.py" "/home/ugv-c7/CodeWorkspace/UGV-Robot/ros2_humble_colcon_ws/build/moveit_core/test_results/moveit_core/test_voxel_grid.gtest.xml" "--package-name" "moveit_core" "--output-file" "/home/ugv-c7/CodeWorkspace/UGV-Robot/ros2_humble_colcon_ws/build/moveit_core/ament_cmake_gtest/test_voxel_grid.txt" "--command" "/home/ugv-c7/CodeWorkspace/UGV-Robot/ros2_humble_colcon_ws/build/moveit_core/distance_field/test_voxel_grid" "--gtest_output=xml:/home/ugv-c7/CodeWorkspace/UGV-Robot/ros2_humble_colcon_ws/build/moveit_core/test_results/moveit_core/test_voxel_grid.gtest.xml"
Directory: /home/ugv-c7/CodeWorkspace/UGV-Robot/ros2_humble_colcon_ws/build/moveit_core/distance_field
"test_voxel_grid" start time: Mar 24 23:26 EDT
Output:
----------------------------------------------------------
-- run_test.py: invoking following command in '/home/ugv-c7/CodeWorkspace/UGV-Robot/ros2_humble_colcon_ws/build/moveit_core/distance_field':
 - /home/ugv-c7/CodeWorkspace/UGV-Robot/ros2_humble_colcon_ws/build/moveit_core/distance_field/test_voxel_grid --gtest_output=xml:/home/ugv-c7/CodeWorkspace/UGV-Robot/ros2_humble_colcon_ws/build/moveit_core/test_results/moveit_core/test_voxel_grid.gtest.xml
[==========] Running 1 test from 1 test suite.
[----------] Global test environment set-up.
[----------] 1 test from TestVoxelGrid
[ RUN      ] TestVoxelGrid.TestReadWrite
[       OK ] TestVoxelGrid.TestReadWrite (0 ms)
[----------] 1 test from TestVoxelGrid (0 ms total)

[----------] Global test environment tear-down
[==========] 1 test from 1 test suite ran. (0 ms total)
[  PASSED  ] 1 test.
-- run_test.py: return code 0
-- run_test.py: inject classname prefix into gtest result file '/home/ugv-c7/CodeWorkspace/UGV-Robot/ros2_humble_colcon_ws/build/moveit_core/test_results/moveit_core/test_voxel_grid.gtest.xml'
-- run_test.py: verify result file '/home/ugv-c7/CodeWorkspace/UGV-Robot/ros2_humble_colcon_ws/build/moveit_core/test_results/moveit_core/test_voxel_grid.gtest.xml'
<end of output>
Test time =   0.21 sec
----------------------------------------------------------
Test Passed.
"test_voxel_grid" end time: Mar 24 23:26 EDT
"test_voxel_grid" time elapsed: 00:00:00
----------------------------------------------------------

7/33 Testing: test_distance_field
7/33 Test: test_distance_field
Command: "/usr/bin/python3" "-u" "/opt/ros/humble/share/ament_cmake_test/cmake/run_test.py" "/home/ugv-c7/CodeWorkspace/UGV-Robot/ros2_humble_colcon_ws/build/moveit_core/test_results/moveit_core/test_distance_field.gtest.xml" "--package-name" "moveit_core" "--output-file" "/home/ugv-c7/CodeWorkspace/UGV-Robot/ros2_humble_colcon_ws/build/moveit_core/ament_cmake_gtest/test_distance_field.txt" "--command" "/home/ugv-c7/CodeWorkspace/UGV-Robot/ros2_humble_colcon_ws/build/moveit_core/distance_field/test_distance_field" "--gtest_output=xml:/home/ugv-c7/CodeWorkspace/UGV-Robot/ros2_humble_colcon_ws/build/moveit_core/test_results/moveit_core/test_distance_field.gtest.xml"
Directory: /home/ugv-c7/CodeWorkspace/UGV-Robot/ros2_humble_colcon_ws/build/moveit_core/distance_field
"test_distance_field" start time: Mar 24 23:26 EDT
Output:
----------------------------------------------------------
-- run_test.py: invoking following command in '/home/ugv-c7/CodeWorkspace/UGV-Robot/ros2_humble_colcon_ws/build/moveit_core/distance_field':
 - /home/ugv-c7/CodeWorkspace/UGV-Robot/ros2_humble_colcon_ws/build/moveit_core/distance_field/test_distance_field --gtest_output=xml:/home/ugv-c7/CodeWorkspace/UGV-Robot/ros2_humble_colcon_ws/build/moveit_core/test_results/moveit_core/test_distance_field.gtest.xml
[==========] Running 6 tests from 2 test suites.
[----------] Global test environment set-up.
[----------] 1 test from TestPropagationDistanceField
[ RUN      ] TestPropagationDistanceField.TestAddRemovePoints
Dist 0.141421
Cell 1 1 1 0.1 0.1 0.1
Scale 0 0.707107 0.707107
Grad 0 0.618034 0.618034 comp 0.1 -1.98962e-17 -1.98962e-17
[       OK ] TestPropagationDistanceField.TestAddRemovePoints (0 ms)
[----------] 1 test from TestPropagationDistanceField (0 ms total)

[----------] 5 tests from TestSignedPropagationDistanceField
[ RUN      ] TestSignedPropagationDistanceField.TestSignedAddRemovePoints
[       OK ] TestSignedPropagationDistanceField.TestSignedAddRemovePoints (6 ms)
[ RUN      ] TestSignedPropagationDistanceField.TestShape
[       OK ] TestSignedPropagationDistanceField.TestShape (2 ms)
[ RUN      ] TestSignedPropagationDistanceField.TestPerformance
Creating distance field with 4.5e+06 entries
Creating unsigned took 0.137 secs
Creating signed took 0.137 secs
Adding 250000 points
Adding to unsigned took 0.377 secs avg 1.508e-06
Re-adding to unsigned took 0.055 secs
Adding to signed took 0.696 secs avg 2.784e-06
Moving in unsigned took 0.501 secs
Moving in signed took 0.535 secs
Removing from unsigned took 0.421 secs
Removing from signed took 0.564 secs
Adding 507 points
Adding to unsigned took 0.007 secs avg 14776.4
Adding to signed took 0.01 secs avg 20655.4
Moving in unsigned took 0.009 secs
Moving in signed took 0.009 secs
Time for unsigned adding 3042 uniform points is 2.81723 average 0.00092611
Time for signed adding 3042 uniform points is 2.92708 average 0.000962221
[       OK ] TestSignedPropagationDistanceField.TestPerformance (9594 ms)
[ RUN      ] TestSignedPropagationDistanceField.TestOcTree
OcTree nodes 796875
Leaf node 0.525 0.525 0.525
Leaf node 0.675 0.525 0.525
Leaf node 1.025 0.525 0.525
Occupied cells 192
[       OK ] TestSignedPropagationDistanceField.TestOcTree (4159 ms)
[ RUN      ] TestSignedPropagationDistanceField.TestReadWrite
Reconstruction for big file took 228940475
Cell 0 0 0 distances not equal 169 196
[       OK ] TestSignedPropagationDistanceField.TestReadWrite (933 ms)
[----------] 5 tests from TestSignedPropagationDistanceField (14694 ms total)

[----------] Global test environment tear-down
[==========] 6 tests from 2 test suites ran. (14694 ms total)
[  PASSED  ] 6 tests.
-- run_test.py: return code 0
-- run_test.py: inject classname prefix into gtest result file '/home/ugv-c7/CodeWorkspace/UGV-Robot/ros2_humble_colcon_ws/build/moveit_core/test_results/moveit_core/test_distance_field.gtest.xml'
-- run_test.py: verify result file '/home/ugv-c7/CodeWorkspace/UGV-Robot/ros2_humble_colcon_ws/build/moveit_core/test_results/moveit_core/test_distance_field.gtest.xml'
<end of output>
Test time =  14.93 sec
----------------------------------------------------------
Test Passed.
"test_distance_field" end time: Mar 24 23:26 EDT
"test_distance_field" time elapsed: 00:00:14
----------------------------------------------------------

8/33 Testing: test_constraints
8/33 Test: test_constraints
Command: "/usr/bin/python3" "-u" "/opt/ros/humble/share/ament_cmake_test/cmake/run_test.py" "/home/ugv-c7/CodeWorkspace/UGV-Robot/ros2_humble_colcon_ws/build/moveit_core/test_results/moveit_core/test_constraints.gtest.xml" "--package-name" "moveit_core" "--output-file" "/home/ugv-c7/CodeWorkspace/UGV-Robot/ros2_humble_colcon_ws/build/moveit_core/ament_cmake_gtest/test_constraints.txt" "--append-env" "LD_LIBRARY_PATH=/home/ugv-c7/CodeWorkspace/UGV-Robot/ros2_humble_colcon_ws/build/moveit_core/kinematic_constraints" "LD_LIBRARY_PATH=/home/ugv-c7/CodeWorkspace/UGV-Robot/ros2_humble_colcon_ws/build/moveit_core/kinematic_constraints/../utils" "LD_LIBRARY_PATH=/home/ugv-c7/CodeWorkspace/UGV-Robot/ros2_humble_colcon_ws/build/moveit_core/kinematic_constraints/../robot_model" "LD_LIBRARY_PATH=/home/ugv-c7/CodeWorkspace/UGV-Robot/ros2_humble_colcon_ws/build/moveit_core/kinematic_constraints/../robot_state" "LD_LIBRARY_PATH=/home/ugv-c7/CodeWorkspace/UGV-Robot/ros2_humble_colcon_ws/build/moveit_core/kinematic_constraints/../collision_detection_fcl" "--command" "/home/ugv-c7/CodeWorkspace/UGV-Robot/ros2_humble_colcon_ws/build/moveit_core/kinematic_constraints/test_constraints" "--gtest_output=xml:/home/ugv-c7/CodeWorkspace/UGV-Robot/ros2_humble_colcon_ws/build/moveit_core/test_results/moveit_core/test_constraints.gtest.xml"
Directory: /home/ugv-c7/CodeWorkspace/UGV-Robot/ros2_humble_colcon_ws/build/moveit_core/kinematic_constraints
"test_constraints" start time: Mar 24 23:26 EDT
Output:
----------------------------------------------------------
-- run_test.py: extra environment variables to append:
 - LD_LIBRARY_PATH+=/home/ugv-c7/CodeWorkspace/UGV-Robot/ros2_humble_colcon_ws/build/moveit_core/kinematic_constraints
 - LD_LIBRARY_PATH+=/home/ugv-c7/CodeWorkspace/UGV-Robot/ros2_humble_colcon_ws/build/moveit_core/kinematic_constraints/../utils
 - LD_LIBRARY_PATH+=/home/ugv-c7/CodeWorkspace/UGV-Robot/ros2_humble_colcon_ws/build/moveit_core/kinematic_constraints/../robot_model
 - LD_LIBRARY_PATH+=/home/ugv-c7/CodeWorkspace/UGV-Robot/ros2_humble_colcon_ws/build/moveit_core/kinematic_constraints/../robot_state
 - LD_LIBRARY_PATH+=/home/ugv-c7/CodeWorkspace/UGV-Robot/ros2_humble_colcon_ws/build/moveit_core/kinematic_constraints/../collision_detection_fcl
-- run_test.py: invoking following command in '/home/ugv-c7/CodeWorkspace/UGV-Robot/ros2_humble_colcon_ws/build/moveit_core/kinematic_constraints':
 - /home/ugv-c7/CodeWorkspace/UGV-Robot/ros2_humble_colcon_ws/build/moveit_core/kinematic_constraints/test_constraints --gtest_output=xml:/home/ugv-c7/CodeWorkspace/UGV-Robot/ros2_humble_colcon_ws/build/moveit_core/test_results/moveit_core/test_constraints.gtest.xml
[==========] Running 11 tests from 1 test suite.
[----------] Global test environment set-up.
[----------] 11 tests from LoadPlanningModelsPr2
[ RUN      ] LoadPlanningModelsPr2.JointConstraintsSimple
[INFO] [1742873207.490760020] [moveit_robot_model.robot_model]: Loading robot model 'pr2'...
[WARN] [1742873207.497597378] [moveit_robot_model.robot_model]: Link sensor_mount_link has visual geometry but no collision geometry. Collision geometry will be left empty. Fix your URDF file by explicitly specifying collision geometry.
[WARN] [1742873207.497650193] [moveit_robot_model.robot_model]: Link double_stereo_link has visual geometry but no collision geometry. Collision geometry will be left empty. Fix your URDF file by explicitly specifying collision geometry.
[WARN] [1742873207.571700851] [moveit_robot_model.robot_model]: Group state 'tuck_arms' doesn't specify all group joints in group 'arms'. l_shoulder_lift_joint, l_upper_arm_roll_joint, l_elbow_flex_joint, l_forearm_roll_joint, l_wrist_flex_joint, l_wrist_roll_joint, r_shoulder_pan_joint, r_shoulder_lift_joint, r_upper_arm_roll_joint, r_elbow_flex_joint, r_forearm_roll_joint, r_wrist_flex_joint, r_wrist_roll_joint are missing.
[WARN] [1742873207.571882083] [moveit_kinematic_constraints.kinematic_constraints]: The weight on constraint for joint 'head_pan_joint' is very near zero.  Setting to 1.0.
[WARN] [1742873207.571897928] [moveit_kinematic_constraints.kinematic_constraints]: The weight on constraint for joint 'head_pan_joint' is very near zero.  Setting to 1.0.
[WARN] [1742873207.571906346] [moveit_kinematic_constraints.kinematic_constraints]: JointConstraint tolerance values must be positive.
[WARN] [1742873207.571911211] [moveit_kinematic_constraints.kinematic_constraints]: The weight on constraint for joint 'head_pan_joint' is very near zero.  Setting to 1.0.
[WARN] [1742873207.571917453] [moveit_kinematic_constraints.kinematic_constraints]: The weight on constraint for joint 'head_pan_joint' is very near zero.  Setting to 1.0.
[WARN] [1742873207.571923823] [moveit_kinematic_constraints.kinematic_constraints]: The weight on constraint for joint 'head_tilt_joint' is very near zero.  Setting to 1.0.
[WARN] [1742873207.571927344] [moveit_kinematic_constraints.kinematic_constraints]: The weight on constraint for joint 'head_pan_joint' is very near zero.  Setting to 1.0.
[ERROR] [1742873207.571935250] [moveit_robot_model.robot_model]: Joint '' not found in model 'pr2'
[ERROR] [1742873207.571942100] [moveit_kinematic_constraints.kinematic_constraints]: Joint 'base_footprint_joint' has no parameters to constrain
[WARN] [1742873207.571946389] [moveit_kinematic_constraints.kinematic_constraints]: The weight on constraint for joint 'head_pan_joint' is very near zero.  Setting to 1.0.
[       OK ] LoadPlanningModelsPr2.JointConstraintsSimple (105 ms)
[ RUN      ] LoadPlanningModelsPr2.JointConstraintsCont
[INFO] [1742873207.592084026] [moveit_robot_model.robot_model]: Loading robot model 'pr2'...
[WARN] [1742873207.597738282] [moveit_robot_model.robot_model]: Link sensor_mount_link has visual geometry but no collision geometry. Collision geometry will be left empty. Fix your URDF file by explicitly specifying collision geometry.
[WARN] [1742873207.597768498] [moveit_robot_model.robot_model]: Link double_stereo_link has visual geometry but no collision geometry. Collision geometry will be left empty. Fix your URDF file by explicitly specifying collision geometry.
[WARN] [1742873207.670258737] [moveit_robot_model.robot_model]: Group state 'tuck_arms' doesn't specify all group joints in group 'arms'. l_shoulder_lift_joint, l_upper_arm_roll_joint, l_elbow_flex_joint, l_forearm_roll_joint, l_wrist_flex_joint, l_wrist_roll_joint, r_shoulder_pan_joint, r_shoulder_lift_joint, r_upper_arm_roll_joint, r_elbow_flex_joint, r_forearm_roll_joint, r_wrist_flex_joint, r_wrist_roll_joint are missing.
[       OK ] LoadPlanningModelsPr2.JointConstraintsCont (99 ms)
[ RUN      ] LoadPlanningModelsPr2.JointConstraintsMultiDOF
[INFO] [1742873207.690353707] [moveit_robot_model.robot_model]: Loading robot model 'pr2'...
[WARN] [1742873207.695793505] [moveit_robot_model.robot_model]: Link sensor_mount_link has visual geometry but no collision geometry. Collision geometry will be left empty. Fix your URDF file by explicitly specifying collision geometry.
[WARN] [1742873207.695825642] [moveit_robot_model.robot_model]: Link double_stereo_link has visual geometry but no collision geometry. Collision geometry will be left empty. Fix your URDF file by explicitly specifying collision geometry.
[WARN] [1742873207.767854701] [moveit_robot_model.robot_model]: Group state 'tuck_arms' doesn't specify all group joints in group 'arms'. l_shoulder_lift_joint, l_upper_arm_roll_joint, l_elbow_flex_joint, l_forearm_roll_joint, l_wrist_flex_joint, l_wrist_roll_joint, r_shoulder_pan_joint, r_shoulder_lift_joint, r_upper_arm_roll_joint, r_elbow_flex_joint, r_forearm_roll_joint, r_wrist_flex_joint, r_wrist_roll_joint are missing.
[ERROR] [1742873207.767926816] [moveit_kinematic_constraints.kinematic_constraints]: Joint 'world_joint' has more than one parameter to constrain. This type of constraint is not supported.
[       OK ] LoadPlanningModelsPr2.JointConstraintsMultiDOF (97 ms)
[ RUN      ] LoadPlanningModelsPr2.PositionConstraintsFixed
[INFO] [1742873207.787951719] [moveit_robot_model.robot_model]: Loading robot model 'pr2'...
[WARN] [1742873207.793486455] [moveit_robot_model.robot_model]: Link sensor_mount_link has visual geometry but no collision geometry. Collision geometry will be left empty. Fix your URDF file by explicitly specifying collision geometry.
[WARN] [1742873207.793515679] [moveit_robot_model.robot_model]: Link double_stereo_link has visual geometry but no collision geometry. Collision geometry will be left empty. Fix your URDF file by explicitly specifying collision geometry.
[WARN] [1742873207.865753146] [moveit_robot_model.robot_model]: Group state 'tuck_arms' doesn't specify all group joints in group 'arms'. l_shoulder_lift_joint, l_upper_arm_roll_joint, l_elbow_flex_joint, l_forearm_roll_joint, l_wrist_flex_joint, l_wrist_roll_joint, r_shoulder_pan_joint, r_shoulder_lift_joint, r_upper_arm_roll_joint, r_elbow_flex_joint, r_forearm_roll_joint, r_wrist_flex_joint, r_wrist_roll_joint are missing.
[ERROR] [1742873207.865871193] [moveit_robot_model.robot_model]: Link '' not found in model 'pr2'
[WARN] [1742873207.865885981] [moveit_kinematic_constraints.kinematic_constraints]: Position constraint link model  not found in kinematic model. Constraint invalid.
[WARN] [1742873207.865894464] [moveit_kinematic_constraints.kinematic_constraints]: No frame specified for position constraint on link 'l_wrist_roll_link'!
[WARN] [1742873207.865901057] [moveit_kinematic_constraints.kinematic_constraints]: No frame specified for position constraint on link 'l_wrist_roll_link'!
[WARN] [1742873207.865906563] [moveit_kinematic_constraints.kinematic_constraints]: No frame specified for position constraint on link 'l_wrist_roll_link'!
[       OK ] LoadPlanningModelsPr2.PositionConstraintsFixed (98 ms)
[ RUN      ] LoadPlanningModelsPr2.PositionConstraintsMobile
[INFO] [1742873207.885964051] [moveit_robot_model.robot_model]: Loading robot model 'pr2'...
[WARN] [1742873207.891508133] [moveit_robot_model.robot_model]: Link sensor_mount_link has visual geometry but no collision geometry. Collision geometry will be left empty. Fix your URDF file by explicitly specifying collision geometry.
[WARN] [1742873207.891539438] [moveit_robot_model.robot_model]: Link double_stereo_link has visual geometry but no collision geometry. Collision geometry will be left empty. Fix your URDF file by explicitly specifying collision geometry.
[WARN] [1742873207.963602586] [moveit_robot_model.robot_model]: Group state 'tuck_arms' doesn't specify all group joints in group 'arms'. l_shoulder_lift_joint, l_upper_arm_roll_joint, l_elbow_flex_joint, l_forearm_roll_joint, l_wrist_flex_joint, l_wrist_roll_joint, r_shoulder_pan_joint, r_shoulder_lift_joint, r_upper_arm_roll_joint, r_elbow_flex_joint, r_forearm_roll_joint, r_wrist_flex_joint, r_wrist_roll_joint are missing.
[       OK ] LoadPlanningModelsPr2.PositionConstraintsMobile (98 ms)
[ RUN      ] LoadPlanningModelsPr2.PositionConstraintsEquality
[INFO] [1742873207.983900906] [moveit_robot_model.robot_model]: Loading robot model 'pr2'...
[WARN] [1742873207.989483815] [moveit_robot_model.robot_model]: Link sensor_mount_link has visual geometry but no collision geometry. Collision geometry will be left empty. Fix your URDF file by explicitly specifying collision geometry.
[WARN] [1742873207.989513487] [moveit_robot_model.robot_model]: Link double_stereo_link has visual geometry but no collision geometry. Collision geometry will be left empty. Fix your URDF file by explicitly specifying collision geometry.
[WARN] [1742873208.061751270] [moveit_robot_model.robot_model]: Group state 'tuck_arms' doesn't specify all group joints in group 'arms'. l_shoulder_lift_joint, l_upper_arm_roll_joint, l_elbow_flex_joint, l_forearm_roll_joint, l_wrist_flex_joint, l_wrist_roll_joint, r_shoulder_pan_joint, r_shoulder_lift_joint, r_upper_arm_roll_joint, r_elbow_flex_joint, r_forearm_roll_joint, r_wrist_flex_joint, r_wrist_roll_joint are missing.
[       OK ] LoadPlanningModelsPr2.PositionConstraintsEquality (98 ms)
[ RUN      ] LoadPlanningModelsPr2.OrientationConstraintsSimple
[INFO] [1742873208.081718276] [moveit_robot_model.robot_model]: Loading robot model 'pr2'...
[WARN] [1742873208.087251075] [moveit_robot_model.robot_model]: Link sensor_mount_link has visual geometry but no collision geometry. Collision geometry will be left empty. Fix your URDF file by explicitly specifying collision geometry.
[WARN] [1742873208.087280907] [moveit_robot_model.robot_model]: Link double_stereo_link has visual geometry but no collision geometry. Collision geometry will be left empty. Fix your URDF file by explicitly specifying collision geometry.
[WARN] [1742873208.159601261] [moveit_robot_model.robot_model]: Group state 'tuck_arms' doesn't specify all group joints in group 'arms'. l_shoulder_lift_joint, l_upper_arm_roll_joint, l_elbow_flex_joint, l_forearm_roll_joint, l_wrist_flex_joint, l_wrist_roll_joint, r_shoulder_pan_joint, r_shoulder_lift_joint, r_upper_arm_roll_joint, r_elbow_flex_joint, r_forearm_roll_joint, r_wrist_flex_joint, r_wrist_roll_joint are missing.
[ERROR] [1742873208.159707273] [moveit_robot_model.robot_model]: Link '' not found in model 'pr2'
[WARN] [1742873208.159723469] [moveit_kinematic_constraints.kinematic_constraints]: Could not find link model for link name 
[WARN] [1742873208.159731215] [moveit_kinematic_constraints.kinematic_constraints]: No frame specified for position constraint on link 'r_wrist_roll_link'!
[WARN] [1742873208.159809508] [moveit_kinematic_constraints.kinematic_constraints]: The weight on orientation constraint for link 'r_wrist_roll_link' is near zero.  Setting to 1.0.
[WARN] [1742873208.159815654] [moveit_kinematic_constraints.kinematic_constraints]: Near-zero value for absolute_x_axis_tolerance
[WARN] [1742873208.159819431] [moveit_kinematic_constraints.kinematic_constraints]: Near-zero value for absolute_y_axis_tolerance
[WARN] [1742873208.159822920] [moveit_kinematic_constraints.kinematic_constraints]: Near-zero value for absolute_z_axis_tolerance
[       OK ] LoadPlanningModelsPr2.OrientationConstraintsSimple (98 ms)
[ RUN      ] LoadPlanningModelsPr2.VisibilityConstraintsSimple
[INFO] [1742873208.179853015] [moveit_robot_model.robot_model]: Loading robot model 'pr2'...
[WARN] [1742873208.185484016] [moveit_robot_model.robot_model]: Link sensor_mount_link has visual geometry but no collision geometry. Collision geometry will be left empty. Fix your URDF file by explicitly specifying collision geometry.
[WARN] [1742873208.185514296] [moveit_robot_model.robot_model]: Link double_stereo_link has visual geometry but no collision geometry. Collision geometry will be left empty. Fix your URDF file by explicitly specifying collision geometry.
[WARN] [1742873208.257789357] [moveit_robot_model.robot_model]: Group state 'tuck_arms' doesn't specify all group joints in group 'arms'. l_shoulder_lift_joint, l_upper_arm_roll_joint, l_elbow_flex_joint, l_forearm_roll_joint, l_wrist_flex_joint, l_wrist_roll_joint, r_shoulder_pan_joint, r_shoulder_lift_joint, r_upper_arm_roll_joint, r_elbow_flex_joint, r_forearm_roll_joint, r_wrist_flex_joint, r_wrist_roll_joint are missing.
[WARN] [1742873208.439089413] [moveit_kinematic_constraints.kinematic_constraints]: The radius of the target disc that must be visible should be strictly positive
[WARN] [1742873208.439171323] [moveit_kinematic_constraints.kinematic_constraints]: The number of sides for the visibility region must be 3 or more. Assuming 3 sides instead of the specified 0
[WARN] [1742873208.439205604] [moveit_kinematic_constraints.kinematic_constraints]: The weight of visibility constraint is near zero.  Setting to 1.0.
[INFO] [1742873208.439745108] [moveit_kinematic_constraints.kinematic_constraints]: Visibility constraint satisfied. Visibility cone approximation:
 Mesh[vertices=12, triangles=20]

[INFO] [1742873208.439944265] [moveit_kinematic_constraints.kinematic_constraints]: Visibility constraint satisfied. Visibility cone approximation:
 Mesh[vertices=12, triangles=20]

[INFO] [1742873208.440089935] [moveit_kinematic_constraints.kinematic_constraints]: Visibility constraint satisfied. Visibility cone approximation:
 Mesh[vertices=12, triangles=20]

[INFO] [1742873208.440106100] [moveit_kinematic_constraints.kinematic_constraints]: Visibility constraint is violated because the view angle is 0.120072 (above the maximum allowed of 0.100000)
[       OK ] LoadPlanningModelsPr2.VisibilityConstraintsSimple (281 ms)
[ RUN      ] LoadPlanningModelsPr2.VisibilityConstraintsPR2
[INFO] [1742873208.461535543] [moveit_robot_model.robot_model]: Loading robot model 'pr2'...
[WARN] [1742873208.467571804] [moveit_robot_model.robot_model]: Link sensor_mount_link has visual geometry but no collision geometry. Collision geometry will be left empty. Fix your URDF file by explicitly specifying collision geometry.
[WARN] [1742873208.467605285] [moveit_robot_model.robot_model]: Link double_stereo_link has visual geometry but no collision geometry. Collision geometry will be left empty. Fix your URDF file by explicitly specifying collision geometry.
[WARN] [1742873208.540957048] [moveit_robot_model.robot_model]: Group state 'tuck_arms' doesn't specify all group joints in group 'arms'. l_shoulder_lift_joint, l_upper_arm_roll_joint, l_elbow_flex_joint, l_forearm_roll_joint, l_wrist_flex_joint, l_wrist_roll_joint, r_shoulder_pan_joint, r_shoulder_lift_joint, r_upper_arm_roll_joint, r_elbow_flex_joint, r_forearm_roll_joint, r_wrist_flex_joint, r_wrist_roll_joint are missing.
[WARN] [1742873208.717112152] [moveit_kinematic_constraints.kinematic_constraints]: The radius of the target disc that must be visible should be strictly positive
[INFO] [1742873208.718154445] [moveit_kinematic_constraints.kinematic_constraints]: Visibility constraint satisfied. Visibility cone approximation:
 Mesh[vertices=12, triangles=20]

[INFO] [1742873208.719158232] [moveit_collision_detection_fcl.collision_common]: Found 95 contacts between 'cone' and 'r_forearm_link'. These contacts will be evaluated to check if they are accepted or not
[INFO] [1742873208.719228811] [moveit_collision_detection_fcl.collision_common]: Found unacceptable contact between 'cone' and 'r_forearm_link'. Contact was stored.
[INFO] [1742873208.719237901] [moveit_collision_detection_fcl.collision_common]: Collision checking is considered complete (collision was found and 1 contacts are stored)
[INFO] [1742873208.719258195] [moveit_kinematic_constraints.kinematic_constraints]: Visibility constraint not satisfied. Visibility cone approximation:
 Mesh[vertices=12, triangles=20]

[INFO] [1742873208.719506965] [moveit_kinematic_constraints.kinematic_constraints]: Visibility constraint satisfied. Visibility cone approximation:
 Mesh[vertices=12, triangles=20]

[INFO] [1742873208.719741075] [moveit_kinematic_constraints.kinematic_constraints]: Visibility constraint satisfied. Visibility cone approximation:
 Mesh[vertices=12, triangles=20]

[INFO] [1742873208.719953868] [moveit_kinematic_constraints.kinematic_constraints]: Visibility constraint satisfied. Visibility cone approximation:
 Mesh[vertices=12, triangles=20]

[INFO] [1742873208.720338578] [moveit_collision_detection_fcl.collision_common]: Found 32 contacts between 'cone' and 'l_gripper_r_finger_tip_link'. These contacts will be evaluated to check if they are accepted or not
[INFO] [1742873208.720368634] [moveit_kinematic_constraints.kinematic_constraints]: Visibility constraint satisfied. Visibility cone approximation:
 Mesh[vertices=12, triangles=20]

[INFO] [1742873208.720630720] [moveit_collision_detection_fcl.collision_common]: Found 32 contacts between 'cone' and 'l_gripper_l_finger_link'. These contacts will be evaluated to check if they are accepted or not
[INFO] [1742873208.720643747] [moveit_collision_detection_fcl.collision_common]: Found unacceptable contact between 'cone' and 'l_gripper_l_finger_link'. Contact was stored.
[INFO] [1742873208.720649221] [moveit_collision_detection_fcl.collision_common]: Collision checking is considered complete (collision was found and 1 contacts are stored)
[INFO] [1742873208.720662344] [moveit_kinematic_constraints.kinematic_constraints]: Visibility constraint not satisfied. Visibility cone approximation:
 Mesh[vertices=12, triangles=20]

[       OK ] LoadPlanningModelsPr2.VisibilityConstraintsPR2 (281 ms)
[ RUN      ] LoadPlanningModelsPr2.TestKinematicConstraintSet
[INFO] [1742873208.742124532] [moveit_robot_model.robot_model]: Loading robot model 'pr2'...
[WARN] [1742873208.748202180] [moveit_robot_model.robot_model]: Link sensor_mount_link has visual geometry but no collision geometry. Collision geometry will be left empty. Fix your URDF file by explicitly specifying collision geometry.
[WARN] [1742873208.748233581] [moveit_robot_model.robot_model]: Link double_stereo_link has visual geometry but no collision geometry. Collision geometry will be left empty. Fix your URDF file by explicitly specifying collision geometry.
[WARN] [1742873208.821511885] [moveit_robot_model.robot_model]: Group state 'tuck_arms' doesn't specify all group joints in group 'arms'. l_shoulder_lift_joint, l_upper_arm_roll_joint, l_elbow_flex_joint, l_forearm_roll_joint, l_wrist_flex_joint, l_wrist_roll_joint, r_shoulder_pan_joint, r_shoulder_lift_joint, r_upper_arm_roll_joint, r_elbow_flex_joint, r_forearm_roll_joint, r_wrist_flex_joint, r_wrist_roll_joint are missing.
[ERROR] [1742873208.821680377] [moveit_robot_model.robot_model]: Joint 'no_joint' not found in model 'pr2'
[       OK ] LoadPlanningModelsPr2.TestKinematicConstraintSet (100 ms)
[ RUN      ] LoadPlanningModelsPr2.TestKinematicConstraintSetEquality
[INFO] [1742873208.842012953] [moveit_robot_model.robot_model]: Loading robot model 'pr2'...
[WARN] [1742873208.847555963] [moveit_robot_model.robot_model]: Link sensor_mount_link has visual geometry but no collision geometry. Collision geometry will be left empty. Fix your URDF file by explicitly specifying collision geometry.
[WARN] [1742873208.847587107] [moveit_robot_model.robot_model]: Link double_stereo_link has visual geometry but no collision geometry. Collision geometry will be left empty. Fix your URDF file by explicitly specifying collision geometry.
[WARN] [1742873208.920171083] [moveit_robot_model.robot_model]: Group state 'tuck_arms' doesn't specify all group joints in group 'arms'. l_shoulder_lift_joint, l_upper_arm_roll_joint, l_elbow_flex_joint, l_forearm_roll_joint, l_wrist_flex_joint, l_wrist_roll_joint, r_shoulder_pan_joint, r_shoulder_lift_joint, r_upper_arm_roll_joint, r_elbow_flex_joint, r_forearm_roll_joint, r_wrist_flex_joint, r_wrist_roll_joint are missing.
[       OK ] LoadPlanningModelsPr2.TestKinematicConstraintSetEquality (99 ms)
[----------] 11 tests from LoadPlanningModelsPr2 (1454 ms total)

[----------] Global test environment tear-down
[==========] 11 tests from 1 test suite ran. (1455 ms total)
[  PASSED  ] 11 tests.
-- run_test.py: return code 0
-- run_test.py: inject classname prefix into gtest result file '/home/ugv-c7/CodeWorkspace/UGV-Robot/ros2_humble_colcon_ws/build/moveit_core/test_results/moveit_core/test_constraints.gtest.xml'
-- run_test.py: verify result file '/home/ugv-c7/CodeWorkspace/UGV-Robot/ros2_humble_colcon_ws/build/moveit_core/test_results/moveit_core/test_constraints.gtest.xml'
<end of output>
[...]
[WARN] [1742873232.883961214] [moveit_robot_model.robot_model]: Group state 'tuck_arms' doesn't specify all group joints in group 'arms'. l_shoulder_lift_joint, l_upper_arm_roll_joint, l_elbow_flex_joint, l_forearm_roll_joint, l_wrist_flex_joint, l_wrist_roll_joint, r_shoulder_pan_joint, r_shoulder_lift_joint, r_upper_arm_roll_joint, r_elbow_flex_joint, r_forearm_roll_joint, r_wrist_flex_joint, r_wrist_roll_joint are missing.
[       OK ] FCLCollisionCheck/CollisionDetectorTest/0.InitOK (293 ms)
[ RUN      ] FCLCollisionCheck/CollisionDetectorTest/0.DefaultNotInCollision
[INFO] [1742873233.093358894] [moveit_robot_model.robot_model]: Loading robot model 'pr2'...
[WARN] [1742873233.099409510] [moveit_robot_model.robot_model]: Link sensor_mount_link has visual geometry but no collision geometry. Collision geometry will be left empty. Fix your URDF file by explicitly specifying collision geometry.
[WARN] [1742873233.099443886] [moveit_robot_model.robot_model]: Link double_stereo_link has visual geometry but no collision geometry. Collision geometry will be left empty. Fix your URDF file by explicitly specifying collision geometry.
[WARN] [1742873233.172040846] [moveit_robot_model.robot_model]: Group state 'tuck_arms' doesn't specify all group joints in group 'arms'. l_shoulder_lift_joint, l_upper_arm_roll_joint, l_elbow_flex_joint, l_forearm_roll_joint, l_wrist_flex_joint, l_wrist_roll_joint, r_shoulder_pan_joint, r_shoulder_lift_joint, r_upper_arm_roll_joint, r_elbow_flex_joint, r_forearm_roll_joint, r_wrist_flex_joint, r_wrist_roll_joint are missing.
[       OK ] FCLCollisionCheck/CollisionDetectorTest/0.DefaultNotInCollision (284 ms)
[ RUN      ] FCLCollisionCheck/CollisionDetectorTest/0.LinksInCollision
[INFO] [1742873233.377464962] [moveit_robot_model.robot_model]: Loading robot model 'pr2'...
[WARN] [1742873233.383487284] [moveit_robot_model.robot_model]: Link sensor_mount_link has visual geometry but no collision geometry. Collision geometry will be left empty. Fix your URDF file by explicitly specifying collision geometry.
[WARN] [1742873233.383520699] [moveit_robot_model.robot_model]: Link double_stereo_link has visual geometry but no collision geometry. Collision geometry will be left empty. Fix your URDF file by explicitly specifying collision geometry.
[WARN] [1742873233.456506486] [moveit_robot_model.robot_model]: Group state 'tuck_arms' doesn't specify all group joints in group 'arms'. l_shoulder_lift_joint, l_upper_arm_roll_joint, l_elbow_flex_joint, l_forearm_roll_joint, l_wrist_flex_joint, l_wrist_roll_joint, r_shoulder_pan_joint, r_shoulder_lift_joint, r_upper_arm_roll_joint, r_elbow_flex_joint, r_forearm_roll_joint, r_wrist_flex_joint, r_wrist_roll_joint are missing.
[       OK ] FCLCollisionCheck/CollisionDetectorTest/0.LinksInCollision (281 ms)
[ RUN      ] FCLCollisionCheck/CollisionDetectorTest/0.ContactReporting
[INFO] [1742873233.659472304] [moveit_robot_model.robot_model]: Loading robot model 'pr2'...
[WARN] [1742873233.665614078] [moveit_robot_model.robot_model]: Link sensor_mount_link has visual geometry but no collision geometry. Collision geometry will be left empty. Fix your URDF file by explicitly specifying collision geometry.
[WARN] [1742873233.665646693] [moveit_robot_model.robot_model]: Link double_stereo_link has visual geometry but no collision geometry. Collision geometry will be left empty. Fix your URDF file by explicitly specifying collision geometry.
[WARN] [1742873233.739456222] [moveit_robot_model.robot_model]: Group state 'tuck_arms' doesn't specify all group joints in group 'arms'. l_shoulder_lift_joint, l_upper_arm_roll_joint, l_elbow_flex_joint, l_forearm_roll_joint, l_wrist_flex_joint, l_wrist_roll_joint, r_shoulder_pan_joint, r_shoulder_lift_joint, r_upper_arm_roll_joint, r_elbow_flex_joint, r_forearm_roll_joint, r_wrist_flex_joint, r_wrist_roll_joint are missing.
[       OK ] FCLCollisionCheck/CollisionDetectorTest/0.ContactReporting (291 ms)
[ RUN      ] FCLCollisionCheck/CollisionDetectorTest/0.ContactPositions
[INFO] [1742873233.950444313] [moveit_robot_model.robot_model]: Loading robot model 'pr2'...
[WARN] [1742873233.956715172] [moveit_robot_model.robot_model]: Link sensor_mount_link has visual geometry but no collision geometry. Collision geometry will be left empty. Fix your URDF file by explicitly specifying collision geometry.
[WARN] [1742873233.956768305] [moveit_robot_model.robot_model]: Link double_stereo_link has visual geometry but no collision geometry. Collision geometry will be left empty. Fix your URDF file by explicitly specifying collision geometry.
[WARN] [1742873234.030078153] [moveit_robot_model.robot_model]: Group state 'tuck_arms' doesn't specify all group joints in group 'arms'. l_shoulder_lift_joint, l_upper_arm_roll_joint, l_elbow_flex_joint, l_forearm_roll_joint, l_wrist_flex_joint, l_wrist_roll_joint, r_shoulder_pan_joint, r_shoulder_lift_joint, r_upper_arm_roll_joint, r_elbow_flex_joint, r_forearm_roll_joint, r_wrist_flex_joint, r_wrist_roll_joint are missing.
[       OK ] FCLCollisionCheck/CollisionDetectorTest/0.ContactPositions (282 ms)
[ RUN      ] FCLCollisionCheck/CollisionDetectorTest/0.AttachedBodyTester
[INFO] [1742873234.231850403] [moveit_robot_model.robot_model]: Loading robot model 'pr2'...
[WARN] [1742873234.237953124] [moveit_robot_model.robot_model]: Link sensor_mount_link has visual geometry but no collision geometry. Collision geometry will be left empty. Fix your URDF file by explicitly specifying collision geometry.
[WARN] [1742873234.237986155] [moveit_robot_model.robot_model]: Link double_stereo_link has visual geometry but no collision geometry. Collision geometry will be left empty. Fix your URDF file by explicitly specifying collision geometry.
[WARN] [1742873234.311495191] [moveit_robot_model.robot_model]: Group state 'tuck_arms' doesn't specify all group joints in group 'arms'. l_shoulder_lift_joint, l_upper_arm_roll_joint, l_elbow_flex_joint, l_forearm_roll_joint, l_wrist_flex_joint, l_wrist_roll_joint, r_shoulder_pan_joint, r_shoulder_lift_joint, r_upper_arm_roll_joint, r_elbow_flex_joint, r_forearm_roll_joint, r_wrist_flex_joint, r_wrist_roll_joint are missing.
[       OK ] FCLCollisionCheck/CollisionDetectorTest/0.AttachedBodyTester (288 ms)
[ RUN      ] FCLCollisionCheck/CollisionDetectorTest/0.DiffSceneTester
[INFO] [1742873234.519901453] [moveit_robot_model.robot_model]: Loading robot model 'pr2'...
[WARN] [1742873234.526013712] [moveit_robot_model.robot_model]: Link sensor_mount_link has visual geometry but no collision geometry. Collision geometry will be left empty. Fix your URDF file by explicitly specifying collision geometry.
[WARN] [1742873234.526046104] [moveit_robot_model.robot_model]: Link double_stereo_link has visual geometry but no collision geometry. Collision geometry will be left empty. Fix your URDF file by explicitly specifying collision geometry.
[WARN] [1742873234.599971844] [moveit_robot_model.robot_model]: Group state 'tuck_arms' doesn't specify all group joints in group 'arms'. l_shoulder_lift_joint, l_upper_arm_roll_joint, l_elbow_flex_joint, l_forearm_roll_joint, l_wrist_flex_joint, l_wrist_roll_joint, r_shoulder_pan_joint, r_shoulder_lift_joint, r_upper_arm_roll_joint, r_elbow_flex_joint, r_forearm_roll_joint, r_wrist_flex_joint, r_wrist_roll_joint are missing.
[       OK ] FCLCollisionCheck/CollisionDetectorTest/0.DiffSceneTester (294 ms)
[ RUN      ] FCLCollisionCheck/CollisionDetectorTest/0.ConvertObjectToAttached
[INFO] [1742873234.814615546] [moveit_robot_model.robot_model]: Loading robot model 'pr2'...
[WARN] [1742873234.820587805] [moveit_robot_model.robot_model]: Link sensor_mount_link has visual geometry but no collision geometry. Collision geometry will be left empty. Fix your URDF file by explicitly specifying collision geometry.
[WARN] [1742873234.820618916] [moveit_robot_model.robot_model]: Link double_stereo_link has visual geometry but no collision geometry. Collision geometry will be left empty. Fix your URDF file by explicitly specifying collision geometry.
[WARN] [1742873234.895098576] [moveit_robot_model.robot_model]: Group state 'tuck_arms' doesn't specify all group joints in group 'arms'. l_shoulder_lift_joint, l_upper_arm_roll_joint, l_elbow_flex_joint, l_forearm_roll_joint, l_wrist_flex_joint, l_wrist_roll_joint, r_shoulder_pan_joint, r_shoulder_lift_joint, r_upper_arm_roll_joint, r_elbow_flex_joint, r_forearm_roll_joint, r_wrist_flex_joint, r_wrist_roll_joint are missing.
[INFO] [1742873235.087349098] [moveit_collision_detection_fcl.collision_common]: Found a contact between 'br_caster_rotation_link' (type 'Robot link') and 'kinect' (type 'Robot attached'), which constitutes a collision. Contact information is not stored.
[INFO] [1742873235.087416442] [moveit_collision_detection_fcl.collision_common]: Collision checking is considered complete (collision was found and 0 contacts are stored)
[       OK ] FCLCollisionCheck/CollisionDetectorTest/0.ConvertObjectToAttached (297 ms)
[ RUN      ] FCLCollisionCheck/CollisionDetectorTest/0.TestCollisionMapAdditionSpeed
[INFO] [1742873235.111741950] [moveit_robot_model.robot_model]: Loading robot model 'pr2'...
[WARN] [1742873235.117685079] [moveit_robot_model.robot_model]: Link sensor_mount_link has visual geometry but no collision geometry. Collision geometry will be left empty. Fix your URDF file by explicitly specifying collision geometry.
[WARN] [1742873235.117720447] [moveit_robot_model.robot_model]: Link double_stereo_link has visual geometry but no collision geometry. Collision geometry will be left empty. Fix your URDF file by explicitly specifying collision geometry.
[WARN] [1742873235.191833009] [moveit_robot_model.robot_model]: Group state 'tuck_arms' doesn't specify all group joints in group 'arms'. l_shoulder_lift_joint, l_upper_arm_roll_joint, l_elbow_flex_joint, l_forearm_roll_joint, l_wrist_flex_joint, l_wrist_roll_joint, r_shoulder_pan_joint, r_shoulder_lift_joint, r_upper_arm_roll_joint, r_elbow_flex_joint, r_forearm_roll_joint, r_wrist_flex_joint, r_wrist_roll_joint are missing.
[INFO] [1742873235.399019205] [moveit.core.collision_detection.bullet]: Adding boxes took 0
[       OK ] FCLCollisionCheck/CollisionDetectorTest/0.TestCollisionMapAdditionSpeed (317 ms)
[ RUN      ] FCLCollisionCheck/CollisionDetectorTest/0.MoveMesh
[INFO] [1742873235.431782369] [moveit_robot_model.robot_model]: Loading robot model 'pr2'...
[WARN] [1742873235.438613447] [moveit_robot_model.robot_model]: Link sensor_mount_link has visual geometry but no collision geometry. Collision geometry will be left empty. Fix your URDF file by explicitly specifying collision geometry.
[WARN] [1742873235.438652656] [moveit_robot_model.robot_model]: Link double_stereo_link has visual geometry but no collision geometry. Collision geometry will be left empty. Fix your URDF file by explicitly specifying collision geometry.
[WARN] [1742873235.516262856] [moveit_robot_model.robot_model]: Group state 'tuck_arms' doesn't specify all group joints in group 'arms'. l_shoulder_lift_joint, l_upper_arm_roll_joint, l_elbow_flex_joint, l_forearm_roll_joint, l_wrist_flex_joint, l_wrist_roll_joint, r_shoulder_pan_joint, r_shoulder_lift_joint, r_upper_arm_roll_joint, r_elbow_flex_joint, r_forearm_roll_joint, r_wrist_flex_joint, r_wrist_roll_joint are missing.
[       OK ] FCLCollisionCheck/CollisionDetectorTest/0.MoveMesh (312 ms)
[ RUN      ] FCLCollisionCheck/CollisionDetectorTest/0.TestChangingShapeSize
[INFO] [1742873235.745831840] [moveit_robot_model.robot_model]: Loading robot model 'pr2'...
[WARN] [1742873235.752542762] [moveit_robot_model.robot_model]: Link sensor_mount_link has visual geometry but no collision geometry. Collision geometry will be left empty. Fix your URDF file by explicitly specifying collision geometry.
[WARN] [1742873235.752585556] [moveit_robot_model.robot_model]: Link double_stereo_link has visual geometry but no collision geometry. Collision geometry will be left empty. Fix your URDF file by explicitly specifying collision geometry.
[WARN] [1742873235.831267139] [moveit_robot_model.robot_model]: Group state 'tuck_arms' doesn't specify all group joints in group 'arms'. l_shoulder_lift_joint, l_upper_arm_roll_joint, l_elbow_flex_joint, l_forearm_roll_joint, l_wrist_flex_joint, l_wrist_roll_joint, r_shoulder_pan_joint, r_shoulder_lift_joint, r_upper_arm_roll_joint, r_elbow_flex_joint, r_forearm_roll_joint, r_wrist_flex_joint, r_wrist_roll_joint are missing.
[       OK ] FCLCollisionCheck/CollisionDetectorTest/0.TestChangingShapeSize (320 ms)
[----------] 11 tests from FCLCollisionCheck/CollisionDetectorTest/0 (3261 ms total)

[----------] Global test environment tear-down
[==========] 11 tests from 1 test suite ran. (3261 ms total)
[  PASSED  ] 11 tests.
-- run_test.py: return code 0
-- run_test.py: inject classname prefix into gtest result file '/home/ugv-c7/CodeWorkspace/UGV-Robot/ros2_humble_colcon_ws/build/moveit_core/test_results/moveit_core/test_fcl_collision_detection.gtest.xml'
-- run_test.py: verify result file '/home/ugv-c7/CodeWorkspace/UGV-Robot/ros2_humble_colcon_ws/build/moveit_core/test_results/moveit_core/test_fcl_collision_detection.gtest.xml'
<end of output>
Test time =   3.54 sec
----------------------------------------------------------
Test Passed.
"test_fcl_collision_detection" end time: Mar 24 23:27 EDT
"test_fcl_collision_detection" time elapsed: 00:00:03
----------------------------------------------------------

33/33 Testing: test_fcl_collision_detection_panda
33/33 Test: test_fcl_collision_detection_panda
Command: "/usr/bin/python3" "-u" "/opt/ros/humble/share/ament_cmake_test/cmake/run_test.py" "/home/ugv-c7/CodeWorkspace/UGV-Robot/ros2_humble_colcon_ws/build/moveit_core/test_results/moveit_core/test_fcl_collision_detection_panda.gtest.xml" "--package-name" "moveit_core" "--output-file" "/home/ugv-c7/CodeWorkspace/UGV-Robot/ros2_humble_colcon_ws/build/moveit_core/ament_cmake_gtest/test_fcl_collision_detection_panda.txt" "--command" "/home/ugv-c7/CodeWorkspace/UGV-Robot/ros2_humble_colcon_ws/build/moveit_core/collision_detection_fcl/test_fcl_collision_detection_panda" "--gtest_output=xml:/home/ugv-c7/CodeWorkspace/UGV-Robot/ros2_humble_colcon_ws/build/moveit_core/test_results/moveit_core/test_fcl_collision_detection_panda.gtest.xml"
Directory: /home/ugv-c7/CodeWorkspace/UGV-Robot/ros2_humble_colcon_ws/build/moveit_core/collision_detection_fcl
"test_fcl_collision_detection_panda" start time: Mar 24 23:27 EDT
Output:
----------------------------------------------------------
-- run_test.py: invoking following command in '/home/ugv-c7/CodeWorkspace/UGV-Robot/ros2_humble_colcon_ws/build/moveit_core/collision_detection_fcl':
 - /home/ugv-c7/CodeWorkspace/UGV-Robot/ros2_humble_colcon_ws/build/moveit_core/collision_detection_fcl/test_fcl_collision_detection_panda --gtest_output=xml:/home/ugv-c7/CodeWorkspace/UGV-Robot/ros2_humble_colcon_ws/build/moveit_core/test_results/moveit_core/test_fcl_collision_detection_panda.gtest.xml
[==========] Running 9 tests from 2 test suites.
[----------] Global test environment set-up.
[----------] 8 tests from FCLCollisionCheckPanda/CollisionDetectorPandaTest/0, where TypeParam = collision_detection::CollisionDetectorAllocatorFCL
[ RUN      ] FCLCollisionCheckPanda/CollisionDetectorPandaTest/0.InitOK
[INFO] [1742873236.327933761] [moveit_robot_model.robot_model]: Loading robot model 'panda'...
[       OK ] FCLCollisionCheckPanda/CollisionDetectorPandaTest/0.InitOK (29 ms)
[ RUN      ] FCLCollisionCheckPanda/CollisionDetectorPandaTest/0.DefaultNotInCollision
[INFO] [1742873236.354419978] [moveit_robot_model.robot_model]: Loading robot model 'panda'...
[       OK ] FCLCollisionCheckPanda/CollisionDetectorPandaTest/0.DefaultNotInCollision (25 ms)
[ RUN      ] FCLCollisionCheckPanda/CollisionDetectorPandaTest/0.LinksInCollision
[INFO] [1742873236.379191497] [moveit_robot_model.robot_model]: Loading robot model 'panda'...
[       OK ] FCLCollisionCheckPanda/CollisionDetectorPandaTest/0.LinksInCollision (24 ms)
[ RUN      ] FCLCollisionCheckPanda/CollisionDetectorPandaTest/0.RobotWorldCollision_1
[INFO] [1742873236.403841901] [moveit_robot_model.robot_model]: Loading robot model 'panda'...
[       OK ] FCLCollisionCheckPanda/CollisionDetectorPandaTest/0.RobotWorldCollision_1 (25 ms)
[ RUN      ] FCLCollisionCheckPanda/CollisionDetectorPandaTest/0.RobotWorldCollision_2
[INFO] [1742873236.428709954] [moveit_robot_model.robot_model]: Loading robot model 'panda'...
[INFO] [1742873236.451181872] [moveit_collision_detection_fcl.collision_common]: Found 1 contacts between 'box' (type 'Object') and 'panda_link0' (type 'Robot link'), which constitute a collision. 1 contacts will be stored
[INFO] [1742873236.451273509] [moveit_collision_detection_fcl.collision_common]: Found 1 contacts between 'box' (type 'Object') and 'panda_link1' (type 'Robot link'), which constitute a collision. 1 contacts will be stored
[INFO] [1742873236.451297643] [moveit_collision_detection_fcl.collision_common]: Found 1 contacts between 'box' (type 'Object') and 'panda_link2' (type 'Robot link'), which constitute a collision. 1 contacts will be stored
[INFO] [1742873236.451314639] [moveit_collision_detection_fcl.collision_common]: Found 1 contacts between 'box' (type 'Object') and 'panda_link3' (type 'Robot link'), which constitute a collision. 1 contacts will be stored
[       OK ] FCLCollisionCheckPanda/CollisionDetectorPandaTest/0.RobotWorldCollision_2 (25 ms)
[ RUN      ] FCLCollisionCheckPanda/CollisionDetectorPandaTest/0.PaddingTest
[INFO] [1742873236.453575223] [moveit_robot_model.robot_model]: Loading robot model 'panda'...
[       OK ] FCLCollisionCheckPanda/CollisionDetectorPandaTest/0.PaddingTest (26 ms)
[ RUN      ] FCLCollisionCheckPanda/CollisionDetectorPandaTest/0.DistanceSelf
[INFO] [1742873236.479399272] [moveit_robot_model.robot_model]: Loading robot model 'panda'...
[       OK ] FCLCollisionCheckPanda/CollisionDetectorPandaTest/0.DistanceSelf (27 ms)
[ RUN      ] FCLCollisionCheckPanda/CollisionDetectorPandaTest/0.DistanceWorld
[INFO] [1742873236.506349724] [moveit_robot_model.robot_model]: Loading robot model 'panda'...
[       OK ] FCLCollisionCheckPanda/CollisionDetectorPandaTest/0.DistanceWorld (26 ms)
[----------] 8 tests from FCLCollisionCheckPanda/CollisionDetectorPandaTest/0 (207 ms total)

[----------] 1 test from FCLDistanceCheckPanda/DistanceFullPandaTest/0, where TypeParam = collision_detection::CollisionDetectorAllocatorFCL
[ RUN      ] FCLDistanceCheckPanda/DistanceFullPandaTest/0.DistancePoints
[INFO] [1742873236.532203380] [moveit_robot_model.robot_model]: Loading robot model 'panda'...
[       OK ] FCLDistanceCheckPanda/DistanceFullPandaTest/0.DistancePoints (26 ms)
[----------] 1 test from FCLDistanceCheckPanda/DistanceFullPandaTest/0 (26 ms total)

[----------] Global test environment tear-down
[==========] 9 tests from 2 test suites ran. (233 ms total)
[  PASSED  ] 9 tests.
-- run_test.py: return code 0
-- run_test.py: inject classname prefix into gtest result file '/home/ugv-c7/CodeWorkspace/UGV-Robot/ros2_humble_colcon_ws/build/moveit_core/test_results/moveit_core/test_fcl_collision_detection_panda.gtest.xml'
-- run_test.py: verify result file '/home/ugv-c7/CodeWorkspace/UGV-Robot/ros2_humble_colcon_ws/build/moveit_core/test_results/moveit_core/test_fcl_collision_detection_panda.gtest.xml'
<end of output>
Test time =   0.51 sec
----------------------------------------------------------
Test Passed.
"test_fcl_collision_detection_panda" end time: Mar 24 23:27 EDT
"test_fcl_collision_detection_panda" time elapsed: 00:00:00
----------------------------------------------------------

End testing: Mar 24 23:27 EDT

cppcheck =   0.70 sec*proc

gmock =   4.48 sec*proc

gtest =  55.80 sec*proc

linter =   2.07 sec*proc

pep257 =   0.80 sec*proc

xmllint =   0.58 sec*proc

