<?xml version="1.0" encoding="UTF-8"?>
<testsuites tests="6" failures="0" disabled="0" errors="0" time="14.694" timestamp="2025-03-24T23:26:32" name="AllTests">
  <testsuite name="TestPropagationDistanceField" tests="1" failures="0" disabled="0" errors="0" time="0" timestamp="2025-03-24T23:26:32">
    <testcase name="TestAddRemovePoints" status="run" result="completed" time="0" timestamp="2025-03-24T23:26:32" classname="moveit_core.TestPropagationDistanceField" />
  </testsuite>
  <testsuite name="TestSignedPropagationDistanceField" tests="5" failures="0" disabled="0" errors="0" time="14.694" timestamp="2025-03-24T23:26:32">
    <testcase name="TestSignedAddRemovePoints" status="run" result="completed" time="0.006" timestamp="2025-03-24T23:26:32" classname="moveit_core.TestSignedPropagationDistanceField" />
    <testcase name="TestShape" status="run" result="completed" time="0.002" timestamp="2025-03-24T23:26:32" classname="moveit_core.TestSignedPropagationDistanceField" />
    <testcase name="TestPerformance" status="run" result="completed" time="9.594" timestamp="2025-03-24T23:26:32" classname="moveit_core.TestSignedPropagationDistanceField" />
    <testcase name="TestOcTree" status="run" result="completed" time="4.159" timestamp="2025-03-24T23:26:42" classname="moveit_core.TestSignedPropagationDistanceField" />
    <testcase name="TestReadWrite" status="run" result="completed" time="0.933" timestamp="2025-03-24T23:26:46" classname="moveit_core.TestSignedPropagationDistanceField" />
  </testsuite>
</testsuites>
