<?xml version="1.0" encoding="UTF-8"?>
<testsuites tests="4" failures="0" disabled="0" errors="0" time="0.205" timestamp="2025-03-24T23:26:55" name="AllTests">
  <testsuite name="LoadPlanningModelsPr2" tests="2" failures="0" disabled="0" errors="0" time="0.202" timestamp="2025-03-24T23:26:55">
    <testcase name="InitOK" status="run" result="completed" time="0.104" timestamp="2025-03-24T23:26:55" classname="moveit_core.LoadPlanningModelsPr2" />
    <testcase name="Model" status="run" result="completed" time="0.098" timestamp="2025-03-24T23:26:55" classname="moveit_core.LoadPlanningModelsPr2" />
  </testsuite>
  <testsuite name="SiblingAssociateLinks" tests="1" failures="0" disabled="0" errors="0" time="0.001" timestamp="2025-03-24T23:26:55">
    <testcase name="SimpleYRobot" status="run" result="completed" time="0.001" timestamp="2025-03-24T23:26:55" classname="moveit_core.SiblingAssociateLinks" />
  </testsuite>
  <testsuite name="FloatingJointTest" tests="1" failures="0" disabled="0" errors="0" time="0.002" timestamp="2025-03-24T23:26:55">
    <testcase name="interpolation_test" status="run" result="completed" time="0.002" timestamp="2025-03-24T23:26:55" classname="moveit_core.FloatingJointTest" />
  </testsuite>
</testsuites>
