<?xml version="1.0" encoding="UTF-8"?>
<testsuites tests="3" failures="0" disabled="0" errors="0" time="0.003" timestamp="2025-03-24T23:26:54" name="AllTests">
  <testsuite name="PlanningScene" tests="3" failures="0" disabled="0" errors="0" time="0.003" timestamp="2025-03-24T23:26:54">
    <testcase name="fillInObjectPoseFromPrimitive" status="run" result="completed" time="0.002" timestamp="2025-03-24T23:26:54" classname="moveit_core.PlanningScene" />
    <testcase name="fillInPrimitivePose" status="run" result="completed" time="0.001" timestamp="2025-03-24T23:26:54" classname="moveit_core.PlanningScene" />
    <testcase name="rememberMetadataWhenAttached" status="run" result="completed" time="0" timestamp="2025-03-24T23:26:54" classname="moveit_core.PlanningScene" />
  </testsuite>
</testsuites>
