<?xml version="1.0" encoding="UTF-8"?>
<testsuites tests="7" failures="0" disabled="0" errors="0" time="1.392" timestamp="2025-03-24T23:26:59" name="AllTests">
  <testsuite name="LoadPlanningModelsPr2" tests="7" failures="0" disabled="0" errors="0" time="1.392" timestamp="2025-03-24T23:26:59">
    <testcase name="InitOK" status="run" result="completed" time="0.104" timestamp="2025-03-24T23:26:59" classname="moveit_core.LoadPlanningModelsPr2" />
    <testcase name="ModelInit" status="run" result="completed" time="0.332" timestamp="2025-03-24T23:26:59" classname="moveit_core.LoadPlanningModelsPr2" />
    <testcase name="GroupInit" status="run" result="completed" time="0.253" timestamp="2025-03-24T23:26:59" classname="moveit_core.LoadPlanningModelsPr2" />
    <testcase name="SubgroupInit" status="run" result="completed" time="0.175" timestamp="2025-03-24T23:27:00" classname="moveit_core.LoadPlanningModelsPr2" />
    <testcase name="AssociatedFixedLinks" status="run" result="completed" time="0.175" timestamp="2025-03-24T23:27:00" classname="moveit_core.LoadPlanningModelsPr2" />
    <testcase name="FullTest" status="run" result="completed" time="0.176" timestamp="2025-03-24T23:27:00" classname="moveit_core.LoadPlanningModelsPr2" />
    <testcase name="ObjectPoseAndSubframes" status="run" result="completed" time="0.177" timestamp="2025-03-24T23:27:00" classname="moveit_core.LoadPlanningModelsPr2" />
  </testsuite>
</testsuites>
