<?xml version="1.0" encoding="UTF-8"?>
<testsuites tests="6" failures="0" disabled="0" errors="0" time="11.012" timestamp="2025-03-24T23:26:16" name="AllTests">
  <testsuite name="DistanceFieldCollisionDetectionTester" tests="6" failures="0" disabled="0" errors="0" time="11.012" timestamp="2025-03-24T23:26:16">
    <testcase name="DefaultNotInCollision" status="run" result="completed" time="1.768" timestamp="2025-03-24T23:26:16" classname="moveit_core.DistanceFieldCollisionDetectionTester" />
    <testcase name="ChangeTorsoPosition" status="run" result="completed" time="1.881" timestamp="2025-03-24T23:26:18" classname="moveit_core.DistanceFieldCollisionDetectionTester" />
    <testcase name="LinksInCollision" status="run" result="completed" time="1.816" timestamp="2025-03-24T23:26:20" classname="moveit_core.DistanceFieldCollisionDetectionTester" />
    <testcase name="ContactReporting" status="run" result="completed" time="1.675" timestamp="2025-03-24T23:26:22" classname="moveit_core.DistanceFieldCollisionDetectionTester" />
    <testcase name="ContactPositions" status="run" result="completed" time="1.524" timestamp="2025-03-24T23:26:23" classname="moveit_core.DistanceFieldCollisionDetectionTester" />
    <testcase name="AttachedBodyTester" status="run" result="completed" time="2.348" timestamp="2025-03-24T23:26:25" classname="moveit_core.DistanceFieldCollisionDetectionTester" />
  </testsuite>
</testsuites>
