<?xml version="1.0" encoding="UTF-8"?>
<testsuites tests="7" failures="0" disabled="0" errors="0" time="0.004" timestamp="2025-03-24T23:26:49" name="AllTests">
  <testsuite name="SphericalRobot" tests="5" failures="0" disabled="0" errors="0" time="0.003" timestamp="2025-03-24T23:26:49">
    <testcase name="Test1" status="run" result="completed" time="0.002" timestamp="2025-03-24T23:26:49" classname="moveit_core.SphericalRobot" />
    <testcase name="Test2" status="run" result="completed" time="0.001" timestamp="2025-03-24T23:26:49" classname="moveit_core.SphericalRobot" />
    <testcase name="Test3" status="run" result="completed" time="0" timestamp="2025-03-24T23:26:49" classname="moveit_core.SphericalRobot" />
    <testcase name="Test4" status="run" result="completed" time="0" timestamp="2025-03-24T23:26:49" classname="moveit_core.SphericalRobot" />
    <testcase name="Test5" status="run" result="completed" time="0" timestamp="2025-03-24T23:26:49" classname="moveit_core.SphericalRobot" />
  </testsuite>
  <testsuite name="FloatingJointRobot" tests="2" failures="0" disabled="0" errors="0" time="0.001" timestamp="2025-03-24T23:26:49">
    <testcase name="TestDefaultParameterization" status="run" result="completed" time="0.001" timestamp="2025-03-24T23:26:49" classname="moveit_core.FloatingJointRobot" />
    <testcase name="OrientationConstraintsParameterization" status="run" result="completed" time="0" timestamp="2025-03-24T23:26:49" classname="moveit_core.FloatingJointRobot" />
  </testsuite>
</testsuites>
