<?xml version="1.0" encoding="UTF-8"?>
<testsuites tests="11" failures="0" disabled="0" errors="0" time="4.251" timestamp="2025-03-24T23:27:07" name="AllTests">
  <testsuite name="BulletCollisionCheck/CollisionDetectorTest/0" tests="11" failures="0" disabled="0" errors="0" time="4.25" timestamp="2025-03-24T23:27:07">
    <testcase name="InitOK" type_param="collision_detection::CollisionDetectorAllocatorBullet" status="run" result="completed" time="0.247" timestamp="2025-03-24T23:27:07" classname="moveit_core.BulletCollisionCheck/CollisionDetectorTest/0" />
    <testcase name="DefaultNotInCollision" type_param="collision_detection::CollisionDetectorAllocatorBullet" status="run" result="completed" time="0.237" timestamp="2025-03-24T23:27:07" classname="moveit_core.BulletCollisionCheck/CollisionDetectorTest/0" />
    <testcase name="LinksInCollision" type_param="collision_detection::CollisionDetectorAllocatorBullet" status="run" result="completed" time="0.235" timestamp="2025-03-24T23:27:07" classname="moveit_core.BulletCollisionCheck/CollisionDetectorTest/0" />
    <testcase name="ContactReporting" type_param="collision_detection::CollisionDetectorAllocatorBullet" status="run" result="completed" time="0.24" timestamp="2025-03-24T23:27:07" classname="moveit_core.BulletCollisionCheck/CollisionDetectorTest/0" />
    <testcase name="ContactPositions" type_param="collision_detection::CollisionDetectorAllocatorBullet" status="run" result="completed" time="0.235" timestamp="2025-03-24T23:27:07" classname="moveit_core.BulletCollisionCheck/CollisionDetectorTest/0" />
    <testcase name="AttachedBodyTester" type_param="collision_detection::CollisionDetectorAllocatorBullet" status="run" result="completed" time="0.241" timestamp="2025-03-24T23:27:08" classname="moveit_core.BulletCollisionCheck/CollisionDetectorTest/0" />
    <testcase name="DiffSceneTester" type_param="collision_detection::CollisionDetectorAllocatorBullet" status="run" result="completed" time="0.519" timestamp="2025-03-24T23:27:08" classname="moveit_core.BulletCollisionCheck/CollisionDetectorTest/0" />
    <testcase name="ConvertObjectToAttached" type_param="collision_detection::CollisionDetectorAllocatorBullet" status="run" result="completed" time="0.248" timestamp="2025-03-24T23:27:08" classname="moveit_core.BulletCollisionCheck/CollisionDetectorTest/0" />
    <testcase name="TestCollisionMapAdditionSpeed" type_param="collision_detection::CollisionDetectorAllocatorBullet" status="run" result="completed" time="1.547" timestamp="2025-03-24T23:27:09" classname="moveit_core.BulletCollisionCheck/CollisionDetectorTest/0" />
    <testcase name="MoveMesh" type_param="collision_detection::CollisionDetectorAllocatorBullet" status="run" result="completed" time="0.253" timestamp="2025-03-24T23:27:10" classname="moveit_core.BulletCollisionCheck/CollisionDetectorTest/0" />
    <testcase name="TestChangingShapeSize" type_param="collision_detection::CollisionDetectorAllocatorBullet" status="run" result="completed" time="0.247" timestamp="2025-03-24T23:27:11" classname="moveit_core.BulletCollisionCheck/CollisionDetectorTest/0" />
  </testsuite>
</testsuites>
