<?xml version="1.0" encoding="UTF-8"?>
<testsuites tests="9" failures="0" disabled="0" errors="0" time="0.233" timestamp="2025-03-24T23:27:16" name="AllTests">
  <testsuite name="FCLCollisionCheckPanda/CollisionDetectorPandaTest/0" tests="8" failures="0" disabled="0" errors="0" time="0.207" timestamp="2025-03-24T23:27:16">
    <testcase name="InitOK" type_param="collision_detection::CollisionDetectorAllocatorFCL" status="run" result="completed" time="0.029" timestamp="2025-03-24T23:27:16" classname="moveit_core.FCLCollisionCheckPanda/CollisionDetectorPandaTest/0" />
    <testcase name="DefaultNotInCollision" type_param="collision_detection::CollisionDetectorAllocatorFCL" status="run" result="completed" time="0.025" timestamp="2025-03-24T23:27:16" classname="moveit_core.FCLCollisionCheckPanda/CollisionDetectorPandaTest/0" />
    <testcase name="LinksInCollision" type_param="collision_detection::CollisionDetectorAllocatorFCL" status="run" result="completed" time="0.024" timestamp="2025-03-24T23:27:16" classname="moveit_core.FCLCollisionCheckPanda/CollisionDetectorPandaTest/0" />
    <testcase name="RobotWorldCollision_1" type_param="collision_detection::CollisionDetectorAllocatorFCL" status="run" result="completed" time="0.025" timestamp="2025-03-24T23:27:16" classname="moveit_core.FCLCollisionCheckPanda/CollisionDetectorPandaTest/0" />
    <testcase name="RobotWorldCollision_2" type_param="collision_detection::CollisionDetectorAllocatorFCL" status="run" result="completed" time="0.025" timestamp="2025-03-24T23:27:16" classname="moveit_core.FCLCollisionCheckPanda/CollisionDetectorPandaTest/0" />
    <testcase name="PaddingTest" type_param="collision_detection::CollisionDetectorAllocatorFCL" status="run" result="completed" time="0.026" timestamp="2025-03-24T23:27:16" classname="moveit_core.FCLCollisionCheckPanda/CollisionDetectorPandaTest/0" />
    <testcase name="DistanceSelf" type_param="collision_detection::CollisionDetectorAllocatorFCL" status="run" result="completed" time="0.027" timestamp="2025-03-24T23:27:16" classname="moveit_core.FCLCollisionCheckPanda/CollisionDetectorPandaTest/0" />
    <testcase name="DistanceWorld" type_param="collision_detection::CollisionDetectorAllocatorFCL" status="run" result="completed" time="0.026" timestamp="2025-03-24T23:27:16" classname="moveit_core.FCLCollisionCheckPanda/CollisionDetectorPandaTest/0" />
  </testsuite>
  <testsuite name="FCLDistanceCheckPanda/DistanceFullPandaTest/0" tests="1" failures="0" disabled="0" errors="0" time="0.026" timestamp="2025-03-24T23:27:16">
    <testcase name="DistancePoints" type_param="collision_detection::CollisionDetectorAllocatorFCL" status="run" result="completed" time="0.026" timestamp="2025-03-24T23:27:16" classname="moveit_core.FCLDistanceCheckPanda/DistanceFullPandaTest/0" />
  </testsuite>
</testsuites>
