<?xml version="1.0" encoding="UTF-8"?>
<testsuites tests="11" failures="0" disabled="0" errors="0" time="1.455" timestamp="2025-03-24T23:26:47" name="AllTests">
  <testsuite name="LoadPlanningModelsPr2" tests="11" failures="0" disabled="0" errors="0" time="1.454" timestamp="2025-03-24T23:26:47">
    <testcase name="JointConstraintsSimple" status="run" result="completed" time="0.105" timestamp="2025-03-24T23:26:47" classname="moveit_core.LoadPlanningModelsPr2" />
    <testcase name="JointConstraintsCont" status="run" result="completed" time="0.099" timestamp="2025-03-24T23:26:47" classname="moveit_core.LoadPlanningModelsPr2" />
    <testcase name="JointConstraintsMultiDOF" status="run" result="completed" time="0.097" timestamp="2025-03-24T23:26:47" classname="moveit_core.LoadPlanningModelsPr2" />
    <testcase name="PositionConstraintsFixed" status="run" result="completed" time="0.098" timestamp="2025-03-24T23:26:47" classname="moveit_core.LoadPlanningModelsPr2" />
    <testcase name="PositionConstraintsMobile" status="run" result="completed" time="0.098" timestamp="2025-03-24T23:26:47" classname="moveit_core.LoadPlanningModelsPr2" />
    <testcase name="PositionConstraintsEquality" status="run" result="completed" time="0.098" timestamp="2025-03-24T23:26:47" classname="moveit_core.LoadPlanningModelsPr2" />
    <testcase name="OrientationConstraintsSimple" status="run" result="completed" time="0.098" timestamp="2025-03-24T23:26:48" classname="moveit_core.LoadPlanningModelsPr2" />
    <testcase name="VisibilityConstraintsSimple" status="run" result="completed" time="0.281" timestamp="2025-03-24T23:26:48" classname="moveit_core.LoadPlanningModelsPr2" />
    <testcase name="VisibilityConstraintsPR2" status="run" result="completed" time="0.281" timestamp="2025-03-24T23:26:48" classname="moveit_core.LoadPlanningModelsPr2" />
    <testcase name="TestKinematicConstraintSet" status="run" result="completed" time="0.1" timestamp="2025-03-24T23:26:48" classname="moveit_core.LoadPlanningModelsPr2" />
    <testcase name="TestKinematicConstraintSetEquality" status="run" result="completed" time="0.099" timestamp="2025-03-24T23:26:48" classname="moveit_core.LoadPlanningModelsPr2" />
  </testsuite>
</testsuites>
