<?xml version="1.0" encoding="UTF-8"?>
<testsuites tests="3" failures="0" disabled="0" errors="0" time="0.107" timestamp="2025-03-24T23:27:01" name="AllTests">
  <testsuite name="TestAABB" tests="3" failures="0" disabled="0" errors="0" time="0.107" timestamp="2025-03-24T23:27:01">
    <testcase name="TestPR2" status="run" result="completed" time="0.104" timestamp="2025-03-24T23:27:01" classname="moveit_core.TestAABB" />
    <testcase name="TestSimple" status="run" result="completed" time="0.002" timestamp="2025-03-24T23:27:01" classname="moveit_core.TestAABB" />
    <testcase name="TestComplex" status="run" result="completed" time="0.001" timestamp="2025-03-24T23:27:01" classname="moveit_core.TestAABB" />
  </testsuite>
</testsuites>
