<?xml version="1.0" encoding="UTF-8"?>
<testsuites tests="14" failures="0" disabled="0" errors="0" time="4.601" timestamp="2025-03-24T23:26:49" name="AllTests">
  <testsuite name="PlanningScene" tests="12" failures="0" disabled="0" errors="0" time="3.219" timestamp="2025-03-24T23:26:49">
    <testcase name="TestOneShapeObjectPose" status="run" result="completed" time="0.275" timestamp="2025-03-24T23:26:49" classname="moveit_core.PlanningScene" />
    <testcase name="LoadRestore" status="run" result="completed" time="0.266" timestamp="2025-03-24T23:26:50" classname="moveit_core.PlanningScene" />
    <testcase name="LoadRestoreDiff" status="run" result="completed" time="0.265" timestamp="2025-03-24T23:26:50" classname="moveit_core.PlanningScene" />
    <testcase name="MakeAttachedDiff" status="run" result="completed" time="0.267" timestamp="2025-03-24T23:26:50" classname="moveit_core.PlanningScene" />
    <testcase name="isStateValid" status="run" result="completed" time="0.356" timestamp="2025-03-24T23:26:50" classname="moveit_core.PlanningScene" />
    <testcase name="loadGoodSceneGeometryNewFormat" status="run" result="completed" time="0.356" timestamp="2025-03-24T23:26:51" classname="moveit_core.PlanningScene" />
    <testcase name="loadGoodSceneGeometryOldFormat" status="run" result="completed" time="0.355" timestamp="2025-03-24T23:26:51" classname="moveit_core.PlanningScene" />
    <testcase name="loadBadSceneGeometry" status="run" result="completed" time="0.356" timestamp="2025-03-24T23:26:51" classname="moveit_core.PlanningScene" />
    <testcase name="switchCollisionDetectorType" status="run" result="completed" time="0.358" timestamp="2025-03-24T23:26:52" classname="moveit_core.PlanningScene" />
    <testcase name="FailRetrievingNonExistentObject" status="run" result="completed" time="0.277" timestamp="2025-03-24T23:26:52" classname="moveit_core.PlanningScene" />
    <testcase name="RobotStateDiffBug" status="run" result="completed" time="0.058" timestamp="2025-03-24T23:26:52" classname="moveit_core.PlanningScene" />
    <testcase name="UpdateACMAfterObjectRemoval" status="run" result="completed" time="0.027" timestamp="2025-03-24T23:26:52" classname="moveit_core.PlanningScene" />
  </testsuite>
  <testsuite name="PluginTests/CollisionDetectorTests" tests="2" failures="0" disabled="0" errors="0" time="1.382" timestamp="2025-03-24T23:26:52">
    <testcase name="ClearDiff/0" value_param="&quot;FCL&quot;" status="run" result="skipped" time="0.285" timestamp="2025-03-24T23:26:52" classname="moveit_core.PluginTests/CollisionDetectorTests" />
    <testcase name="ClearDiff/1" value_param="&quot;Bullet&quot;" status="run" result="completed" time="1.097" timestamp="2025-03-24T23:26:53" classname="moveit_core.PluginTests/CollisionDetectorTests" />
  </testsuite>
</testsuites>
