<?xml version="1.0" encoding="UTF-8"?>
<testsuites tests="3" failures="0" disabled="0" errors="0" time="0.001" timestamp="2025-03-24T23:27:06" name="AllTests">
  <testsuite name="World" tests="3" failures="0" disabled="0" errors="0" time="0" timestamp="2025-03-24T23:27:06">
    <testcase name="AddRemoveShape" status="run" result="completed" time="0" timestamp="2025-03-24T23:27:06" classname="moveit_core.World" />
    <testcase name="TrackChanges" status="run" result="completed" time="0" timestamp="2025-03-24T23:27:06" classname="moveit_core.World" />
    <testcase name="ObjectPoseAndSubframes" status="run" result="completed" time="0" timestamp="2025-03-24T23:27:06" classname="moveit_core.World" />
  </testsuite>
</testsuites>
