<?xml version="1.0" encoding="UTF-8"?>
<testsuites tests="12" failures="0" disabled="0" errors="0" time="3.754" timestamp="2025-03-24T23:26:28" name="AllTests">
  <testsuite name="LoadPlanningModelsPr2" tests="12" failures="0" disabled="0" errors="0" time="3.754" timestamp="2025-03-24T23:26:28">
    <testcase name="JointConstraintsSamplerSimple" status="run" result="completed" time="0.329" timestamp="2025-03-24T23:26:28" classname="moveit_core.LoadPlanningModelsPr2" />
    <testcase name="IKConstraintsSamplerSimple" status="run" result="completed" time="0.3" timestamp="2025-03-24T23:26:28" classname="moveit_core.LoadPlanningModelsPr2" />
    <testcase name="OrientationConstraintsSampler" status="run" result="completed" time="0.339" timestamp="2025-03-24T23:26:28" classname="moveit_core.LoadPlanningModelsPr2" />
    <testcase name="IKConstraintsSamplerValid" status="run" result="completed" time="0.336" timestamp="2025-03-24T23:26:29" classname="moveit_core.LoadPlanningModelsPr2" />
    <testcase name="UnionConstraintSampler" status="run" result="completed" time="0.308" timestamp="2025-03-24T23:26:29" classname="moveit_core.LoadPlanningModelsPr2" />
    <testcase name="PoseConstraintSamplerManager" status="run" result="completed" time="0.317" timestamp="2025-03-24T23:26:29" classname="moveit_core.LoadPlanningModelsPr2" />
    <testcase name="JointVersusPoseConstraintSamplerManager" status="run" result="completed" time="0.297" timestamp="2025-03-24T23:26:30" classname="moveit_core.LoadPlanningModelsPr2" />
    <testcase name="MixedJointAndIkSamplerManager" status="run" result="completed" time="0.297" timestamp="2025-03-24T23:26:30" classname="moveit_core.LoadPlanningModelsPr2" />
    <testcase name="SubgroupJointConstraintsSamplerManager" status="run" result="completed" time="0.297" timestamp="2025-03-24T23:26:30" classname="moveit_core.LoadPlanningModelsPr2" />
    <testcase name="SubgroupPoseConstraintsSampler" status="run" result="completed" time="0.338" timestamp="2025-03-24T23:26:30" classname="moveit_core.LoadPlanningModelsPr2" />
    <testcase name="JointConstraintsSamplerSeeded" status="run" result="completed" time="0.297" timestamp="2025-03-24T23:26:31" classname="moveit_core.LoadPlanningModelsPr2" />
    <testcase name="IKConstraintsSamplerSeeded" status="run" result="completed" time="0.298" timestamp="2025-03-24T23:26:31" classname="moveit_core.LoadPlanningModelsPr2" />
  </testsuite>
</testsuites>
