Start testing: Mar 24 23:26 EDT
----------------------------------------------------------
1/3 Testing: copyright
1/3 Test: copyright
Command: "/usr/bin/python3" "-u" "/opt/ros/humble/share/ament_cmake_test/cmake/run_test.py" "/home/ugv-c7/CodeWorkspace/UGV-Robot/ros2_humble_colcon_ws/build/moveit_common/test_results/moveit_common/copyright.xunit.xml" "--package-name" "moveit_common" "--output-file" "/home/ugv-c7/CodeWorkspace/UGV-Robot/ros2_humble_colcon_ws/build/moveit_common/ament_copyright/copyright.txt" "--command" "/opt/ros/humble/bin/ament_copyright" "--xunit-file" "/home/ugv-c7/CodeWorkspace/UGV-Robot/ros2_humble_colcon_ws/build/moveit_common/test_results/moveit_common/copyright.xunit.xml"
Directory: /home/ugv-c7/CodeWorkspace/UGV-Robot/ros2_humble_colcon_ws/src/moveit2/moveit_common
"copyright" start time: Mar 24 23:26 EDT
Output:
----------------------------------------------------------
-- run_test.py: invoking following command in '/home/ugv-c7/CodeWorkspace/UGV-Robot/ros2_humble_colcon_ws/src/moveit2/moveit_common':
 - /opt/ros/humble/bin/ament_copyright --xunit-file /home/ugv-c7/CodeWorkspace/UGV-Robot/ros2_humble_colcon_ws/build/moveit_common/test_results/moveit_common/copyright.xunit.xml
No problems found, checked 2 files
-- run_test.py: return code 0
-- run_test.py: verify result file '/home/ugv-c7/CodeWorkspace/UGV-Robot/ros2_humble_colcon_ws/build/moveit_common/test_results/moveit_common/copyright.xunit.xml'
<end of output>
Test time =   0.72 sec
----------------------------------------------------------
Test Passed.
"copyright" end time: Mar 24 23:26 EDT
"copyright" time elapsed: 00:00:00
----------------------------------------------------------

2/3 Testing: lint_cmake
2/3 Test: lint_cmake
Command: "/usr/bin/python3" "-u" "/opt/ros/humble/share/ament_cmake_test/cmake/run_test.py" "/home/ugv-c7/CodeWorkspace/UGV-Robot/ros2_humble_colcon_ws/build/moveit_common/test_results/moveit_common/lint_cmake.xunit.xml" "--package-name" "moveit_common" "--output-file" "/home/ugv-c7/CodeWorkspace/UGV-Robot/ros2_humble_colcon_ws/build/moveit_common/ament_lint_cmake/lint_cmake.txt" "--command" "/opt/ros/humble/bin/ament_lint_cmake" "--xunit-file" "/home/ugv-c7/CodeWorkspace/UGV-Robot/ros2_humble_colcon_ws/build/moveit_common/test_results/moveit_common/lint_cmake.xunit.xml"
Directory: /home/ugv-c7/CodeWorkspace/UGV-Robot/ros2_humble_colcon_ws/src/moveit2/moveit_common
"lint_cmake" start time: Mar 24 23:26 EDT
Output:
----------------------------------------------------------
-- run_test.py: invoking following command in '/home/ugv-c7/CodeWorkspace/UGV-Robot/ros2_humble_colcon_ws/src/moveit2/moveit_common':
 - /opt/ros/humble/bin/ament_lint_cmake --xunit-file /home/ugv-c7/CodeWorkspace/UGV-Robot/ros2_humble_colcon_ws/build/moveit_common/test_results/moveit_common/lint_cmake.xunit.xml

No problems found
-- run_test.py: return code 0
-- run_test.py: verify result file '/home/ugv-c7/CodeWorkspace/UGV-Robot/ros2_humble_colcon_ws/build/moveit_common/test_results/moveit_common/lint_cmake.xunit.xml'
<end of output>
Test time =   0.45 sec
----------------------------------------------------------
Test Passed.
"lint_cmake" end time: Mar 24 23:26 EDT
"lint_cmake" time elapsed: 00:00:00
----------------------------------------------------------

3/3 Testing: xmllint
3/3 Test: xmllint
Command: "/usr/bin/python3" "-u" "/opt/ros/humble/share/ament_cmake_test/cmake/run_test.py" "/home/ugv-c7/CodeWorkspace/UGV-Robot/ros2_humble_colcon_ws/build/moveit_common/test_results/moveit_common/xmllint.xunit.xml" "--package-name" "moveit_common" "--output-file" "/home/ugv-c7/CodeWorkspace/UGV-Robot/ros2_humble_colcon_ws/build/moveit_common/ament_xmllint/xmllint.txt" "--command" "/opt/ros/humble/bin/ament_xmllint" "--xunit-file" "/home/ugv-c7/CodeWorkspace/UGV-Robot/ros2_humble_colcon_ws/build/moveit_common/test_results/moveit_common/xmllint.xunit.xml"
Directory: /home/ugv-c7/CodeWorkspace/UGV-Robot/ros2_humble_colcon_ws/src/moveit2/moveit_common
"xmllint" start time: Mar 24 23:26 EDT
Output:
----------------------------------------------------------
-- run_test.py: invoking following command in '/home/ugv-c7/CodeWorkspace/UGV-Robot/ros2_humble_colcon_ws/src/moveit2/moveit_common':
 - /opt/ros/humble/bin/ament_xmllint --xunit-file /home/ugv-c7/CodeWorkspace/UGV-Robot/ros2_humble_colcon_ws/build/moveit_common/test_results/moveit_common/xmllint.xunit.xml
File 'package.xml' is valid

No problems found
-- run_test.py: return code 0
-- run_test.py: verify result file '/home/ugv-c7/CodeWorkspace/UGV-Robot/ros2_humble_colcon_ws/build/moveit_common/test_results/moveit_common/xmllint.xunit.xml'
<end of output>
Test time =   0.74 sec
----------------------------------------------------------
Test Passed.
"xmllint" end time: Mar 24 23:26 EDT
"xmllint" time elapsed: 00:00:00
----------------------------------------------------------

End testing: Mar 24 23:26 EDT

copyright =   0.72 sec*proc

lint_cmake =   0.45 sec*proc

linter =   1.91 sec*proc

xmllint =   0.74 sec*proc

